
--- Random Run 44/70 ---
Obstacle cells: 37 / 400
Agent Setup:
  Agent 0: (8, 0) -> (11, 10) (red)
  Agent 1: (0, 16) -> (19, 8) (blue)
  Agent 2: (8, 2) -> (18, 0) (green)
  Agent 3: (18, 7) -> (16, 1) (orange)
Starting PBS for 4 agents...

--- Paths by Timestep ---
t=0:
    Agent 0: (8,0) -> (9,0) [DOWN]
    Agent 1: (0,16) -> (0,15) [LEFT]
    Agent 2: (8,2) -> (9,2) [DOWN]
    Agent 3: (18,7) -> (18,6) [LEFT]
t=1:
    Agent 0: (9,0) -> (9,1) [RIGHT]
    Agent 1: (0,15) -> (0,14) [LEFT]
    Agent 2: (9,2) -> (9,1) [LEFT]
    Agent 3: (18,6) -> (18,5) [LEFT]
t=2:
    Agent 0: (9,1) -> (9,2) [RIGHT]
    Agent 1: (0,14) -> (0,13) [LEFT]
    Agent 2: (9,1) -> (10,1) [DOWN]
    Agent 3: (18,5) -> (18,4) [LEFT]
t=3:
    Agent 0: (9,2) -> (9,3) [RIGHT]
    Agent 1: (0,13) -> (0,12) [LEFT]
    Agent 2: (10,1) -> (11,1) [DOWN]
    Agent 3: (18,4) -> (18,3) [LEFT]
t=4:
    Agent 0: (9,3) -> (9,4) [RIGHT]
    Agent 1: (0,12) -> (0,11) [LEFT]
    Agent 2: (11,1) -> (12,1) [DOWN]
    Agent 3: (18,3) -> (18,2) [LEFT]
t=5:
    Agent 0: (9,4) -> (9,5) [RIGHT]
    Agent 1: (0,11) -> (1,11) [DOWN]
    Agent 2: (12,1) -> (13,1) [DOWN]
    Agent 3: (18,2) -> (18,1) [LEFT]
t=6:
    Agent 0: (9,5) -> (10,5) [DOWN]
    Agent 1: (1,11) -> (2,11) [DOWN]
    Agent 2: (13,1) -> (14,1) [DOWN]
    Agent 3: (18,1) -> (17,1) [UP]
t=7:
    Agent 0: (10,5) -> (10,6) [RIGHT]
    Agent 1: (2,11) -> (3,11) [DOWN]
    Agent 2: (14,1) -> (15,1) [DOWN]
    Agent 3: (17,1) -> (16,1) [UP]
t=8:
    Agent 0: (10,6) -> (10,7) [RIGHT]
    Agent 1: (3,11) -> (4,11) [DOWN]
    Agent 2: (15,1) -> (16,1) [DOWN]
    Agent 3: (16,1) -> (16,1) [WAIT]
t=9:
    Agent 0: (10,7) -> (10,8) [RIGHT]
    Agent 1: (4,11) -> (5,11) [DOWN]
    Agent 2: (16,1) -> (17,1) [DOWN]
    Agent 3: (16,1) -> (16,1) [WAIT]
t=10:
    Agent 0: (10,8) -> (10,9) [RIGHT]
    Agent 1: (5,11) -> (6,11) [DOWN]
    Agent 2: (17,1) -> (18,1) [DOWN]
    Agent 3: (16,1) -> (16,1) [WAIT]
t=11:
    Agent 0: (10,9) -> (10,10) [RIGHT]
    Agent 1: (6,11) -> (7,11) [DOWN]
    Agent 2: (18,1) -> (18,0) [LEFT]
    Agent 3: (16,1) -> (16,1) [WAIT]
t=12:
    Agent 0: (10,10) -> (11,10) [DOWN]
    Agent 1: (7,11) -> (8,11) [DOWN]
    Agent 2: (18,0) -> (18,0) [WAIT]
    Agent 3: (16,1) -> (16,1) [WAIT]
t=13:
    Agent 0: (11,10) -> (11,10) [WAIT]
    Agent 1: (8,11) -> (9,11) [DOWN]
    Agent 2: (18,0) -> (18,0) [WAIT]
    Agent 3: (16,1) -> (16,1) [WAIT]
t=14:
    Agent 0: (11,10) -> (11,10) [WAIT]
    Agent 1: (9,11) -> (9,10) [LEFT]
    Agent 2: (18,0) -> (18,0) [WAIT]
    Agent 3: (16,1) -> (16,1) [WAIT]
t=15:
    Agent 0: (11,10) -> (11,10) [WAIT]
    Agent 1: (9,10) -> (10,10) [DOWN]
    Agent 2: (18,0) -> (18,0) [WAIT]
    Agent 3: (16,1) -> (16,1) [WAIT]
t=16:
    Agent 0: (11,10) -> (11,10) [WAIT]
    Agent 1: (10,10) -> (11,10) [DOWN]
    Agent 2: (18,0) -> (18,0) [WAIT]
    Agent 3: (16,1) -> (16,1) [WAIT]
t=17:
    Agent 0: (11,10) -> (11,10) [WAIT]
    Agent 1: (11,10) -> (12,10) [DOWN]
    Agent 2: (18,0) -> (18,0) [WAIT]
    Agent 3: (16,1) -> (16,1) [WAIT]
t=18:
    Agent 0: (11,10) -> (11,10) [WAIT]
    Agent 1: (12,10) -> (13,10) [DOWN]
    Agent 2: (18,0) -> (18,0) [WAIT]
    Agent 3: (16,1) -> (16,1) [WAIT]
t=19:
    Agent 0: (11,10) -> (11,10) [WAIT]
    Agent 1: (13,10) -> (14,10) [DOWN]
    Agent 2: (18,0) -> (18,0) [WAIT]
    Agent 3: (16,1) -> (16,1) [WAIT]
-------------------------

  -> Vertex collision detected: Agent 2 and 0 at (9, 1) at t=2
  -> Vertex collision detected: Agent 2 and 0 at (9, 1) at t=2
Node 0: Collision 2-0 at (9, 1) t=2
  [PBS] Agent 0 t=1: forced WAIT at (9,0) due to VERTEX constraint (wanted (9,1))

--- Paths by Timestep ---
t=0:
    Agent 0: (8,0) -> (9,0) [DOWN]
    Agent 1: (0,16) -> (0,15) [LEFT]
    Agent 2: (8,2) -> (9,2) [DOWN]
    Agent 3: (18,7) -> (18,6) [LEFT]
t=1:
    Agent 0: (9,0) -> (9,0) [WAIT]
    Agent 1: (0,15) -> (0,14) [LEFT]
    Agent 2: (9,2) -> (9,1) [LEFT]
    Agent 3: (18,6) -> (18,5) [LEFT]
t=2:
    Agent 0: (9,0) -> (9,1) [RIGHT]
    Agent 1: (0,14) -> (0,13) [LEFT]
    Agent 2: (9,1) -> (10,1) [DOWN]
    Agent 3: (18,5) -> (18,4) [LEFT]
t=3:
    Agent 0: (9,1) -> (9,2) [RIGHT]
    Agent 1: (0,13) -> (0,12) [LEFT]
    Agent 2: (10,1) -> (11,1) [DOWN]
    Agent 3: (18,4) -> (18,3) [LEFT]
t=4:
    Agent 0: (9,2) -> (9,3) [RIGHT]
    Agent 1: (0,12) -> (0,11) [LEFT]
    Agent 2: (11,1) -> (12,1) [DOWN]
    Agent 3: (18,3) -> (18,2) [LEFT]
t=5:
    Agent 0: (9,3) -> (10,3) [DOWN]
    Agent 1: (0,11) -> (1,11) [DOWN]
    Agent 2: (12,1) -> (13,1) [DOWN]
    Agent 3: (18,2) -> (18,1) [LEFT]
t=6:
    Agent 0: (10,3) -> (10,4) [RIGHT]
    Agent 1: (1,11) -> (2,11) [DOWN]
    Agent 2: (13,1) -> (14,1) [DOWN]
    Agent 3: (18,1) -> (17,1) [UP]
t=7:
    Agent 0: (10,4) -> (10,5) [RIGHT]
    Agent 1: (2,11) -> (3,11) [DOWN]
    Agent 2: (14,1) -> (15,1) [DOWN]
    Agent 3: (17,1) -> (16,1) [UP]
t=8:
    Agent 0: (10,5) -> (10,6) [RIGHT]
    Agent 1: (3,11) -> (4,11) [DOWN]
    Agent 2: (15,1) -> (16,1) [DOWN]
    Agent 3: (16,1) -> (16,1) [WAIT]
t=9:
    Agent 0: (10,6) -> (10,7) [RIGHT]
    Agent 1: (4,11) -> (5,11) [DOWN]
    Agent 2: (16,1) -> (17,1) [DOWN]
    Agent 3: (16,1) -> (16,1) [WAIT]
t=10:
    Agent 0: (10,7) -> (10,8) [RIGHT]
    Agent 1: (5,11) -> (6,11) [DOWN]
    Agent 2: (17,1) -> (18,1) [DOWN]
    Agent 3: (16,1) -> (16,1) [WAIT]
t=11:
    Agent 0: (10,8) -> (10,9) [RIGHT]
    Agent 1: (6,11) -> (7,11) [DOWN]
    Agent 2: (18,1) -> (18,0) [LEFT]
    Agent 3: (16,1) -> (16,1) [WAIT]
t=12:
    Agent 0: (10,9) -> (10,10) [RIGHT]
    Agent 1: (7,11) -> (8,11) [DOWN]
    Agent 2: (18,0) -> (18,0) [WAIT]
    Agent 3: (16,1) -> (16,1) [WAIT]
t=13:
    Agent 0: (10,10) -> (11,10) [DOWN]
    Agent 1: (8,11) -> (9,11) [DOWN]
    Agent 2: (18,0) -> (18,0) [WAIT]
    Agent 3: (16,1) -> (16,1) [WAIT]
t=14:
    Agent 0: (11,10) -> (11,10) [WAIT]
    Agent 1: (9,11) -> (9,10) [LEFT]
    Agent 2: (18,0) -> (18,0) [WAIT]
    Agent 3: (16,1) -> (16,1) [WAIT]
t=15:
    Agent 0: (11,10) -> (11,10) [WAIT]
    Agent 1: (9,10) -> (10,10) [DOWN]
    Agent 2: (18,0) -> (18,0) [WAIT]
    Agent 3: (16,1) -> (16,1) [WAIT]
t=16:
    Agent 0: (11,10) -> (11,10) [WAIT]
    Agent 1: (10,10) -> (11,10) [DOWN]
    Agent 2: (18,0) -> (18,0) [WAIT]
    Agent 3: (16,1) -> (16,1) [WAIT]
t=17:
    Agent 0: (11,10) -> (11,10) [WAIT]
    Agent 1: (11,10) -> (12,10) [DOWN]
    Agent 2: (18,0) -> (18,0) [WAIT]
    Agent 3: (16,1) -> (16,1) [WAIT]
t=18:
    Agent 0: (11,10) -> (11,10) [WAIT]
    Agent 1: (12,10) -> (13,10) [DOWN]
    Agent 2: (18,0) -> (18,0) [WAIT]
    Agent 3: (16,1) -> (16,1) [WAIT]
t=19:
    Agent 0: (11,10) -> (11,10) [WAIT]
    Agent 1: (13,10) -> (14,10) [DOWN]
    Agent 2: (18,0) -> (18,0) [WAIT]
    Agent 3: (16,1) -> (16,1) [WAIT]
-------------------------

  [PBS] Agent 2 t=1: forced WAIT at (9,2) due to VERTEX constraint (wanted (9,1))
  [PBS] Agent 2 t=2: rerouted to (8,2) [UP] (wanted (9,1))
  [PBS] Agent 2 t=11: forced WAIT at (15,1) due to VERTEX constraint (wanted (16,1))
  [PBS] Agent 2 t=12: forced WAIT at (15,1) due to VERTEX constraint (wanted (16,1))
  [PBS] Agent 2 t=13: forced WAIT at (15,1) due to VERTEX constraint (wanted (16,1))
  [PBS] Agent 2 t=14: forced WAIT at (15,1) due to VERTEX constraint (wanted (16,1))
  [PBS] Agent 2 t=15: forced WAIT at (15,1) due to VERTEX constraint (wanted (16,1))
  [PBS] Agent 2 t=16: forced WAIT at (15,1) due to VERTEX constraint (wanted (16,1))
  [PBS] Agent 2 t=17: forced WAIT at (15,1) due to VERTEX constraint (wanted (16,1))
  [PBS] Agent 2 t=18: forced WAIT at (15,1) due to VERTEX constraint (wanted (16,1))
  [PBS] Agent 2 t=19: forced WAIT at (15,1) due to VERTEX constraint (wanted (16,1))
  [PBS] Agent 2 t=20: forced WAIT at (15,1) due to VERTEX constraint (wanted (16,1))
  [PBS] Agent 2 t=21: forced WAIT at (15,1) due to VERTEX constraint (wanted (16,1))
  [PBS] Agent 2 t=22: forced WAIT at (15,1) due to VERTEX constraint (wanted (16,1))
  [PBS] Agent 2 t=23: forced WAIT at (15,1) due to VERTEX constraint (wanted (16,1))
  [PBS] Agent 2 t=24: forced WAIT at (15,1) due to VERTEX constraint (wanted (16,1))
  [PBS] Agent 2 t=25: forced WAIT at (15,1) due to VERTEX constraint (wanted (16,1))
  [PBS] Agent 2 t=26: forced WAIT at (15,1) due to VERTEX constraint (wanted (16,1))
  [PBS] Agent 2 t=27: forced WAIT at (15,1) due to VERTEX constraint (wanted (16,1))
  [PBS] Agent 2 t=28: forced WAIT at (15,1) due to VERTEX constraint (wanted (16,1))
  [PBS] Agent 2 t=29: forced WAIT at (15,1) due to VERTEX constraint (wanted (16,1))
  [PBS] Agent 2 t=30: forced WAIT at (15,1) due to VERTEX constraint (wanted (16,1))
  [PBS] Agent 2 t=31: forced WAIT at (15,1) due to VERTEX constraint (wanted (16,1))
  [PBS] Agent 2 t=32: forced WAIT at (15,1) due to VERTEX constraint (wanted (16,1))
  [PBS] Agent 2 t=33: forced WAIT at (15,1) due to VERTEX constraint (wanted (16,1))
  [PBS] Agent 2 t=34: forced WAIT at (15,1) due to VERTEX constraint (wanted (16,1))
  [PBS] Agent 2 t=35: forced WAIT at (15,1) due to VERTEX constraint (wanted (16,1))
  [PBS] Agent 2 t=36: forced WAIT at (15,1) due to VERTEX constraint (wanted (16,1))
  [PBS] Agent 2 t=37: forced WAIT at (15,1) due to VERTEX constraint (wanted (16,1))
  [PBS] Agent 2 t=38: forced WAIT at (15,1) due to VERTEX constraint (wanted (16,1))
  [PBS] Agent 2 t=39: forced WAIT at (15,1) due to VERTEX constraint (wanted (16,1))
  [PBS] Agent 2 t=40: forced WAIT at (15,1) due to VERTEX constraint (wanted (16,1))
  [PBS] Agent 2 t=41: forced WAIT at (15,1) due to VERTEX constraint (wanted (16,1))
  [PBS] Agent 2 t=42: forced WAIT at (15,1) due to VERTEX constraint (wanted (16,1))
  [PBS] Agent 2 t=43: forced WAIT at (15,1) due to VERTEX constraint (wanted (16,1))
  [PBS] Agent 2 t=44: forced WAIT at (15,1) due to VERTEX constraint (wanted (16,1))
  [PBS] Agent 2 t=45: forced WAIT at (15,1) due to VERTEX constraint (wanted (16,1))
  [PBS] Agent 2 t=46: forced WAIT at (15,1) due to VERTEX constraint (wanted (16,1))
  [PBS] Agent 2 t=47: forced WAIT at (15,1) due to VERTEX constraint (wanted (16,1))
  [PBS] Agent 2 t=48: forced WAIT at (15,1) due to VERTEX constraint (wanted (16,1))
  [PBS] Agent 2 t=49: forced WAIT at (15,1) due to VERTEX constraint (wanted (16,1))
  [PBS] Agent 2 t=50: forced WAIT at (15,1) due to VERTEX constraint (wanted (16,1))
  [PBS] Agent 2 t=51: forced WAIT at (15,1) due to VERTEX constraint (wanted (16,1))
  [PBS] Agent 2 t=52: forced WAIT at (15,1) due to VERTEX constraint (wanted (16,1))
  [PBS] Agent 2 t=53: forced WAIT at (15,1) due to VERTEX constraint (wanted (16,1))
  [PBS] Agent 2 t=54: forced WAIT at (15,1) due to VERTEX constraint (wanted (16,1))
  [PBS] Agent 2 t=55: forced WAIT at (15,1) due to VERTEX constraint (wanted (16,1))
  [PBS] Agent 2 t=56: forced WAIT at (15,1) due to VERTEX constraint (wanted (16,1))
  [PBS] Agent 2 t=57: forced WAIT at (15,1) due to VERTEX constraint (wanted (16,1))
  [PBS] Agent 2 t=58: forced WAIT at (15,1) due to VERTEX constraint (wanted (16,1))
  [PBS] Agent 2 t=59: forced WAIT at (15,1) due to VERTEX constraint (wanted (16,1))
  [PBS] Agent 2 t=60: forced WAIT at (15,1) due to VERTEX constraint (wanted (16,1))
  [PBS] Agent 2 t=61: forced WAIT at (15,1) due to VERTEX constraint (wanted (16,1))
  [PBS] Agent 2 t=62: forced WAIT at (15,1) due to VERTEX constraint (wanted (16,1))
  [PBS] Agent 2 t=63: forced WAIT at (15,1) due to VERTEX constraint (wanted (16,1))
  [PBS] Agent 2 t=64: forced WAIT at (15,1) due to VERTEX constraint (wanted (16,1))
  [PBS] Agent 2 t=65: forced WAIT at (15,1) due to VERTEX constraint (wanted (16,1))
  [PBS] Agent 2 t=66: forced WAIT at (15,1) due to VERTEX constraint (wanted (16,1))
  [PBS] Agent 2 t=67: forced WAIT at (15,1) due to VERTEX constraint (wanted (16,1))
  [PBS] Agent 2 t=68: forced WAIT at (15,1) due to VERTEX constraint (wanted (16,1))
  [PBS] Agent 2 t=69: forced WAIT at (15,1) due to VERTEX constraint (wanted (16,1))
  [PBS] Agent 2 t=70: forced WAIT at (15,1) due to VERTEX constraint (wanted (16,1))
  [PBS] Agent 2 t=71: forced WAIT at (15,1) due to VERTEX constraint (wanted (16,1))
  [PBS] Agent 2 t=72: forced WAIT at (15,1) due to VERTEX constraint (wanted (16,1))
  [PBS] Agent 2 t=73: forced WAIT at (15,1) due to VERTEX constraint (wanted (16,1))
  [PBS] Agent 2 t=74: forced WAIT at (15,1) due to VERTEX constraint (wanted (16,1))
  [PBS] Agent 2 t=75: forced WAIT at (15,1) due to VERTEX constraint (wanted (16,1))
  [PBS] Agent 2 t=76: forced WAIT at (15,1) due to VERTEX constraint (wanted (16,1))
  [PBS] Agent 2 t=77: forced WAIT at (15,1) due to VERTEX constraint (wanted (16,1))
  [PBS] Agent 2 t=78: forced WAIT at (15,1) due to VERTEX constraint (wanted (16,1))
  [PBS] Agent 2 t=79: forced WAIT at (15,1) due to VERTEX constraint (wanted (16,1))
  [PBS] Agent 2 t=80: forced WAIT at (15,1) due to VERTEX constraint (wanted (16,1))
  [PBS] Agent 2 t=81: forced WAIT at (15,1) due to VERTEX constraint (wanted (16,1))
  [PBS] Agent 2 t=82: forced WAIT at (15,1) due to VERTEX constraint (wanted (16,1))
  [PBS] Agent 2 t=83: forced WAIT at (15,1) due to VERTEX constraint (wanted (16,1))
  [PBS] Agent 2 t=84: forced WAIT at (15,1) due to VERTEX constraint (wanted (16,1))
  [PBS] Agent 2 t=85: forced WAIT at (15,1) due to VERTEX constraint (wanted (16,1))
  [PBS] Agent 2 t=86: forced WAIT at (15,1) due to VERTEX constraint (wanted (16,1))
  [PBS] Agent 2 t=87: forced WAIT at (15,1) due to VERTEX constraint (wanted (16,1))
  [PBS] Agent 2 t=88: forced WAIT at (15,1) due to VERTEX constraint (wanted (16,1))
  [PBS] Agent 2 t=89: forced WAIT at (15,1) due to VERTEX constraint (wanted (16,1))
  [PBS] Agent 2 t=90: forced WAIT at (15,1) due to VERTEX constraint (wanted (16,1))
  [PBS] Agent 2 t=91: forced WAIT at (15,1) due to VERTEX constraint (wanted (16,1))
  [PBS] Agent 2 t=92: forced WAIT at (15,1) due to VERTEX constraint (wanted (16,1))
  [PBS] Agent 2 t=93: forced WAIT at (15,1) due to VERTEX constraint (wanted (16,1))
  [PBS] Agent 2 t=94: forced WAIT at (15,1) due to VERTEX constraint (wanted (16,1))
  [PBS] Agent 2 t=95: forced WAIT at (15,1) due to VERTEX constraint (wanted (16,1))
  [PBS] Agent 2 t=96: forced WAIT at (15,1) due to VERTEX constraint (wanted (16,1))
  [PBS] Agent 2 t=97: forced WAIT at (15,1) due to VERTEX constraint (wanted (16,1))
  [PBS] Agent 2 t=98: forced WAIT at (15,1) due to VERTEX constraint (wanted (16,1))
  [PBS] Agent 2 t=99: forced WAIT at (15,1) due to VERTEX constraint (wanted (16,1))

--- Paths by Timestep ---
t=0:
    Agent 0: (8,0) -> (9,0) [DOWN]
    Agent 1: (0,16) -> (0,15) [LEFT]
    Agent 2: (8,2) -> (9,2) [DOWN]
    Agent 3: (18,7) -> (18,6) [LEFT]
t=1:
    Agent 0: (9,0) -> (9,1) [RIGHT]
    Agent 1: (0,15) -> (0,14) [LEFT]
    Agent 2: (9,2) -> (9,2) [WAIT]
    Agent 3: (18,6) -> (18,5) [LEFT]
t=2:
    Agent 0: (9,1) -> (9,2) [RIGHT]
    Agent 1: (0,14) -> (0,13) [LEFT]
    Agent 2: (9,2) -> (8,2) [UP]
    Agent 3: (18,5) -> (18,4) [LEFT]
t=3:
    Agent 0: (9,2) -> (9,3) [RIGHT]
    Agent 1: (0,13) -> (0,12) [LEFT]
    Agent 2: (8,2) -> (9,2) [DOWN]
    Agent 3: (18,4) -> (18,3) [LEFT]
t=4:
    Agent 0: (9,3) -> (9,4) [RIGHT]
    Agent 1: (0,12) -> (0,11) [LEFT]
    Agent 2: (9,2) -> (9,1) [LEFT]
    Agent 3: (18,3) -> (18,2) [LEFT]
t=5:
    Agent 0: (9,4) -> (9,5) [RIGHT]
    Agent 1: (0,11) -> (1,11) [DOWN]
    Agent 2: (9,1) -> (10,1) [DOWN]
    Agent 3: (18,2) -> (18,1) [LEFT]
t=6:
    Agent 0: (9,5) -> (10,5) [DOWN]
    Agent 1: (1,11) -> (2,11) [DOWN]
    Agent 2: (10,1) -> (11,1) [DOWN]
    Agent 3: (18,1) -> (17,1) [UP]
t=7:
    Agent 0: (10,5) -> (10,6) [RIGHT]
    Agent 1: (2,11) -> (3,11) [DOWN]
    Agent 2: (11,1) -> (12,1) [DOWN]
    Agent 3: (17,1) -> (16,1) [UP]
t=8:
    Agent 0: (10,6) -> (10,7) [RIGHT]
    Agent 1: (3,11) -> (4,11) [DOWN]
    Agent 2: (12,1) -> (13,1) [DOWN]
    Agent 3: (16,1) -> (16,1) [WAIT]
t=9:
    Agent 0: (10,7) -> (10,8) [RIGHT]
    Agent 1: (4,11) -> (5,11) [DOWN]
    Agent 2: (13,1) -> (14,1) [DOWN]
    Agent 3: (16,1) -> (16,1) [WAIT]
t=10:
    Agent 0: (10,8) -> (10,9) [RIGHT]
    Agent 1: (5,11) -> (6,11) [DOWN]
    Agent 2: (14,1) -> (15,1) [DOWN]
    Agent 3: (16,1) -> (16,1) [WAIT]
t=11:
    Agent 0: (10,9) -> (10,10) [RIGHT]
    Agent 1: (6,11) -> (7,11) [DOWN]
    Agent 2: (15,1) -> (15,1) [WAIT]
    Agent 3: (16,1) -> (16,1) [WAIT]
t=12:
    Agent 0: (10,10) -> (11,10) [DOWN]
    Agent 1: (7,11) -> (8,11) [DOWN]
    Agent 2: (15,1) -> (15,1) [WAIT]
    Agent 3: (16,1) -> (16,1) [WAIT]
t=13:
    Agent 0: (11,10) -> (11,10) [WAIT]
    Agent 1: (8,11) -> (9,11) [DOWN]
    Agent 2: (15,1) -> (15,1) [WAIT]
    Agent 3: (16,1) -> (16,1) [WAIT]
t=14:
    Agent 0: (11,10) -> (11,10) [WAIT]
    Agent 1: (9,11) -> (9,10) [LEFT]
    Agent 2: (15,1) -> (15,1) [WAIT]
    Agent 3: (16,1) -> (16,1) [WAIT]
t=15:
    Agent 0: (11,10) -> (11,10) [WAIT]
    Agent 1: (9,10) -> (10,10) [DOWN]
    Agent 2: (15,1) -> (15,1) [WAIT]
    Agent 3: (16,1) -> (16,1) [WAIT]
t=16:
    Agent 0: (11,10) -> (11,10) [WAIT]
    Agent 1: (10,10) -> (11,10) [DOWN]
    Agent 2: (15,1) -> (15,1) [WAIT]
    Agent 3: (16,1) -> (16,1) [WAIT]
t=17:
    Agent 0: (11,10) -> (11,10) [WAIT]
    Agent 1: (11,10) -> (12,10) [DOWN]
    Agent 2: (15,1) -> (15,1) [WAIT]
    Agent 3: (16,1) -> (16,1) [WAIT]
t=18:
    Agent 0: (11,10) -> (11,10) [WAIT]
    Agent 1: (12,10) -> (13,10) [DOWN]
    Agent 2: (15,1) -> (15,1) [WAIT]
    Agent 3: (16,1) -> (16,1) [WAIT]
t=19:
    Agent 0: (11,10) -> (11,10) [WAIT]
    Agent 1: (13,10) -> (14,10) [DOWN]
    Agent 2: (15,1) -> (15,1) [WAIT]
    Agent 3: (16,1) -> (16,1) [WAIT]
-------------------------

  -> Vertex collision detected: Agent 1 and 0 at (11, 10) at t=17
Node 2: Collision 1-0 at (11, 10) t=17

--- Paths by Timestep ---
t=0:
    Agent 0: (8,0) -> (9,0) [DOWN]
    Agent 1: (0,16) -> (0,15) [LEFT]
    Agent 2: (8,2) -> (9,2) [DOWN]
    Agent 3: (18,7) -> (18,6) [LEFT]
t=1:
    Agent 0: (9,0) -> (9,1) [RIGHT]
    Agent 1: (0,15) -> (0,14) [LEFT]
    Agent 2: (9,2) -> (9,2) [WAIT]
    Agent 3: (18,6) -> (18,5) [LEFT]
t=2:
    Agent 0: (9,1) -> (9,2) [RIGHT]
    Agent 1: (0,14) -> (0,13) [LEFT]
    Agent 2: (9,2) -> (8,2) [UP]
    Agent 3: (18,5) -> (18,4) [LEFT]
t=3:
    Agent 0: (9,2) -> (9,3) [RIGHT]
    Agent 1: (0,13) -> (0,12) [LEFT]
    Agent 2: (8,2) -> (9,2) [DOWN]
    Agent 3: (18,4) -> (18,3) [LEFT]
t=4:
    Agent 0: (9,3) -> (9,4) [RIGHT]
    Agent 1: (0,12) -> (0,11) [LEFT]
    Agent 2: (9,2) -> (9,1) [LEFT]
    Agent 3: (18,3) -> (18,2) [LEFT]
t=5:
    Agent 0: (9,4) -> (9,5) [RIGHT]
    Agent 1: (0,11) -> (1,11) [DOWN]
    Agent 2: (9,1) -> (10,1) [DOWN]
    Agent 3: (18,2) -> (18,1) [LEFT]
t=6:
    Agent 0: (9,5) -> (10,5) [DOWN]
    Agent 1: (1,11) -> (2,11) [DOWN]
    Agent 2: (10,1) -> (11,1) [DOWN]
    Agent 3: (18,1) -> (17,1) [UP]
t=7:
    Agent 0: (10,5) -> (10,6) [RIGHT]
    Agent 1: (2,11) -> (3,11) [DOWN]
    Agent 2: (11,1) -> (12,1) [DOWN]
    Agent 3: (17,1) -> (16,1) [UP]
t=8:
    Agent 0: (10,6) -> (10,7) [RIGHT]
    Agent 1: (3,11) -> (4,11) [DOWN]
    Agent 2: (12,1) -> (13,1) [DOWN]
    Agent 3: (16,1) -> (16,1) [WAIT]
t=9:
    Agent 0: (10,7) -> (10,8) [RIGHT]
    Agent 1: (4,11) -> (5,11) [DOWN]
    Agent 2: (13,1) -> (14,1) [DOWN]
    Agent 3: (16,1) -> (16,1) [WAIT]
t=10:
    Agent 0: (10,8) -> (10,9) [RIGHT]
    Agent 1: (5,11) -> (6,11) [DOWN]
    Agent 2: (14,1) -> (15,1) [DOWN]
    Agent 3: (16,1) -> (16,1) [WAIT]
t=11:
    Agent 0: (10,9) -> (10,10) [RIGHT]
    Agent 1: (6,11) -> (7,11) [DOWN]
    Agent 2: (15,1) -> (15,1) [WAIT]
    Agent 3: (16,1) -> (16,1) [WAIT]
t=12:
    Agent 0: (10,10) -> (11,10) [DOWN]
    Agent 1: (7,11) -> (8,11) [DOWN]
    Agent 2: (15,1) -> (15,1) [WAIT]
    Agent 3: (16,1) -> (16,1) [WAIT]
t=13:
    Agent 0: (11,10) -> (11,10) [WAIT]
    Agent 1: (8,11) -> (9,11) [DOWN]
    Agent 2: (15,1) -> (15,1) [WAIT]
    Agent 3: (16,1) -> (16,1) [WAIT]
t=14:
    Agent 0: (11,10) -> (11,10) [WAIT]
    Agent 1: (9,11) -> (9,10) [LEFT]
    Agent 2: (15,1) -> (15,1) [WAIT]
    Agent 3: (16,1) -> (16,1) [WAIT]
t=15:
    Agent 0: (11,10) -> (11,10) [WAIT]
    Agent 1: (9,10) -> (10,10) [DOWN]
    Agent 2: (15,1) -> (15,1) [WAIT]
    Agent 3: (16,1) -> (16,1) [WAIT]
t=16:
    Agent 0: (11,10) -> (11,10) [WAIT]
    Agent 1: (10,10) -> (11,10) [DOWN]
    Agent 2: (15,1) -> (15,1) [WAIT]
    Agent 3: (16,1) -> (16,1) [WAIT]
t=17:
    Agent 0: (11,10) -> (11,10) [WAIT]
    Agent 1: (11,10) -> (12,10) [DOWN]
    Agent 2: (15,1) -> (15,1) [WAIT]
    Agent 3: (16,1) -> (16,1) [WAIT]
t=18:
    Agent 0: (11,10) -> (11,10) [WAIT]
    Agent 1: (12,10) -> (13,10) [DOWN]
    Agent 2: (15,1) -> (15,1) [WAIT]
    Agent 3: (16,1) -> (16,1) [WAIT]
t=19:
    Agent 0: (11,10) -> (11,10) [WAIT]
    Agent 1: (13,10) -> (14,10) [DOWN]
    Agent 2: (15,1) -> (15,1) [WAIT]
    Agent 3: (16,1) -> (16,1) [WAIT]
-------------------------

  [PBS] Agent 1 t=16: forced WAIT at (10,10) due to VERTEX constraint (wanted (11,10))
  [PBS] Agent 1 t=17: forced WAIT at (10,10) due to VERTEX constraint (wanted (11,10))
  [PBS] Agent 1 t=18: forced WAIT at (10,10) due to VERTEX constraint (wanted (11,10))
  [PBS] Agent 1 t=19: forced WAIT at (10,10) due to VERTEX constraint (wanted (11,10))
  [PBS] Agent 1 t=20: forced WAIT at (10,10) due to VERTEX constraint (wanted (11,10))
  [PBS] Agent 1 t=21: forced WAIT at (10,10) due to VERTEX constraint (wanted (11,10))
  [PBS] Agent 1 t=22: forced WAIT at (10,10) due to VERTEX constraint (wanted (11,10))
  [PBS] Agent 1 t=23: forced WAIT at (10,10) due to VERTEX constraint (wanted (11,10))
  [PBS] Agent 1 t=24: forced WAIT at (10,10) due to VERTEX constraint (wanted (11,10))
  [PBS] Agent 1 t=25: forced WAIT at (10,10) due to VERTEX constraint (wanted (11,10))
  [PBS] Agent 1 t=26: forced WAIT at (10,10) due to VERTEX constraint (wanted (11,10))
  [PBS] Agent 1 t=27: forced WAIT at (10,10) due to VERTEX constraint (wanted (11,10))
  [PBS] Agent 1 t=28: forced WAIT at (10,10) due to VERTEX constraint (wanted (11,10))
  [PBS] Agent 1 t=29: forced WAIT at (10,10) due to VERTEX constraint (wanted (11,10))
  [PBS] Agent 1 t=30: forced WAIT at (10,10) due to VERTEX constraint (wanted (11,10))
  [PBS] Agent 1 t=31: forced WAIT at (10,10) due to VERTEX constraint (wanted (11,10))
  [PBS] Agent 1 t=32: forced WAIT at (10,10) due to VERTEX constraint (wanted (11,10))
  [PBS] Agent 1 t=33: forced WAIT at (10,10) due to VERTEX constraint (wanted (11,10))
  [PBS] Agent 1 t=34: forced WAIT at (10,10) due to VERTEX constraint (wanted (11,10))
  [PBS] Agent 1 t=35: forced WAIT at (10,10) due to VERTEX constraint (wanted (11,10))
  [PBS] Agent 1 t=36: forced WAIT at (10,10) due to VERTEX constraint (wanted (11,10))
  [PBS] Agent 1 t=37: forced WAIT at (10,10) due to VERTEX constraint (wanted (11,10))
  [PBS] Agent 1 t=38: forced WAIT at (10,10) due to VERTEX constraint (wanted (11,10))
  [PBS] Agent 1 t=39: forced WAIT at (10,10) due to VERTEX constraint (wanted (11,10))
  [PBS] Agent 1 t=40: forced WAIT at (10,10) due to VERTEX constraint (wanted (11,10))
  [PBS] Agent 1 t=41: forced WAIT at (10,10) due to VERTEX constraint (wanted (11,10))
  [PBS] Agent 1 t=42: forced WAIT at (10,10) due to VERTEX constraint (wanted (11,10))
  [PBS] Agent 1 t=43: forced WAIT at (10,10) due to VERTEX constraint (wanted (11,10))
  [PBS] Agent 1 t=44: forced WAIT at (10,10) due to VERTEX constraint (wanted (11,10))
  [PBS] Agent 1 t=45: forced WAIT at (10,10) due to VERTEX constraint (wanted (11,10))
  [PBS] Agent 1 t=46: forced WAIT at (10,10) due to VERTEX constraint (wanted (11,10))
  [PBS] Agent 1 t=47: forced WAIT at (10,10) due to VERTEX constraint (wanted (11,10))
  [PBS] Agent 1 t=48: forced WAIT at (10,10) due to VERTEX constraint (wanted (11,10))
  [PBS] Agent 1 t=49: forced WAIT at (10,10) due to VERTEX constraint (wanted (11,10))
  [PBS] Agent 1 t=50: forced WAIT at (10,10) due to VERTEX constraint (wanted (11,10))
  [PBS] Agent 1 t=51: forced WAIT at (10,10) due to VERTEX constraint (wanted (11,10))
  [PBS] Agent 1 t=52: forced WAIT at (10,10) due to VERTEX constraint (wanted (11,10))
  [PBS] Agent 1 t=53: forced WAIT at (10,10) due to VERTEX constraint (wanted (11,10))
  [PBS] Agent 1 t=54: forced WAIT at (10,10) due to VERTEX constraint (wanted (11,10))
  [PBS] Agent 1 t=55: forced WAIT at (10,10) due to VERTEX constraint (wanted (11,10))
  [PBS] Agent 1 t=56: forced WAIT at (10,10) due to VERTEX constraint (wanted (11,10))
  [PBS] Agent 1 t=57: forced WAIT at (10,10) due to VERTEX constraint (wanted (11,10))
  [PBS] Agent 1 t=58: forced WAIT at (10,10) due to VERTEX constraint (wanted (11,10))
  [PBS] Agent 1 t=59: forced WAIT at (10,10) due to VERTEX constraint (wanted (11,10))
  [PBS] Agent 1 t=60: forced WAIT at (10,10) due to VERTEX constraint (wanted (11,10))
  [PBS] Agent 1 t=61: forced WAIT at (10,10) due to VERTEX constraint (wanted (11,10))
  [PBS] Agent 1 t=62: forced WAIT at (10,10) due to VERTEX constraint (wanted (11,10))
  [PBS] Agent 1 t=63: forced WAIT at (10,10) due to VERTEX constraint (wanted (11,10))
  [PBS] Agent 1 t=64: forced WAIT at (10,10) due to VERTEX constraint (wanted (11,10))
  [PBS] Agent 1 t=65: forced WAIT at (10,10) due to VERTEX constraint (wanted (11,10))
  [PBS] Agent 1 t=66: forced WAIT at (10,10) due to VERTEX constraint (wanted (11,10))
  [PBS] Agent 1 t=67: forced WAIT at (10,10) due to VERTEX constraint (wanted (11,10))
  [PBS] Agent 1 t=68: forced WAIT at (10,10) due to VERTEX constraint (wanted (11,10))
  [PBS] Agent 1 t=69: forced WAIT at (10,10) due to VERTEX constraint (wanted (11,10))
  [PBS] Agent 1 t=70: forced WAIT at (10,10) due to VERTEX constraint (wanted (11,10))
  [PBS] Agent 1 t=71: forced WAIT at (10,10) due to VERTEX constraint (wanted (11,10))
  [PBS] Agent 1 t=72: forced WAIT at (10,10) due to VERTEX constraint (wanted (11,10))
  [PBS] Agent 1 t=73: forced WAIT at (10,10) due to VERTEX constraint (wanted (11,10))
  [PBS] Agent 1 t=74: forced WAIT at (10,10) due to VERTEX constraint (wanted (11,10))
  [PBS] Agent 1 t=75: forced WAIT at (10,10) due to VERTEX constraint (wanted (11,10))
  [PBS] Agent 1 t=76: forced WAIT at (10,10) due to VERTEX constraint (wanted (11,10))
  [PBS] Agent 1 t=77: forced WAIT at (10,10) due to VERTEX constraint (wanted (11,10))
  [PBS] Agent 1 t=78: forced WAIT at (10,10) due to VERTEX constraint (wanted (11,10))
  [PBS] Agent 1 t=79: forced WAIT at (10,10) due to VERTEX constraint (wanted (11,10))
  [PBS] Agent 1 t=80: forced WAIT at (10,10) due to VERTEX constraint (wanted (11,10))
  [PBS] Agent 1 t=81: forced WAIT at (10,10) due to VERTEX constraint (wanted (11,10))
  [PBS] Agent 1 t=82: forced WAIT at (10,10) due to VERTEX constraint (wanted (11,10))
  [PBS] Agent 1 t=83: forced WAIT at (10,10) due to VERTEX constraint (wanted (11,10))
  [PBS] Agent 1 t=84: forced WAIT at (10,10) due to VERTEX constraint (wanted (11,10))
  [PBS] Agent 1 t=85: forced WAIT at (10,10) due to VERTEX constraint (wanted (11,10))
  [PBS] Agent 1 t=86: forced WAIT at (10,10) due to VERTEX constraint (wanted (11,10))
  [PBS] Agent 1 t=87: forced WAIT at (10,10) due to VERTEX constraint (wanted (11,10))
  [PBS] Agent 1 t=88: forced WAIT at (10,10) due to VERTEX constraint (wanted (11,10))
  [PBS] Agent 1 t=89: forced WAIT at (10,10) due to VERTEX constraint (wanted (11,10))
  [PBS] Agent 1 t=90: forced WAIT at (10,10) due to VERTEX constraint (wanted (11,10))
  [PBS] Agent 1 t=91: forced WAIT at (10,10) due to VERTEX constraint (wanted (11,10))
  [PBS] Agent 1 t=92: forced WAIT at (10,10) due to VERTEX constraint (wanted (11,10))
  [PBS] Agent 1 t=93: forced WAIT at (10,10) due to VERTEX constraint (wanted (11,10))
  [PBS] Agent 1 t=94: forced WAIT at (10,10) due to VERTEX constraint (wanted (11,10))
  [PBS] Agent 1 t=95: forced WAIT at (10,10) due to VERTEX constraint (wanted (11,10))
  [PBS] Agent 1 t=96: forced WAIT at (10,10) due to VERTEX constraint (wanted (11,10))
  [PBS] Agent 1 t=97: forced WAIT at (10,10) due to VERTEX constraint (wanted (11,10))
  [PBS] Agent 1 t=98: forced WAIT at (10,10) due to VERTEX constraint (wanted (11,10))
  [PBS] Agent 1 t=99: forced WAIT at (10,10) due to VERTEX constraint (wanted (11,10))

--- Paths by Timestep ---
t=0:
    Agent 0: (8,0) -> (9,0) [DOWN]
    Agent 1: (0,16) -> (0,15) [LEFT]
    Agent 2: (8,2) -> (9,2) [DOWN]
    Agent 3: (18,7) -> (18,6) [LEFT]
t=1:
    Agent 0: (9,0) -> (9,1) [RIGHT]
    Agent 1: (0,15) -> (0,14) [LEFT]
    Agent 2: (9,2) -> (9,2) [WAIT]
    Agent 3: (18,6) -> (18,5) [LEFT]
t=2:
    Agent 0: (9,1) -> (9,2) [RIGHT]
    Agent 1: (0,14) -> (0,13) [LEFT]
    Agent 2: (9,2) -> (8,2) [UP]
    Agent 3: (18,5) -> (18,4) [LEFT]
t=3:
    Agent 0: (9,2) -> (9,3) [RIGHT]
    Agent 1: (0,13) -> (0,12) [LEFT]
    Agent 2: (8,2) -> (9,2) [DOWN]
    Agent 3: (18,4) -> (18,3) [LEFT]
t=4:
    Agent 0: (9,3) -> (9,4) [RIGHT]
    Agent 1: (0,12) -> (0,11) [LEFT]
    Agent 2: (9,2) -> (9,1) [LEFT]
    Agent 3: (18,3) -> (18,2) [LEFT]
t=5:
    Agent 0: (9,4) -> (9,5) [RIGHT]
    Agent 1: (0,11) -> (1,11) [DOWN]
    Agent 2: (9,1) -> (10,1) [DOWN]
    Agent 3: (18,2) -> (18,1) [LEFT]
t=6:
    Agent 0: (9,5) -> (10,5) [DOWN]
    Agent 1: (1,11) -> (2,11) [DOWN]
    Agent 2: (10,1) -> (11,1) [DOWN]
    Agent 3: (18,1) -> (17,1) [UP]
t=7:
    Agent 0: (10,5) -> (10,6) [RIGHT]
    Agent 1: (2,11) -> (3,11) [DOWN]
    Agent 2: (11,1) -> (12,1) [DOWN]
    Agent 3: (17,1) -> (16,1) [UP]
t=8:
    Agent 0: (10,6) -> (10,7) [RIGHT]
    Agent 1: (3,11) -> (4,11) [DOWN]
    Agent 2: (12,1) -> (13,1) [DOWN]
    Agent 3: (16,1) -> (16,1) [WAIT]
t=9:
    Agent 0: (10,7) -> (10,8) [RIGHT]
    Agent 1: (4,11) -> (5,11) [DOWN]
    Agent 2: (13,1) -> (14,1) [DOWN]
    Agent 3: (16,1) -> (16,1) [WAIT]
t=10:
    Agent 0: (10,8) -> (10,9) [RIGHT]
    Agent 1: (5,11) -> (6,11) [DOWN]
    Agent 2: (14,1) -> (15,1) [DOWN]
    Agent 3: (16,1) -> (16,1) [WAIT]
t=11:
    Agent 0: (10,9) -> (10,10) [RIGHT]
    Agent 1: (6,11) -> (7,11) [DOWN]
    Agent 2: (15,1) -> (15,1) [WAIT]
    Agent 3: (16,1) -> (16,1) [WAIT]
t=12:
    Agent 0: (10,10) -> (11,10) [DOWN]
    Agent 1: (7,11) -> (8,11) [DOWN]
    Agent 2: (15,1) -> (15,1) [WAIT]
    Agent 3: (16,1) -> (16,1) [WAIT]
t=13:
    Agent 0: (11,10) -> (11,10) [WAIT]
    Agent 1: (8,11) -> (9,11) [DOWN]
    Agent 2: (15,1) -> (15,1) [WAIT]
    Agent 3: (16,1) -> (16,1) [WAIT]
t=14:
    Agent 0: (11,10) -> (11,10) [WAIT]
    Agent 1: (9,11) -> (9,10) [LEFT]
    Agent 2: (15,1) -> (15,1) [WAIT]
    Agent 3: (16,1) -> (16,1) [WAIT]
t=15:
    Agent 0: (11,10) -> (11,10) [WAIT]
    Agent 1: (9,10) -> (10,10) [DOWN]
    Agent 2: (15,1) -> (15,1) [WAIT]
    Agent 3: (16,1) -> (16,1) [WAIT]
t=16:
    Agent 0: (11,10) -> (11,10) [WAIT]
    Agent 1: (10,10) -> (10,10) [WAIT]
    Agent 2: (15,1) -> (15,1) [WAIT]
    Agent 3: (16,1) -> (16,1) [WAIT]
t=17:
    Agent 0: (11,10) -> (11,10) [WAIT]
    Agent 1: (10,10) -> (10,10) [WAIT]
    Agent 2: (15,1) -> (15,1) [WAIT]
    Agent 3: (16,1) -> (16,1) [WAIT]
t=18:
    Agent 0: (11,10) -> (11,10) [WAIT]
    Agent 1: (10,10) -> (10,10) [WAIT]
    Agent 2: (15,1) -> (15,1) [WAIT]
    Agent 3: (16,1) -> (16,1) [WAIT]
t=19:
    Agent 0: (11,10) -> (11,10) [WAIT]
    Agent 1: (10,10) -> (10,10) [WAIT]
    Agent 2: (15,1) -> (15,1) [WAIT]
    Agent 3: (16,1) -> (16,1) [WAIT]
-------------------------

Solution found! Cost: 420

============================================================
PBS SEARCH TREE
============================================================
└── Node 0 | Collision: 2-0 at (9, 1) t=2 | Cost: 420 | Priorities: {}
    ├── Node 1 [Added: 2>0] | Cost: 420 | Priorities: {2>0}
    └── Node 2 [Added: 0>2] | Collision: 1-0 at (11, 10) t=17 | Cost: 420 | Priorities: {0>2}
        ├── Node 3 [Added: 1>0] | Cost: 420 | Priorities: {0>2, 1>0}
        └── Node 4 [Added: 0>1] ✓ SOLUTION | Cost: 420 | Priorities: {0>1, 0>2}

------------------------------------------------------------
Total nodes generated: 5
Total nodes expanded:  3
Solution found at Node 4
Final priorities: {0>1, 0>2}
============================================================


--------------------------------------------------
Run 44: SOLVED in 0.26s
Nodes Generated: 5
Nodes Expanded:  3

Final path lengths:
  Agent 0: 13 steps
  Agent 1: 104 steps
  Agent 2: 104 steps
  Agent 3: 8 steps
--------------------------------------------------
