
--- Random Run 54/70 ---
Obstacle cells: 37 / 400
Agent Setup:
  Agent 0: (3, 16) -> (11, 17) (red)
  Agent 1: (0, 11) -> (17, 8) (blue)
  Agent 2: (14, 13) -> (11, 15) (green)
  Agent 3: (13, 18) -> (0, 17) (orange)
Starting PBS for 4 agents...

--- Paths by Timestep ---
t=0:
    Agent 0: (3,16) -> (3,17) [RIGHT]
    Agent 1: (0,11) -> (1,11) [DOWN]
    Agent 2: (14,13) -> (13,13) [UP]
    Agent 3: (13,18) -> (12,18) [UP]
t=1:
    Agent 0: (3,17) -> (4,17) [DOWN]
    Agent 1: (1,11) -> (2,11) [DOWN]
    Agent 2: (13,13) -> (13,14) [RIGHT]
    Agent 3: (12,18) -> (11,18) [UP]
t=2:
    Agent 0: (4,17) -> (5,17) [DOWN]
    Agent 1: (2,11) -> (3,11) [DOWN]
    Agent 2: (13,14) -> (12,14) [UP]
    Agent 3: (11,18) -> (11,17) [LEFT]
t=3:
    Agent 0: (5,17) -> (6,17) [DOWN]
    Agent 1: (3,11) -> (4,11) [DOWN]
    Agent 2: (12,14) -> (11,14) [UP]
    Agent 3: (11,17) -> (10,17) [UP]
t=4:
    Agent 0: (6,17) -> (7,17) [DOWN]
    Agent 1: (4,11) -> (5,11) [DOWN]
    Agent 2: (11,14) -> (11,15) [RIGHT]
    Agent 3: (10,17) -> (9,17) [UP]
t=5:
    Agent 0: (7,17) -> (8,17) [DOWN]
    Agent 1: (5,11) -> (6,11) [DOWN]
    Agent 2: (11,15) -> (11,15) [WAIT]
    Agent 3: (9,17) -> (8,17) [UP]
t=6:
    Agent 0: (8,17) -> (9,17) [DOWN]
    Agent 1: (6,11) -> (7,11) [DOWN]
    Agent 2: (11,15) -> (11,15) [WAIT]
    Agent 3: (8,17) -> (7,17) [UP]
t=7:
    Agent 0: (9,17) -> (10,17) [DOWN]
    Agent 1: (7,11) -> (8,11) [DOWN]
    Agent 2: (11,15) -> (11,15) [WAIT]
    Agent 3: (7,17) -> (6,17) [UP]
t=8:
    Agent 0: (10,17) -> (11,17) [DOWN]
    Agent 1: (8,11) -> (9,11) [DOWN]
    Agent 2: (11,15) -> (11,15) [WAIT]
    Agent 3: (6,17) -> (5,17) [UP]
t=9:
    Agent 0: (11,17) -> (11,17) [WAIT]
    Agent 1: (9,11) -> (10,11) [DOWN]
    Agent 2: (11,15) -> (11,15) [WAIT]
    Agent 3: (5,17) -> (4,17) [UP]
t=10:
    Agent 0: (11,17) -> (11,17) [WAIT]
    Agent 1: (10,11) -> (11,11) [DOWN]
    Agent 2: (11,15) -> (11,15) [WAIT]
    Agent 3: (4,17) -> (3,17) [UP]
t=11:
    Agent 0: (11,17) -> (11,17) [WAIT]
    Agent 1: (11,11) -> (12,11) [DOWN]
    Agent 2: (11,15) -> (11,15) [WAIT]
    Agent 3: (3,17) -> (2,17) [UP]
t=12:
    Agent 0: (11,17) -> (11,17) [WAIT]
    Agent 1: (12,11) -> (13,11) [DOWN]
    Agent 2: (11,15) -> (11,15) [WAIT]
    Agent 3: (2,17) -> (1,17) [UP]
t=13:
    Agent 0: (11,17) -> (11,17) [WAIT]
    Agent 1: (13,11) -> (14,11) [DOWN]
    Agent 2: (11,15) -> (11,15) [WAIT]
    Agent 3: (1,17) -> (0,17) [UP]
t=14:
    Agent 0: (11,17) -> (11,17) [WAIT]
    Agent 1: (14,11) -> (15,11) [DOWN]
    Agent 2: (11,15) -> (11,15) [WAIT]
    Agent 3: (0,17) -> (0,17) [WAIT]
t=15:
    Agent 0: (11,17) -> (11,17) [WAIT]
    Agent 1: (15,11) -> (15,10) [LEFT]
    Agent 2: (11,15) -> (11,15) [WAIT]
    Agent 3: (0,17) -> (0,17) [WAIT]
t=16:
    Agent 0: (11,17) -> (11,17) [WAIT]
    Agent 1: (15,10) -> (15,9) [LEFT]
    Agent 2: (11,15) -> (11,15) [WAIT]
    Agent 3: (0,17) -> (0,17) [WAIT]
t=17:
    Agent 0: (11,17) -> (11,17) [WAIT]
    Agent 1: (15,9) -> (16,9) [DOWN]
    Agent 2: (11,15) -> (11,15) [WAIT]
    Agent 3: (0,17) -> (0,17) [WAIT]
t=18:
    Agent 0: (11,17) -> (11,17) [WAIT]
    Agent 1: (16,9) -> (17,9) [DOWN]
    Agent 2: (11,15) -> (11,15) [WAIT]
    Agent 3: (0,17) -> (0,17) [WAIT]
t=19:
    Agent 0: (11,17) -> (11,17) [WAIT]
    Agent 1: (17,9) -> (17,8) [LEFT]
    Agent 2: (11,15) -> (11,15) [WAIT]
    Agent 3: (0,17) -> (0,17) [WAIT]
-------------------------

  -> Vertex collision detected: Agent 3 and 0 at (8, 17) at t=6
  -> Vertex collision detected: Agent 3 and 0 at (8, 17) at t=6
Node 0: Collision 3-0 at (8, 17) t=6
  [PBS] Agent 0 t=5: forced WAIT at (7,17) due to VERTEX constraint (wanted (8,17))
  [PBS] Agent 0 t=7: rerouted to (5,17) [UP] (wanted (7,17))
  [PBS] Agent 0 t=8: rerouted to (4,17) [UP] (wanted (6,17))
  [PBS] Agent 0 t=9: rerouted to (3,17) [UP] (wanted (5,17))
  [PBS] Agent 0 t=10: rerouted to (2,17) [UP] (wanted (4,17))
  [PBS] Agent 0 t=11: rerouted to (1,17) [UP] (wanted (3,17))
  [PBS] Agent 0 t=12: rerouted to (0,17) [UP] (wanted (2,17))
  [PBS] Agent 0 t=13: rerouted to (0,16) [LEFT] (wanted (1,17))
  [PBS] Agent 0 t=14: forced WAIT at (0,16) due to VERTEX constraint (wanted (0,17))
  [PBS] Agent 0 t=15: forced WAIT at (0,16) due to VERTEX constraint (wanted (0,17))
  [PBS] Agent 0 t=16: forced WAIT at (0,16) due to VERTEX constraint (wanted (0,17))
  [PBS] Agent 0 t=17: forced WAIT at (0,16) due to VERTEX constraint (wanted (0,17))
  [PBS] Agent 0 t=18: forced WAIT at (0,16) due to VERTEX constraint (wanted (0,17))
  [PBS] Agent 0 t=19: forced WAIT at (0,16) due to VERTEX constraint (wanted (0,17))
  [PBS] Agent 0 t=20: forced WAIT at (0,16) due to VERTEX constraint (wanted (0,17))
  [PBS] Agent 0 t=21: forced WAIT at (0,16) due to VERTEX constraint (wanted (0,17))
  [PBS] Agent 0 t=22: forced WAIT at (0,16) due to VERTEX constraint (wanted (0,17))
  [PBS] Agent 0 t=23: forced WAIT at (0,16) due to VERTEX constraint (wanted (0,17))
  [PBS] Agent 0 t=24: forced WAIT at (0,16) due to VERTEX constraint (wanted (0,17))
  [PBS] Agent 0 t=25: forced WAIT at (0,16) due to VERTEX constraint (wanted (0,17))
  [PBS] Agent 0 t=26: forced WAIT at (0,16) due to VERTEX constraint (wanted (0,17))
  [PBS] Agent 0 t=27: forced WAIT at (0,16) due to VERTEX constraint (wanted (0,17))
  [PBS] Agent 0 t=28: forced WAIT at (0,16) due to VERTEX constraint (wanted (0,17))
  [PBS] Agent 0 t=29: forced WAIT at (0,16) due to VERTEX constraint (wanted (0,17))
  [PBS] Agent 0 t=30: forced WAIT at (0,16) due to VERTEX constraint (wanted (0,17))
  [PBS] Agent 0 t=31: forced WAIT at (0,16) due to VERTEX constraint (wanted (0,17))
  [PBS] Agent 0 t=32: forced WAIT at (0,16) due to VERTEX constraint (wanted (0,17))
  [PBS] Agent 0 t=33: forced WAIT at (0,16) due to VERTEX constraint (wanted (0,17))
  [PBS] Agent 0 t=34: forced WAIT at (0,16) due to VERTEX constraint (wanted (0,17))
  [PBS] Agent 0 t=35: forced WAIT at (0,16) due to VERTEX constraint (wanted (0,17))
  [PBS] Agent 0 t=36: forced WAIT at (0,16) due to VERTEX constraint (wanted (0,17))
  [PBS] Agent 0 t=37: forced WAIT at (0,16) due to VERTEX constraint (wanted (0,17))
  [PBS] Agent 0 t=38: forced WAIT at (0,16) due to VERTEX constraint (wanted (0,17))
  [PBS] Agent 0 t=39: forced WAIT at (0,16) due to VERTEX constraint (wanted (0,17))
  [PBS] Agent 0 t=40: forced WAIT at (0,16) due to VERTEX constraint (wanted (0,17))
  [PBS] Agent 0 t=41: forced WAIT at (0,16) due to VERTEX constraint (wanted (0,17))
  [PBS] Agent 0 t=42: forced WAIT at (0,16) due to VERTEX constraint (wanted (0,17))
  [PBS] Agent 0 t=43: forced WAIT at (0,16) due to VERTEX constraint (wanted (0,17))
  [PBS] Agent 0 t=44: forced WAIT at (0,16) due to VERTEX constraint (wanted (0,17))
  [PBS] Agent 0 t=45: forced WAIT at (0,16) due to VERTEX constraint (wanted (0,17))
  [PBS] Agent 0 t=46: forced WAIT at (0,16) due to VERTEX constraint (wanted (0,17))
  [PBS] Agent 0 t=47: forced WAIT at (0,16) due to VERTEX constraint (wanted (0,17))
  [PBS] Agent 0 t=48: forced WAIT at (0,16) due to VERTEX constraint (wanted (0,17))
  [PBS] Agent 0 t=49: forced WAIT at (0,16) due to VERTEX constraint (wanted (0,17))
  [PBS] Agent 0 t=50: forced WAIT at (0,16) due to VERTEX constraint (wanted (0,17))
  [PBS] Agent 0 t=51: forced WAIT at (0,16) due to VERTEX constraint (wanted (0,17))
  [PBS] Agent 0 t=52: forced WAIT at (0,16) due to VERTEX constraint (wanted (0,17))
  [PBS] Agent 0 t=53: forced WAIT at (0,16) due to VERTEX constraint (wanted (0,17))
  [PBS] Agent 0 t=54: forced WAIT at (0,16) due to VERTEX constraint (wanted (0,17))
  [PBS] Agent 0 t=55: forced WAIT at (0,16) due to VERTEX constraint (wanted (0,17))
  [PBS] Agent 0 t=56: forced WAIT at (0,16) due to VERTEX constraint (wanted (0,17))
  [PBS] Agent 0 t=57: forced WAIT at (0,16) due to VERTEX constraint (wanted (0,17))
  [PBS] Agent 0 t=58: forced WAIT at (0,16) due to VERTEX constraint (wanted (0,17))
  [PBS] Agent 0 t=59: forced WAIT at (0,16) due to VERTEX constraint (wanted (0,17))
  [PBS] Agent 0 t=60: forced WAIT at (0,16) due to VERTEX constraint (wanted (0,17))
  [PBS] Agent 0 t=61: forced WAIT at (0,16) due to VERTEX constraint (wanted (0,17))
  [PBS] Agent 0 t=62: forced WAIT at (0,16) due to VERTEX constraint (wanted (0,17))
  [PBS] Agent 0 t=63: forced WAIT at (0,16) due to VERTEX constraint (wanted (0,17))
  [PBS] Agent 0 t=64: forced WAIT at (0,16) due to VERTEX constraint (wanted (0,17))
  [PBS] Agent 0 t=65: forced WAIT at (0,16) due to VERTEX constraint (wanted (0,17))
  [PBS] Agent 0 t=66: forced WAIT at (0,16) due to VERTEX constraint (wanted (0,17))
  [PBS] Agent 0 t=67: forced WAIT at (0,16) due to VERTEX constraint (wanted (0,17))
  [PBS] Agent 0 t=68: forced WAIT at (0,16) due to VERTEX constraint (wanted (0,17))
  [PBS] Agent 0 t=69: forced WAIT at (0,16) due to VERTEX constraint (wanted (0,17))
  [PBS] Agent 0 t=70: forced WAIT at (0,16) due to VERTEX constraint (wanted (0,17))
  [PBS] Agent 0 t=71: forced WAIT at (0,16) due to VERTEX constraint (wanted (0,17))
  [PBS] Agent 0 t=72: forced WAIT at (0,16) due to VERTEX constraint (wanted (0,17))
  [PBS] Agent 0 t=73: forced WAIT at (0,16) due to VERTEX constraint (wanted (0,17))
  [PBS] Agent 0 t=74: forced WAIT at (0,16) due to VERTEX constraint (wanted (0,17))
  [PBS] Agent 0 t=75: forced WAIT at (0,16) due to VERTEX constraint (wanted (0,17))
  [PBS] Agent 0 t=76: forced WAIT at (0,16) due to VERTEX constraint (wanted (0,17))
  [PBS] Agent 0 t=77: forced WAIT at (0,16) due to VERTEX constraint (wanted (0,17))
  [PBS] Agent 0 t=78: forced WAIT at (0,16) due to VERTEX constraint (wanted (0,17))
  [PBS] Agent 0 t=79: forced WAIT at (0,16) due to VERTEX constraint (wanted (0,17))
  [PBS] Agent 0 t=80: forced WAIT at (0,16) due to VERTEX constraint (wanted (0,17))
  [PBS] Agent 0 t=81: forced WAIT at (0,16) due to VERTEX constraint (wanted (0,17))
  [PBS] Agent 0 t=82: forced WAIT at (0,16) due to VERTEX constraint (wanted (0,17))
  [PBS] Agent 0 t=83: forced WAIT at (0,16) due to VERTEX constraint (wanted (0,17))
  [PBS] Agent 0 t=84: forced WAIT at (0,16) due to VERTEX constraint (wanted (0,17))
  [PBS] Agent 0 t=85: forced WAIT at (0,16) due to VERTEX constraint (wanted (0,17))
  [PBS] Agent 0 t=86: forced WAIT at (0,16) due to VERTEX constraint (wanted (0,17))
  [PBS] Agent 0 t=87: forced WAIT at (0,16) due to VERTEX constraint (wanted (0,17))
  [PBS] Agent 0 t=88: forced WAIT at (0,16) due to VERTEX constraint (wanted (0,17))
  [PBS] Agent 0 t=89: forced WAIT at (0,16) due to VERTEX constraint (wanted (0,17))
  [PBS] Agent 0 t=90: forced WAIT at (0,16) due to VERTEX constraint (wanted (0,17))
  [PBS] Agent 0 t=91: forced WAIT at (0,16) due to VERTEX constraint (wanted (0,17))
  [PBS] Agent 0 t=92: forced WAIT at (0,16) due to VERTEX constraint (wanted (0,17))
  [PBS] Agent 0 t=93: forced WAIT at (0,16) due to VERTEX constraint (wanted (0,17))
  [PBS] Agent 0 t=94: forced WAIT at (0,16) due to VERTEX constraint (wanted (0,17))
  [PBS] Agent 0 t=95: forced WAIT at (0,16) due to VERTEX constraint (wanted (0,17))
  [PBS] Agent 0 t=96: forced WAIT at (0,16) due to VERTEX constraint (wanted (0,17))
  [PBS] Agent 0 t=97: forced WAIT at (0,16) due to VERTEX constraint (wanted (0,17))
  [PBS] Agent 0 t=98: forced WAIT at (0,16) due to VERTEX constraint (wanted (0,17))
  [PBS] Agent 0 t=99: forced WAIT at (0,16) due to VERTEX constraint (wanted (0,17))

--- Paths by Timestep ---
t=0:
    Agent 0: (3,16) -> (3,17) [RIGHT]
    Agent 1: (0,11) -> (1,11) [DOWN]
    Agent 2: (14,13) -> (13,13) [UP]
    Agent 3: (13,18) -> (12,18) [UP]
t=1:
    Agent 0: (3,17) -> (4,17) [DOWN]
    Agent 1: (1,11) -> (2,11) [DOWN]
    Agent 2: (13,13) -> (13,14) [RIGHT]
    Agent 3: (12,18) -> (11,18) [UP]
t=2:
    Agent 0: (4,17) -> (5,17) [DOWN]
    Agent 1: (2,11) -> (3,11) [DOWN]
    Agent 2: (13,14) -> (12,14) [UP]
    Agent 3: (11,18) -> (11,17) [LEFT]
t=3:
    Agent 0: (5,17) -> (6,17) [DOWN]
    Agent 1: (3,11) -> (4,11) [DOWN]
    Agent 2: (12,14) -> (11,14) [UP]
    Agent 3: (11,17) -> (10,17) [UP]
t=4:
    Agent 0: (6,17) -> (7,17) [DOWN]
    Agent 1: (4,11) -> (5,11) [DOWN]
    Agent 2: (11,14) -> (11,15) [RIGHT]
    Agent 3: (10,17) -> (9,17) [UP]
t=5:
    Agent 0: (7,17) -> (7,17) [WAIT]
    Agent 1: (5,11) -> (6,11) [DOWN]
    Agent 2: (11,15) -> (11,15) [WAIT]
    Agent 3: (9,17) -> (8,17) [UP]
t=6:
    Agent 0: (7,17) -> (6,17) [UP]
    Agent 1: (6,11) -> (7,11) [DOWN]
    Agent 2: (11,15) -> (11,15) [WAIT]
    Agent 3: (8,17) -> (7,17) [UP]
t=7:
    Agent 0: (6,17) -> (5,17) [UP]
    Agent 1: (7,11) -> (8,11) [DOWN]
    Agent 2: (11,15) -> (11,15) [WAIT]
    Agent 3: (7,17) -> (6,17) [UP]
t=8:
    Agent 0: (5,17) -> (4,17) [UP]
    Agent 1: (8,11) -> (9,11) [DOWN]
    Agent 2: (11,15) -> (11,15) [WAIT]
    Agent 3: (6,17) -> (5,17) [UP]
t=9:
    Agent 0: (4,17) -> (3,17) [UP]
    Agent 1: (9,11) -> (10,11) [DOWN]
    Agent 2: (11,15) -> (11,15) [WAIT]
    Agent 3: (5,17) -> (4,17) [UP]
t=10:
    Agent 0: (3,17) -> (2,17) [UP]
    Agent 1: (10,11) -> (11,11) [DOWN]
    Agent 2: (11,15) -> (11,15) [WAIT]
    Agent 3: (4,17) -> (3,17) [UP]
t=11:
    Agent 0: (2,17) -> (1,17) [UP]
    Agent 1: (11,11) -> (12,11) [DOWN]
    Agent 2: (11,15) -> (11,15) [WAIT]
    Agent 3: (3,17) -> (2,17) [UP]
t=12:
    Agent 0: (1,17) -> (0,17) [UP]
    Agent 1: (12,11) -> (13,11) [DOWN]
    Agent 2: (11,15) -> (11,15) [WAIT]
    Agent 3: (2,17) -> (1,17) [UP]
t=13:
    Agent 0: (0,17) -> (0,16) [LEFT]
    Agent 1: (13,11) -> (14,11) [DOWN]
    Agent 2: (11,15) -> (11,15) [WAIT]
    Agent 3: (1,17) -> (0,17) [UP]
t=14:
    Agent 0: (0,16) -> (0,16) [WAIT]
    Agent 1: (14,11) -> (15,11) [DOWN]
    Agent 2: (11,15) -> (11,15) [WAIT]
    Agent 3: (0,17) -> (0,17) [WAIT]
t=15:
    Agent 0: (0,16) -> (0,16) [WAIT]
    Agent 1: (15,11) -> (15,10) [LEFT]
    Agent 2: (11,15) -> (11,15) [WAIT]
    Agent 3: (0,17) -> (0,17) [WAIT]
t=16:
    Agent 0: (0,16) -> (0,16) [WAIT]
    Agent 1: (15,10) -> (15,9) [LEFT]
    Agent 2: (11,15) -> (11,15) [WAIT]
    Agent 3: (0,17) -> (0,17) [WAIT]
t=17:
    Agent 0: (0,16) -> (0,16) [WAIT]
    Agent 1: (15,9) -> (16,9) [DOWN]
    Agent 2: (11,15) -> (11,15) [WAIT]
    Agent 3: (0,17) -> (0,17) [WAIT]
t=18:
    Agent 0: (0,16) -> (0,16) [WAIT]
    Agent 1: (16,9) -> (17,9) [DOWN]
    Agent 2: (11,15) -> (11,15) [WAIT]
    Agent 3: (0,17) -> (0,17) [WAIT]
t=19:
    Agent 0: (0,16) -> (0,16) [WAIT]
    Agent 1: (17,9) -> (17,8) [LEFT]
    Agent 2: (11,15) -> (11,15) [WAIT]
    Agent 3: (0,17) -> (0,17) [WAIT]
-------------------------

  [PBS] Agent 3 t=5: forced WAIT at (9,17) due to VERTEX constraint (wanted (8,17))
  [PBS] Agent 3 t=6: rerouted to (10,17) [DOWN] (wanted (8,17))
  [PBS] Agent 3 t=7: rerouted to (11,17) [DOWN] (wanted (9,17))
  [PBS] Agent 3 t=8: rerouted to (11,16) [LEFT] (wanted (10,17))
  [PBS] Agent 3 t=9: forced WAIT at (11,16) due to VERTEX constraint (wanted (11,17))
  [PBS] Agent 3 t=10: forced WAIT at (11,16) due to VERTEX constraint (wanted (11,17))
  [PBS] Agent 3 t=11: forced WAIT at (11,16) due to VERTEX constraint (wanted (11,17))
  [PBS] Agent 3 t=12: forced WAIT at (11,16) due to VERTEX constraint (wanted (11,17))
  [PBS] Agent 3 t=13: forced WAIT at (11,16) due to VERTEX constraint (wanted (11,17))
  [PBS] Agent 3 t=14: forced WAIT at (11,16) due to VERTEX constraint (wanted (11,17))
  [PBS] Agent 3 t=15: forced WAIT at (11,16) due to VERTEX constraint (wanted (11,17))
  [PBS] Agent 3 t=16: forced WAIT at (11,16) due to VERTEX constraint (wanted (11,17))
  [PBS] Agent 3 t=17: forced WAIT at (11,16) due to VERTEX constraint (wanted (11,17))
  [PBS] Agent 3 t=18: forced WAIT at (11,16) due to VERTEX constraint (wanted (11,17))
  [PBS] Agent 3 t=19: forced WAIT at (11,16) due to VERTEX constraint (wanted (11,17))
  [PBS] Agent 3 t=20: forced WAIT at (11,16) due to VERTEX constraint (wanted (11,17))
  [PBS] Agent 3 t=21: forced WAIT at (11,16) due to VERTEX constraint (wanted (11,17))
  [PBS] Agent 3 t=22: forced WAIT at (11,16) due to VERTEX constraint (wanted (11,17))
  [PBS] Agent 3 t=23: forced WAIT at (11,16) due to VERTEX constraint (wanted (11,17))
  [PBS] Agent 3 t=24: forced WAIT at (11,16) due to VERTEX constraint (wanted (11,17))
  [PBS] Agent 3 t=25: forced WAIT at (11,16) due to VERTEX constraint (wanted (11,17))
  [PBS] Agent 3 t=26: forced WAIT at (11,16) due to VERTEX constraint (wanted (11,17))
  [PBS] Agent 3 t=27: forced WAIT at (11,16) due to VERTEX constraint (wanted (11,17))
  [PBS] Agent 3 t=28: forced WAIT at (11,16) due to VERTEX constraint (wanted (11,17))
  [PBS] Agent 3 t=29: forced WAIT at (11,16) due to VERTEX constraint (wanted (11,17))
  [PBS] Agent 3 t=30: forced WAIT at (11,16) due to VERTEX constraint (wanted (11,17))
  [PBS] Agent 3 t=31: forced WAIT at (11,16) due to VERTEX constraint (wanted (11,17))
  [PBS] Agent 3 t=32: forced WAIT at (11,16) due to VERTEX constraint (wanted (11,17))
  [PBS] Agent 3 t=33: forced WAIT at (11,16) due to VERTEX constraint (wanted (11,17))
  [PBS] Agent 3 t=34: forced WAIT at (11,16) due to VERTEX constraint (wanted (11,17))
  [PBS] Agent 3 t=35: forced WAIT at (11,16) due to VERTEX constraint (wanted (11,17))
  [PBS] Agent 3 t=36: forced WAIT at (11,16) due to VERTEX constraint (wanted (11,17))
  [PBS] Agent 3 t=37: forced WAIT at (11,16) due to VERTEX constraint (wanted (11,17))
  [PBS] Agent 3 t=38: forced WAIT at (11,16) due to VERTEX constraint (wanted (11,17))
  [PBS] Agent 3 t=39: forced WAIT at (11,16) due to VERTEX constraint (wanted (11,17))
  [PBS] Agent 3 t=40: forced WAIT at (11,16) due to VERTEX constraint (wanted (11,17))
  [PBS] Agent 3 t=41: forced WAIT at (11,16) due to VERTEX constraint (wanted (11,17))
  [PBS] Agent 3 t=42: forced WAIT at (11,16) due to VERTEX constraint (wanted (11,17))
  [PBS] Agent 3 t=43: forced WAIT at (11,16) due to VERTEX constraint (wanted (11,17))
  [PBS] Agent 3 t=44: forced WAIT at (11,16) due to VERTEX constraint (wanted (11,17))
  [PBS] Agent 3 t=45: forced WAIT at (11,16) due to VERTEX constraint (wanted (11,17))
  [PBS] Agent 3 t=46: forced WAIT at (11,16) due to VERTEX constraint (wanted (11,17))
  [PBS] Agent 3 t=47: forced WAIT at (11,16) due to VERTEX constraint (wanted (11,17))
  [PBS] Agent 3 t=48: forced WAIT at (11,16) due to VERTEX constraint (wanted (11,17))
  [PBS] Agent 3 t=49: forced WAIT at (11,16) due to VERTEX constraint (wanted (11,17))
  [PBS] Agent 3 t=50: forced WAIT at (11,16) due to VERTEX constraint (wanted (11,17))
  [PBS] Agent 3 t=51: forced WAIT at (11,16) due to VERTEX constraint (wanted (11,17))
  [PBS] Agent 3 t=52: forced WAIT at (11,16) due to VERTEX constraint (wanted (11,17))
  [PBS] Agent 3 t=53: forced WAIT at (11,16) due to VERTEX constraint (wanted (11,17))
  [PBS] Agent 3 t=54: forced WAIT at (11,16) due to VERTEX constraint (wanted (11,17))
  [PBS] Agent 3 t=55: forced WAIT at (11,16) due to VERTEX constraint (wanted (11,17))
  [PBS] Agent 3 t=56: forced WAIT at (11,16) due to VERTEX constraint (wanted (11,17))
  [PBS] Agent 3 t=57: forced WAIT at (11,16) due to VERTEX constraint (wanted (11,17))
  [PBS] Agent 3 t=58: forced WAIT at (11,16) due to VERTEX constraint (wanted (11,17))
  [PBS] Agent 3 t=59: forced WAIT at (11,16) due to VERTEX constraint (wanted (11,17))
  [PBS] Agent 3 t=60: forced WAIT at (11,16) due to VERTEX constraint (wanted (11,17))
  [PBS] Agent 3 t=61: forced WAIT at (11,16) due to VERTEX constraint (wanted (11,17))
  [PBS] Agent 3 t=62: forced WAIT at (11,16) due to VERTEX constraint (wanted (11,17))
  [PBS] Agent 3 t=63: forced WAIT at (11,16) due to VERTEX constraint (wanted (11,17))
  [PBS] Agent 3 t=64: forced WAIT at (11,16) due to VERTEX constraint (wanted (11,17))
  [PBS] Agent 3 t=65: forced WAIT at (11,16) due to VERTEX constraint (wanted (11,17))
  [PBS] Agent 3 t=66: forced WAIT at (11,16) due to VERTEX constraint (wanted (11,17))
  [PBS] Agent 3 t=67: forced WAIT at (11,16) due to VERTEX constraint (wanted (11,17))
  [PBS] Agent 3 t=68: forced WAIT at (11,16) due to VERTEX constraint (wanted (11,17))
  [PBS] Agent 3 t=69: forced WAIT at (11,16) due to VERTEX constraint (wanted (11,17))
  [PBS] Agent 3 t=70: forced WAIT at (11,16) due to VERTEX constraint (wanted (11,17))
  [PBS] Agent 3 t=71: forced WAIT at (11,16) due to VERTEX constraint (wanted (11,17))
  [PBS] Agent 3 t=72: forced WAIT at (11,16) due to VERTEX constraint (wanted (11,17))
  [PBS] Agent 3 t=73: forced WAIT at (11,16) due to VERTEX constraint (wanted (11,17))
  [PBS] Agent 3 t=74: forced WAIT at (11,16) due to VERTEX constraint (wanted (11,17))
  [PBS] Agent 3 t=75: forced WAIT at (11,16) due to VERTEX constraint (wanted (11,17))
  [PBS] Agent 3 t=76: forced WAIT at (11,16) due to VERTEX constraint (wanted (11,17))
  [PBS] Agent 3 t=77: forced WAIT at (11,16) due to VERTEX constraint (wanted (11,17))
  [PBS] Agent 3 t=78: forced WAIT at (11,16) due to VERTEX constraint (wanted (11,17))
  [PBS] Agent 3 t=79: forced WAIT at (11,16) due to VERTEX constraint (wanted (11,17))
  [PBS] Agent 3 t=80: forced WAIT at (11,16) due to VERTEX constraint (wanted (11,17))
  [PBS] Agent 3 t=81: forced WAIT at (11,16) due to VERTEX constraint (wanted (11,17))
  [PBS] Agent 3 t=82: forced WAIT at (11,16) due to VERTEX constraint (wanted (11,17))
  [PBS] Agent 3 t=83: forced WAIT at (11,16) due to VERTEX constraint (wanted (11,17))
  [PBS] Agent 3 t=84: forced WAIT at (11,16) due to VERTEX constraint (wanted (11,17))
  [PBS] Agent 3 t=85: forced WAIT at (11,16) due to VERTEX constraint (wanted (11,17))
  [PBS] Agent 3 t=86: forced WAIT at (11,16) due to VERTEX constraint (wanted (11,17))
  [PBS] Agent 3 t=87: forced WAIT at (11,16) due to VERTEX constraint (wanted (11,17))
  [PBS] Agent 3 t=88: forced WAIT at (11,16) due to VERTEX constraint (wanted (11,17))
  [PBS] Agent 3 t=89: forced WAIT at (11,16) due to VERTEX constraint (wanted (11,17))
  [PBS] Agent 3 t=90: forced WAIT at (11,16) due to VERTEX constraint (wanted (11,17))
  [PBS] Agent 3 t=91: forced WAIT at (11,16) due to VERTEX constraint (wanted (11,17))
  [PBS] Agent 3 t=92: forced WAIT at (11,16) due to VERTEX constraint (wanted (11,17))
  [PBS] Agent 3 t=93: forced WAIT at (11,16) due to VERTEX constraint (wanted (11,17))
  [PBS] Agent 3 t=94: forced WAIT at (11,16) due to VERTEX constraint (wanted (11,17))
  [PBS] Agent 3 t=95: forced WAIT at (11,16) due to VERTEX constraint (wanted (11,17))
  [PBS] Agent 3 t=96: forced WAIT at (11,16) due to VERTEX constraint (wanted (11,17))
  [PBS] Agent 3 t=97: forced WAIT at (11,16) due to VERTEX constraint (wanted (11,17))
  [PBS] Agent 3 t=98: forced WAIT at (11,16) due to VERTEX constraint (wanted (11,17))
  [PBS] Agent 3 t=99: forced WAIT at (11,16) due to VERTEX constraint (wanted (11,17))

--- Paths by Timestep ---
t=0:
    Agent 0: (3,16) -> (3,17) [RIGHT]
    Agent 1: (0,11) -> (1,11) [DOWN]
    Agent 2: (14,13) -> (13,13) [UP]
    Agent 3: (13,18) -> (12,18) [UP]
t=1:
    Agent 0: (3,17) -> (4,17) [DOWN]
    Agent 1: (1,11) -> (2,11) [DOWN]
    Agent 2: (13,13) -> (13,14) [RIGHT]
    Agent 3: (12,18) -> (11,18) [UP]
t=2:
    Agent 0: (4,17) -> (5,17) [DOWN]
    Agent 1: (2,11) -> (3,11) [DOWN]
    Agent 2: (13,14) -> (12,14) [UP]
    Agent 3: (11,18) -> (11,17) [LEFT]
t=3:
    Agent 0: (5,17) -> (6,17) [DOWN]
    Agent 1: (3,11) -> (4,11) [DOWN]
    Agent 2: (12,14) -> (11,14) [UP]
    Agent 3: (11,17) -> (10,17) [UP]
t=4:
    Agent 0: (6,17) -> (7,17) [DOWN]
    Agent 1: (4,11) -> (5,11) [DOWN]
    Agent 2: (11,14) -> (11,15) [RIGHT]
    Agent 3: (10,17) -> (9,17) [UP]
t=5:
    Agent 0: (7,17) -> (8,17) [DOWN]
    Agent 1: (5,11) -> (6,11) [DOWN]
    Agent 2: (11,15) -> (11,15) [WAIT]
    Agent 3: (9,17) -> (9,17) [WAIT]
t=6:
    Agent 0: (8,17) -> (9,17) [DOWN]
    Agent 1: (6,11) -> (7,11) [DOWN]
    Agent 2: (11,15) -> (11,15) [WAIT]
    Agent 3: (9,17) -> (10,17) [DOWN]
t=7:
    Agent 0: (9,17) -> (10,17) [DOWN]
    Agent 1: (7,11) -> (8,11) [DOWN]
    Agent 2: (11,15) -> (11,15) [WAIT]
    Agent 3: (10,17) -> (11,17) [DOWN]
t=8:
    Agent 0: (10,17) -> (11,17) [DOWN]
    Agent 1: (8,11) -> (9,11) [DOWN]
    Agent 2: (11,15) -> (11,15) [WAIT]
    Agent 3: (11,17) -> (11,16) [LEFT]
t=9:
    Agent 0: (11,17) -> (11,17) [WAIT]
    Agent 1: (9,11) -> (10,11) [DOWN]
    Agent 2: (11,15) -> (11,15) [WAIT]
    Agent 3: (11,16) -> (11,16) [WAIT]
t=10:
    Agent 0: (11,17) -> (11,17) [WAIT]
    Agent 1: (10,11) -> (11,11) [DOWN]
    Agent 2: (11,15) -> (11,15) [WAIT]
    Agent 3: (11,16) -> (11,16) [WAIT]
t=11:
    Agent 0: (11,17) -> (11,17) [WAIT]
    Agent 1: (11,11) -> (12,11) [DOWN]
    Agent 2: (11,15) -> (11,15) [WAIT]
    Agent 3: (11,16) -> (11,16) [WAIT]
t=12:
    Agent 0: (11,17) -> (11,17) [WAIT]
    Agent 1: (12,11) -> (13,11) [DOWN]
    Agent 2: (11,15) -> (11,15) [WAIT]
    Agent 3: (11,16) -> (11,16) [WAIT]
t=13:
    Agent 0: (11,17) -> (11,17) [WAIT]
    Agent 1: (13,11) -> (14,11) [DOWN]
    Agent 2: (11,15) -> (11,15) [WAIT]
    Agent 3: (11,16) -> (11,16) [WAIT]
t=14:
    Agent 0: (11,17) -> (11,17) [WAIT]
    Agent 1: (14,11) -> (15,11) [DOWN]
    Agent 2: (11,15) -> (11,15) [WAIT]
    Agent 3: (11,16) -> (11,16) [WAIT]
t=15:
    Agent 0: (11,17) -> (11,17) [WAIT]
    Agent 1: (15,11) -> (15,10) [LEFT]
    Agent 2: (11,15) -> (11,15) [WAIT]
    Agent 3: (11,16) -> (11,16) [WAIT]
t=16:
    Agent 0: (11,17) -> (11,17) [WAIT]
    Agent 1: (15,10) -> (15,9) [LEFT]
    Agent 2: (11,15) -> (11,15) [WAIT]
    Agent 3: (11,16) -> (11,16) [WAIT]
t=17:
    Agent 0: (11,17) -> (11,17) [WAIT]
    Agent 1: (15,9) -> (16,9) [DOWN]
    Agent 2: (11,15) -> (11,15) [WAIT]
    Agent 3: (11,16) -> (11,16) [WAIT]
t=18:
    Agent 0: (11,17) -> (11,17) [WAIT]
    Agent 1: (16,9) -> (17,9) [DOWN]
    Agent 2: (11,15) -> (11,15) [WAIT]
    Agent 3: (11,16) -> (11,16) [WAIT]
t=19:
    Agent 0: (11,17) -> (11,17) [WAIT]
    Agent 1: (17,9) -> (17,8) [LEFT]
    Agent 2: (11,15) -> (11,15) [WAIT]
    Agent 3: (11,16) -> (11,16) [WAIT]
-------------------------

Solution found! Cost: 420

============================================================
PBS SEARCH TREE
============================================================
└── Node 0 | Collision: 3-0 at (8, 17) t=6 | Cost: 420 | Priorities: {}
    ├── Node 1 [Added: 3>0] | Cost: 420 | Priorities: {3>0}
    └── Node 2 [Added: 0>3] ✓ SOLUTION | Cost: 420 | Priorities: {0>3}

------------------------------------------------------------
Total nodes generated: 3
Total nodes expanded:  2
Solution found at Node 2
Final priorities: {0>3}
============================================================


--------------------------------------------------
Run 54: SOLVED in 0.25s
Nodes Generated: 3
Nodes Expanded:  2

Final path lengths:
  Agent 0: 9 steps
  Agent 1: 20 steps
  Agent 2: 5 steps
  Agent 3: 104 steps
--------------------------------------------------
