
--- Random Run 28/70 ---
Obstacle cells: 46 / 400
Agent Setup:
  Agent 0: (7, 2) -> (9, 1) (red)
  Agent 1: (1, 19) -> (1, 3) (blue)
  Agent 2: (12, 3) -> (11, 5) (green)
  Agent 3: (8, 6) -> (2, 12) (orange)
Starting PBS for 4 agents...

--- Paths by Timestep ---
t=0:
    Agent 0: (7,2) -> (8,2) [DOWN]
    Agent 1: (1,19) -> (1,18) [LEFT]
    Agent 2: (12,3) -> (13,3) [DOWN]
    Agent 3: (8,6) -> (8,7) [RIGHT]
t=1:
    Agent 0: (8,2) -> (9,2) [DOWN]
    Agent 1: (1,18) -> (1,17) [LEFT]
    Agent 2: (13,3) -> (13,4) [RIGHT]
    Agent 3: (8,7) -> (7,7) [UP]
t=2:
    Agent 0: (9,2) -> (9,1) [LEFT]
    Agent 1: (1,17) -> (1,16) [LEFT]
    Agent 2: (13,4) -> (13,5) [RIGHT]
    Agent 3: (7,7) -> (6,7) [UP]
t=3:
    Agent 0: (9,1) -> (9,1) [WAIT]
    Agent 1: (1,16) -> (1,15) [LEFT]
    Agent 2: (13,5) -> (12,5) [UP]
    Agent 3: (6,7) -> (5,7) [UP]
t=4:
    Agent 0: (9,1) -> (9,1) [WAIT]
    Agent 1: (1,15) -> (1,14) [LEFT]
    Agent 2: (12,5) -> (11,5) [UP]
    Agent 3: (5,7) -> (4,7) [UP]
t=5:
    Agent 0: (9,1) -> (9,1) [WAIT]
    Agent 1: (1,14) -> (2,14) [DOWN]
    Agent 2: (11,5) -> (11,5) [WAIT]
    Agent 3: (4,7) -> (3,7) [UP]
t=6:
    Agent 0: (9,1) -> (9,1) [WAIT]
    Agent 1: (2,14) -> (2,13) [LEFT]
    Agent 2: (11,5) -> (11,5) [WAIT]
    Agent 3: (3,7) -> (2,7) [UP]
t=7:
    Agent 0: (9,1) -> (9,1) [WAIT]
    Agent 1: (2,13) -> (2,12) [LEFT]
    Agent 2: (11,5) -> (11,5) [WAIT]
    Agent 3: (2,7) -> (2,8) [RIGHT]
t=8:
    Agent 0: (9,1) -> (9,1) [WAIT]
    Agent 1: (2,12) -> (2,11) [LEFT]
    Agent 2: (11,5) -> (11,5) [WAIT]
    Agent 3: (2,8) -> (2,9) [RIGHT]
t=9:
    Agent 0: (9,1) -> (9,1) [WAIT]
    Agent 1: (2,11) -> (2,10) [LEFT]
    Agent 2: (11,5) -> (11,5) [WAIT]
    Agent 3: (2,9) -> (2,10) [RIGHT]
t=10:
    Agent 0: (9,1) -> (9,1) [WAIT]
    Agent 1: (2,10) -> (2,9) [LEFT]
    Agent 2: (11,5) -> (11,5) [WAIT]
    Agent 3: (2,10) -> (2,11) [RIGHT]
t=11:
    Agent 0: (9,1) -> (9,1) [WAIT]
    Agent 1: (2,9) -> (2,8) [LEFT]
    Agent 2: (11,5) -> (11,5) [WAIT]
    Agent 3: (2,11) -> (2,12) [RIGHT]
t=12:
    Agent 0: (9,1) -> (9,1) [WAIT]
    Agent 1: (2,8) -> (2,7) [LEFT]
    Agent 2: (11,5) -> (11,5) [WAIT]
    Agent 3: (2,12) -> (2,12) [WAIT]
t=13:
    Agent 0: (9,1) -> (9,1) [WAIT]
    Agent 1: (2,7) -> (2,6) [LEFT]
    Agent 2: (11,5) -> (11,5) [WAIT]
    Agent 3: (2,12) -> (2,12) [WAIT]
t=14:
    Agent 0: (9,1) -> (9,1) [WAIT]
    Agent 1: (2,6) -> (2,5) [LEFT]
    Agent 2: (11,5) -> (11,5) [WAIT]
    Agent 3: (2,12) -> (2,12) [WAIT]
t=15:
    Agent 0: (9,1) -> (9,1) [WAIT]
    Agent 1: (2,5) -> (1,5) [UP]
    Agent 2: (11,5) -> (11,5) [WAIT]
    Agent 3: (2,12) -> (2,12) [WAIT]
t=16:
    Agent 0: (9,1) -> (9,1) [WAIT]
    Agent 1: (1,5) -> (1,4) [LEFT]
    Agent 2: (11,5) -> (11,5) [WAIT]
    Agent 3: (2,12) -> (2,12) [WAIT]
t=17:
    Agent 0: (9,1) -> (9,1) [WAIT]
    Agent 1: (1,4) -> (1,3) [LEFT]
    Agent 2: (11,5) -> (11,5) [WAIT]
    Agent 3: (2,12) -> (2,12) [WAIT]
t=18:
    Agent 0: (9,1) -> (9,1) [WAIT]
    Agent 1: (1,3) -> (1,3) [WAIT]
    Agent 2: (11,5) -> (11,5) [WAIT]
    Agent 3: (2,12) -> (2,12) [WAIT]
t=19:
    Agent 0: (9,1) -> (9,1) [WAIT]
    Agent 1: (1,3) -> (1,3) [WAIT]
    Agent 2: (11,5) -> (11,5) [WAIT]
    Agent 3: (2,12) -> (2,12) [WAIT]
-------------------------

  -> Vertex collision detected: Agent 3 and 1 at (2, 10) at t=10
  -> Vertex collision detected: Agent 3 and 1 at (2, 10) at t=10
Node 0: Collision 3-1 at (2, 10) t=10
  [PBS] Agent 1 t=9: forced WAIT at (2,11) due to VERTEX constraint (wanted (2,10))
  [PBS] Agent 1 t=10: rerouted to (1,11) [UP] (wanted (2,10))

--- Paths by Timestep ---
t=0:
    Agent 0: (7,2) -> (8,2) [DOWN]
    Agent 1: (1,19) -> (1,18) [LEFT]
    Agent 2: (12,3) -> (13,3) [DOWN]
    Agent 3: (8,6) -> (8,7) [RIGHT]
t=1:
    Agent 0: (8,2) -> (9,2) [DOWN]
    Agent 1: (1,18) -> (1,17) [LEFT]
    Agent 2: (13,3) -> (13,4) [RIGHT]
    Agent 3: (8,7) -> (7,7) [UP]
t=2:
    Agent 0: (9,2) -> (9,1) [LEFT]
    Agent 1: (1,17) -> (1,16) [LEFT]
    Agent 2: (13,4) -> (13,5) [RIGHT]
    Agent 3: (7,7) -> (6,7) [UP]
t=3:
    Agent 0: (9,1) -> (9,1) [WAIT]
    Agent 1: (1,16) -> (1,15) [LEFT]
    Agent 2: (13,5) -> (12,5) [UP]
    Agent 3: (6,7) -> (5,7) [UP]
t=4:
    Agent 0: (9,1) -> (9,1) [WAIT]
    Agent 1: (1,15) -> (1,14) [LEFT]
    Agent 2: (12,5) -> (11,5) [UP]
    Agent 3: (5,7) -> (4,7) [UP]
t=5:
    Agent 0: (9,1) -> (9,1) [WAIT]
    Agent 1: (1,14) -> (2,14) [DOWN]
    Agent 2: (11,5) -> (11,5) [WAIT]
    Agent 3: (4,7) -> (3,7) [UP]
t=6:
    Agent 0: (9,1) -> (9,1) [WAIT]
    Agent 1: (2,14) -> (2,13) [LEFT]
    Agent 2: (11,5) -> (11,5) [WAIT]
    Agent 3: (3,7) -> (2,7) [UP]
t=7:
    Agent 0: (9,1) -> (9,1) [WAIT]
    Agent 1: (2,13) -> (2,12) [LEFT]
    Agent 2: (11,5) -> (11,5) [WAIT]
    Agent 3: (2,7) -> (2,8) [RIGHT]
t=8:
    Agent 0: (9,1) -> (9,1) [WAIT]
    Agent 1: (2,12) -> (2,11) [LEFT]
    Agent 2: (11,5) -> (11,5) [WAIT]
    Agent 3: (2,8) -> (2,9) [RIGHT]
t=9:
    Agent 0: (9,1) -> (9,1) [WAIT]
    Agent 1: (2,11) -> (2,11) [WAIT]
    Agent 2: (11,5) -> (11,5) [WAIT]
    Agent 3: (2,9) -> (2,10) [RIGHT]
t=10:
    Agent 0: (9,1) -> (9,1) [WAIT]
    Agent 1: (2,11) -> (1,11) [UP]
    Agent 2: (11,5) -> (11,5) [WAIT]
    Agent 3: (2,10) -> (2,11) [RIGHT]
t=11:
    Agent 0: (9,1) -> (9,1) [WAIT]
    Agent 1: (1,11) -> (1,10) [LEFT]
    Agent 2: (11,5) -> (11,5) [WAIT]
    Agent 3: (2,11) -> (2,12) [RIGHT]
t=12:
    Agent 0: (9,1) -> (9,1) [WAIT]
    Agent 1: (1,10) -> (1,9) [LEFT]
    Agent 2: (11,5) -> (11,5) [WAIT]
    Agent 3: (2,12) -> (2,12) [WAIT]
t=13:
    Agent 0: (9,1) -> (9,1) [WAIT]
    Agent 1: (1,9) -> (1,8) [LEFT]
    Agent 2: (11,5) -> (11,5) [WAIT]
    Agent 3: (2,12) -> (2,12) [WAIT]
t=14:
    Agent 0: (9,1) -> (9,1) [WAIT]
    Agent 1: (1,8) -> (1,7) [LEFT]
    Agent 2: (11,5) -> (11,5) [WAIT]
    Agent 3: (2,12) -> (2,12) [WAIT]
t=15:
    Agent 0: (9,1) -> (9,1) [WAIT]
    Agent 1: (1,7) -> (2,7) [DOWN]
    Agent 2: (11,5) -> (11,5) [WAIT]
    Agent 3: (2,12) -> (2,12) [WAIT]
t=16:
    Agent 0: (9,1) -> (9,1) [WAIT]
    Agent 1: (2,7) -> (2,6) [LEFT]
    Agent 2: (11,5) -> (11,5) [WAIT]
    Agent 3: (2,12) -> (2,12) [WAIT]
t=17:
    Agent 0: (9,1) -> (9,1) [WAIT]
    Agent 1: (2,6) -> (2,5) [LEFT]
    Agent 2: (11,5) -> (11,5) [WAIT]
    Agent 3: (2,12) -> (2,12) [WAIT]
t=18:
    Agent 0: (9,1) -> (9,1) [WAIT]
    Agent 1: (2,5) -> (1,5) [UP]
    Agent 2: (11,5) -> (11,5) [WAIT]
    Agent 3: (2,12) -> (2,12) [WAIT]
t=19:
    Agent 0: (9,1) -> (9,1) [WAIT]
    Agent 1: (1,5) -> (1,4) [LEFT]
    Agent 2: (11,5) -> (11,5) [WAIT]
    Agent 3: (2,12) -> (2,12) [WAIT]
-------------------------

  [PBS] Agent 3 t=9: forced WAIT at (2,9) due to VERTEX constraint (wanted (2,10))
  [PBS] Agent 3 t=10: rerouted to (1,9) [UP] (wanted (2,10))

--- Paths by Timestep ---
t=0:
    Agent 0: (7,2) -> (8,2) [DOWN]
    Agent 1: (1,19) -> (1,18) [LEFT]
    Agent 2: (12,3) -> (13,3) [DOWN]
    Agent 3: (8,6) -> (8,7) [RIGHT]
t=1:
    Agent 0: (8,2) -> (9,2) [DOWN]
    Agent 1: (1,18) -> (1,17) [LEFT]
    Agent 2: (13,3) -> (13,4) [RIGHT]
    Agent 3: (8,7) -> (7,7) [UP]
t=2:
    Agent 0: (9,2) -> (9,1) [LEFT]
    Agent 1: (1,17) -> (1,16) [LEFT]
    Agent 2: (13,4) -> (13,5) [RIGHT]
    Agent 3: (7,7) -> (6,7) [UP]
t=3:
    Agent 0: (9,1) -> (9,1) [WAIT]
    Agent 1: (1,16) -> (1,15) [LEFT]
    Agent 2: (13,5) -> (12,5) [UP]
    Agent 3: (6,7) -> (5,7) [UP]
t=4:
    Agent 0: (9,1) -> (9,1) [WAIT]
    Agent 1: (1,15) -> (1,14) [LEFT]
    Agent 2: (12,5) -> (11,5) [UP]
    Agent 3: (5,7) -> (4,7) [UP]
t=5:
    Agent 0: (9,1) -> (9,1) [WAIT]
    Agent 1: (1,14) -> (2,14) [DOWN]
    Agent 2: (11,5) -> (11,5) [WAIT]
    Agent 3: (4,7) -> (3,7) [UP]
t=6:
    Agent 0: (9,1) -> (9,1) [WAIT]
    Agent 1: (2,14) -> (2,13) [LEFT]
    Agent 2: (11,5) -> (11,5) [WAIT]
    Agent 3: (3,7) -> (2,7) [UP]
t=7:
    Agent 0: (9,1) -> (9,1) [WAIT]
    Agent 1: (2,13) -> (2,12) [LEFT]
    Agent 2: (11,5) -> (11,5) [WAIT]
    Agent 3: (2,7) -> (2,8) [RIGHT]
t=8:
    Agent 0: (9,1) -> (9,1) [WAIT]
    Agent 1: (2,12) -> (2,11) [LEFT]
    Agent 2: (11,5) -> (11,5) [WAIT]
    Agent 3: (2,8) -> (2,9) [RIGHT]
t=9:
    Agent 0: (9,1) -> (9,1) [WAIT]
    Agent 1: (2,11) -> (2,10) [LEFT]
    Agent 2: (11,5) -> (11,5) [WAIT]
    Agent 3: (2,9) -> (2,9) [WAIT]
t=10:
    Agent 0: (9,1) -> (9,1) [WAIT]
    Agent 1: (2,10) -> (2,9) [LEFT]
    Agent 2: (11,5) -> (11,5) [WAIT]
    Agent 3: (2,9) -> (1,9) [UP]
t=11:
    Agent 0: (9,1) -> (9,1) [WAIT]
    Agent 1: (2,9) -> (2,8) [LEFT]
    Agent 2: (11,5) -> (11,5) [WAIT]
    Agent 3: (1,9) -> (1,10) [RIGHT]
t=12:
    Agent 0: (9,1) -> (9,1) [WAIT]
    Agent 1: (2,8) -> (2,7) [LEFT]
    Agent 2: (11,5) -> (11,5) [WAIT]
    Agent 3: (1,10) -> (1,11) [RIGHT]
t=13:
    Agent 0: (9,1) -> (9,1) [WAIT]
    Agent 1: (2,7) -> (2,6) [LEFT]
    Agent 2: (11,5) -> (11,5) [WAIT]
    Agent 3: (1,11) -> (2,11) [DOWN]
t=14:
    Agent 0: (9,1) -> (9,1) [WAIT]
    Agent 1: (2,6) -> (2,5) [LEFT]
    Agent 2: (11,5) -> (11,5) [WAIT]
    Agent 3: (2,11) -> (2,12) [RIGHT]
t=15:
    Agent 0: (9,1) -> (9,1) [WAIT]
    Agent 1: (2,5) -> (1,5) [UP]
    Agent 2: (11,5) -> (11,5) [WAIT]
    Agent 3: (2,12) -> (2,12) [WAIT]
t=16:
    Agent 0: (9,1) -> (9,1) [WAIT]
    Agent 1: (1,5) -> (1,4) [LEFT]
    Agent 2: (11,5) -> (11,5) [WAIT]
    Agent 3: (2,12) -> (2,12) [WAIT]
t=17:
    Agent 0: (9,1) -> (9,1) [WAIT]
    Agent 1: (1,4) -> (1,3) [LEFT]
    Agent 2: (11,5) -> (11,5) [WAIT]
    Agent 3: (2,12) -> (2,12) [WAIT]
t=18:
    Agent 0: (9,1) -> (9,1) [WAIT]
    Agent 1: (1,3) -> (1,3) [WAIT]
    Agent 2: (11,5) -> (11,5) [WAIT]
    Agent 3: (2,12) -> (2,12) [WAIT]
t=19:
    Agent 0: (9,1) -> (9,1) [WAIT]
    Agent 1: (1,3) -> (1,3) [WAIT]
    Agent 2: (11,5) -> (11,5) [WAIT]
    Agent 3: (2,12) -> (2,12) [WAIT]
-------------------------

Solution found! Cost: 420

============================================================
PBS SEARCH TREE
============================================================
└── Node 0 | Collision: 3-1 at (2, 10) t=10 | Cost: 420 | Priorities: {}
    ├── Node 1 [Added: 3>1] | Cost: 420 | Priorities: {3>1}
    └── Node 2 [Added: 1>3] ✓ SOLUTION | Cost: 420 | Priorities: {1>3}

------------------------------------------------------------
Total nodes generated: 3
Total nodes expanded:  2
Solution found at Node 2
Final priorities: {1>3}
============================================================


--------------------------------------------------
Run 28: SOLVED in 0.08s
Nodes Generated: 3
Nodes Expanded:  2

Final path lengths:
  Agent 0: 3 steps
  Agent 1: 18 steps
  Agent 2: 5 steps
  Agent 3: 15 steps
--------------------------------------------------
