
--- Random Run 20/70 ---
Obstacle cells: 33 / 400
Agent Setup:
  Agent 0: (2, 5) -> (17, 1) (red)
  Agent 1: (0, 13) -> (6, 19) (blue)
  Agent 2: (19, 2) -> (17, 13) (green)
  Agent 3: (14, 16) -> (2, 13) (orange)
Starting PBS for 4 agents...

--- Paths by Timestep ---
t=0:
    Agent 0: (2,5) -> (2,4) [LEFT]
    Agent 1: (0,13) -> (0,14) [RIGHT]
    Agent 2: (19,2) -> (19,3) [RIGHT]
    Agent 3: (14,16) -> (13,16) [UP]
t=1:
    Agent 0: (2,4) -> (3,4) [DOWN]
    Agent 1: (0,14) -> (0,15) [RIGHT]
    Agent 2: (19,3) -> (19,4) [RIGHT]
    Agent 3: (13,16) -> (12,16) [UP]
t=2:
    Agent 0: (3,4) -> (4,4) [DOWN]
    Agent 1: (0,15) -> (1,15) [DOWN]
    Agent 2: (19,4) -> (19,5) [RIGHT]
    Agent 3: (12,16) -> (11,16) [UP]
t=3:
    Agent 0: (4,4) -> (4,3) [LEFT]
    Agent 1: (1,15) -> (1,16) [RIGHT]
    Agent 2: (19,5) -> (18,5) [UP]
    Agent 3: (11,16) -> (10,16) [UP]
t=4:
    Agent 0: (4,3) -> (4,2) [LEFT]
    Agent 1: (1,16) -> (1,17) [RIGHT]
    Agent 2: (18,5) -> (17,5) [UP]
    Agent 3: (10,16) -> (9,16) [UP]
t=5:
    Agent 0: (4,2) -> (4,1) [LEFT]
    Agent 1: (1,17) -> (2,17) [DOWN]
    Agent 2: (17,5) -> (17,6) [RIGHT]
    Agent 3: (9,16) -> (8,16) [UP]
t=6:
    Agent 0: (4,1) -> (5,1) [DOWN]
    Agent 1: (2,17) -> (3,17) [DOWN]
    Agent 2: (17,6) -> (17,7) [RIGHT]
    Agent 3: (8,16) -> (7,16) [UP]
t=7:
    Agent 0: (5,1) -> (6,1) [DOWN]
    Agent 1: (3,17) -> (4,17) [DOWN]
    Agent 2: (17,7) -> (17,8) [RIGHT]
    Agent 3: (7,16) -> (6,16) [UP]
t=8:
    Agent 0: (6,1) -> (7,1) [DOWN]
    Agent 1: (4,17) -> (4,18) [RIGHT]
    Agent 2: (17,8) -> (17,9) [RIGHT]
    Agent 3: (6,16) -> (5,16) [UP]
t=9:
    Agent 0: (7,1) -> (8,1) [DOWN]
    Agent 1: (4,18) -> (4,19) [RIGHT]
    Agent 2: (17,9) -> (17,10) [RIGHT]
    Agent 3: (5,16) -> (4,16) [UP]
t=10:
    Agent 0: (8,1) -> (9,1) [DOWN]
    Agent 1: (4,19) -> (4,18) [LEFT]
    Agent 2: (17,10) -> (17,11) [RIGHT]
    Agent 3: (4,16) -> (3,16) [UP]
t=11:
    Agent 0: (9,1) -> (10,1) [DOWN]
    Agent 1: (4,18) -> (4,19) [RIGHT]
    Agent 2: (17,11) -> (17,12) [RIGHT]
    Agent 3: (3,16) -> (2,16) [UP]
t=12:
    Agent 0: (10,1) -> (11,1) [DOWN]
    Agent 1: (4,19) -> (4,18) [LEFT]
    Agent 2: (17,12) -> (17,13) [RIGHT]
    Agent 3: (2,16) -> (2,15) [LEFT]
t=13:
    Agent 0: (11,1) -> (12,1) [DOWN]
    Agent 1: (4,18) -> (4,19) [RIGHT]
    Agent 2: (17,13) -> (17,13) [WAIT]
    Agent 3: (2,15) -> (2,14) [LEFT]
t=14:
    Agent 0: (12,1) -> (13,1) [DOWN]
    Agent 1: (4,19) -> (4,18) [LEFT]
    Agent 2: (17,13) -> (17,13) [WAIT]
    Agent 3: (2,14) -> (2,13) [LEFT]
t=15:
    Agent 0: (13,1) -> (14,1) [DOWN]
    Agent 1: (4,18) -> (4,19) [RIGHT]
    Agent 2: (17,13) -> (17,13) [WAIT]
    Agent 3: (2,13) -> (2,13) [WAIT]
t=16:
    Agent 0: (14,1) -> (15,1) [DOWN]
    Agent 1: (4,19) -> (4,18) [LEFT]
    Agent 2: (17,13) -> (17,13) [WAIT]
    Agent 3: (2,13) -> (2,13) [WAIT]
t=17:
    Agent 0: (15,1) -> (16,1) [DOWN]
    Agent 1: (4,18) -> (4,19) [RIGHT]
    Agent 2: (17,13) -> (17,13) [WAIT]
    Agent 3: (2,13) -> (2,13) [WAIT]
t=18:
    Agent 0: (16,1) -> (17,1) [DOWN]
    Agent 1: (4,19) -> (4,18) [LEFT]
    Agent 2: (17,13) -> (17,13) [WAIT]
    Agent 3: (2,13) -> (2,13) [WAIT]
t=19:
    Agent 0: (17,1) -> (17,1) [WAIT]
    Agent 1: (4,18) -> (4,19) [RIGHT]
    Agent 2: (17,13) -> (17,13) [WAIT]
    Agent 3: (2,13) -> (2,13) [WAIT]
-------------------------


============================================================
PBS SEARCH TREE
============================================================
└── Node 0 ✓ SOLUTION | Cost: 420 | Priorities: {}

------------------------------------------------------------
Total nodes generated: 0
Total nodes expanded:  0
Solution found at Node 0
Final priorities: {}
============================================================


--------------------------------------------------
Run 20: SOLVED in 0.20s
Nodes Generated: 0
Nodes Expanded:  0

Final path lengths:
  Agent 0: 19 steps
  Agent 1: 104 steps
  Agent 2: 13 steps
  Agent 3: 15 steps
--------------------------------------------------
