
--- Random Run 6/70 ---
Obstacle cells: 41 / 400
Agent Setup:
  Agent 0: (0, 2) -> (15, 8) (red)
  Agent 1: (14, 0) -> (5, 4) (blue)
  Agent 2: (9, 19) -> (17, 16) (green)
  Agent 3: (5, 16) -> (9, 15) (orange)
Starting PBS for 4 agents...

--- Paths by Timestep ---
t=0:
    Agent 0: (0,2) -> (1,2) [DOWN]
    Agent 1: (14,0) -> (14,1) [RIGHT]
    Agent 2: (9,19) -> (10,19) [DOWN]
    Agent 3: (5,16) -> (5,15) [LEFT]
t=1:
    Agent 0: (1,2) -> (2,2) [DOWN]
    Agent 1: (14,1) -> (13,1) [UP]
    Agent 2: (10,19) -> (11,19) [DOWN]
    Agent 3: (5,15) -> (6,15) [DOWN]
t=2:
    Agent 0: (2,2) -> (3,2) [DOWN]
    Agent 1: (13,1) -> (13,2) [RIGHT]
    Agent 2: (11,19) -> (12,19) [DOWN]
    Agent 3: (6,15) -> (7,15) [DOWN]
t=3:
    Agent 0: (3,2) -> (4,2) [DOWN]
    Agent 1: (13,2) -> (12,2) [UP]
    Agent 2: (12,19) -> (13,19) [DOWN]
    Agent 3: (7,15) -> (8,15) [DOWN]
t=4:
    Agent 0: (4,2) -> (5,2) [DOWN]
    Agent 1: (12,2) -> (11,2) [UP]
    Agent 2: (13,19) -> (14,19) [DOWN]
    Agent 3: (8,15) -> (9,15) [DOWN]
t=5:
    Agent 0: (5,2) -> (5,3) [RIGHT]
    Agent 1: (11,2) -> (11,1) [LEFT]
    Agent 2: (14,19) -> (15,19) [DOWN]
    Agent 3: (9,15) -> (9,15) [WAIT]
t=6:
    Agent 0: (5,3) -> (5,4) [RIGHT]
    Agent 1: (11,1) -> (10,1) [UP]
    Agent 2: (15,19) -> (16,19) [DOWN]
    Agent 3: (9,15) -> (9,15) [WAIT]
t=7:
    Agent 0: (5,4) -> (5,5) [RIGHT]
    Agent 1: (10,1) -> (10,1) [WAIT]
    Agent 2: (16,19) -> (16,18) [LEFT]
    Agent 3: (9,15) -> (9,15) [WAIT]
t=8:
    Agent 0: (5,5) -> (6,5) [DOWN]
    Agent 1: (10,1) -> (10,1) [WAIT]
    Agent 2: (16,18) -> (17,18) [DOWN]
    Agent 3: (9,15) -> (9,15) [WAIT]
t=9:
    Agent 0: (6,5) -> (7,5) [DOWN]
    Agent 1: (10,1) -> (10,1) [WAIT]
    Agent 2: (17,18) -> (17,17) [LEFT]
    Agent 3: (9,15) -> (9,15) [WAIT]
t=10:
    Agent 0: (7,5) -> (8,5) [DOWN]
    Agent 1: (10,1) -> (11,1) [DOWN]
    Agent 2: (17,17) -> (17,16) [LEFT]
    Agent 3: (9,15) -> (9,15) [WAIT]
t=11:
    Agent 0: (8,5) -> (9,5) [DOWN]
    Agent 1: (11,1) -> (10,1) [UP]
    Agent 2: (17,16) -> (17,16) [WAIT]
    Agent 3: (9,15) -> (9,15) [WAIT]
t=12:
    Agent 0: (9,5) -> (10,5) [DOWN]
    Agent 1: (10,1) -> (10,1) [WAIT]
    Agent 2: (17,16) -> (17,16) [WAIT]
    Agent 3: (9,15) -> (9,15) [WAIT]
t=13:
    Agent 0: (10,5) -> (11,5) [DOWN]
    Agent 1: (10,1) -> (10,1) [WAIT]
    Agent 2: (17,16) -> (17,16) [WAIT]
    Agent 3: (9,15) -> (9,15) [WAIT]
t=14:
    Agent 0: (11,5) -> (12,5) [DOWN]
    Agent 1: (10,1) -> (10,1) [WAIT]
    Agent 2: (17,16) -> (17,16) [WAIT]
    Agent 3: (9,15) -> (9,15) [WAIT]
t=15:
    Agent 0: (12,5) -> (12,6) [RIGHT]
    Agent 1: (10,1) -> (11,1) [DOWN]
    Agent 2: (17,16) -> (17,16) [WAIT]
    Agent 3: (9,15) -> (9,15) [WAIT]
t=16:
    Agent 0: (12,6) -> (13,6) [DOWN]
    Agent 1: (11,1) -> (10,1) [UP]
    Agent 2: (17,16) -> (17,16) [WAIT]
    Agent 3: (9,15) -> (9,15) [WAIT]
t=17:
    Agent 0: (13,6) -> (14,6) [DOWN]
    Agent 1: (10,1) -> (10,1) [WAIT]
    Agent 2: (17,16) -> (17,16) [WAIT]
    Agent 3: (9,15) -> (9,15) [WAIT]
t=18:
    Agent 0: (14,6) -> (14,7) [RIGHT]
    Agent 1: (10,1) -> (10,1) [WAIT]
    Agent 2: (17,16) -> (17,16) [WAIT]
    Agent 3: (9,15) -> (9,15) [WAIT]
t=19:
    Agent 0: (14,7) -> (14,8) [RIGHT]
    Agent 1: (10,1) -> (10,1) [WAIT]
    Agent 2: (17,16) -> (17,16) [WAIT]
    Agent 3: (9,15) -> (9,15) [WAIT]
-------------------------


============================================================
PBS SEARCH TREE
============================================================
└── Node 0 ✓ SOLUTION | Cost: 420 | Priorities: {}

------------------------------------------------------------
Total nodes generated: 0
Total nodes expanded:  0
Solution found at Node 0
Final priorities: {}
============================================================


--------------------------------------------------
Run 6: SOLVED in 0.09s
Nodes Generated: 0
Nodes Expanded:  0

Final path lengths:
  Agent 0: 21 steps
  Agent 1: 104 steps
  Agent 2: 11 steps
  Agent 3: 5 steps
--------------------------------------------------
