
--- Random Run 50/70 ---
Obstacle cells: 37 / 400
Agent Setup:
  Agent 0: (18, 19) -> (1, 4) (red)
  Agent 1: (10, 2) -> (15, 1) (blue)
  Agent 2: (7, 11) -> (16, 16) (green)
  Agent 3: (18, 2) -> (8, 15) (orange)
Starting PBS for 4 agents...

--- Paths by Timestep ---
t=0:
    Agent 0: (18,19) -> (17,19) [UP]
    Agent 1: (10,2) -> (11,2) [DOWN]
    Agent 2: (7,11) -> (7,12) [RIGHT]
    Agent 3: (18,2) -> (18,3) [RIGHT]
t=1:
    Agent 0: (17,19) -> (16,19) [UP]
    Agent 1: (11,2) -> (11,1) [LEFT]
    Agent 2: (7,12) -> (7,13) [RIGHT]
    Agent 3: (18,3) -> (17,3) [UP]
t=2:
    Agent 0: (16,19) -> (16,18) [LEFT]
    Agent 1: (11,1) -> (12,1) [DOWN]
    Agent 2: (7,13) -> (7,12) [LEFT]
    Agent 3: (17,3) -> (16,3) [UP]
t=3:
    Agent 0: (16,18) -> (15,18) [UP]
    Agent 1: (12,1) -> (13,1) [DOWN]
    Agent 2: (7,12) -> (7,13) [RIGHT]
    Agent 3: (16,3) -> (15,3) [UP]
t=4:
    Agent 0: (15,18) -> (14,18) [UP]
    Agent 1: (13,1) -> (14,1) [DOWN]
    Agent 2: (7,13) -> (7,14) [RIGHT]
    Agent 3: (15,3) -> (14,3) [UP]
t=5:
    Agent 0: (14,18) -> (13,18) [UP]
    Agent 1: (14,1) -> (15,1) [DOWN]
    Agent 2: (7,14) -> (7,15) [RIGHT]
    Agent 3: (14,3) -> (13,3) [UP]
t=6:
    Agent 0: (13,18) -> (12,18) [UP]
    Agent 1: (15,1) -> (15,1) [WAIT]
    Agent 2: (7,15) -> (7,16) [RIGHT]
    Agent 3: (13,3) -> (12,3) [UP]
t=7:
    Agent 0: (12,18) -> (11,18) [UP]
    Agent 1: (15,1) -> (15,1) [WAIT]
    Agent 2: (7,16) -> (8,16) [DOWN]
    Agent 3: (12,3) -> (11,3) [UP]
t=8:
    Agent 0: (11,18) -> (10,18) [UP]
    Agent 1: (15,1) -> (15,1) [WAIT]
    Agent 2: (8,16) -> (9,16) [DOWN]
    Agent 3: (11,3) -> (11,4) [RIGHT]
t=9:
    Agent 0: (10,18) -> (9,18) [UP]
    Agent 1: (15,1) -> (15,1) [WAIT]
    Agent 2: (9,16) -> (10,16) [DOWN]
    Agent 3: (11,4) -> (11,5) [RIGHT]
t=10:
    Agent 0: (9,18) -> (8,18) [UP]
    Agent 1: (15,1) -> (15,1) [WAIT]
    Agent 2: (10,16) -> (11,16) [DOWN]
    Agent 3: (11,5) -> (11,6) [RIGHT]
t=11:
    Agent 0: (8,18) -> (7,18) [UP]
    Agent 1: (15,1) -> (15,1) [WAIT]
    Agent 2: (11,16) -> (12,16) [DOWN]
    Agent 3: (11,6) -> (11,7) [RIGHT]
t=12:
    Agent 0: (7,18) -> (6,18) [UP]
    Agent 1: (15,1) -> (15,1) [WAIT]
    Agent 2: (12,16) -> (13,16) [DOWN]
    Agent 3: (11,7) -> (11,8) [RIGHT]
t=13:
    Agent 0: (6,18) -> (5,18) [UP]
    Agent 1: (15,1) -> (15,1) [WAIT]
    Agent 2: (13,16) -> (14,16) [DOWN]
    Agent 3: (11,8) -> (11,9) [RIGHT]
t=14:
    Agent 0: (5,18) -> (4,18) [UP]
    Agent 1: (15,1) -> (15,1) [WAIT]
    Agent 2: (14,16) -> (15,16) [DOWN]
    Agent 3: (11,9) -> (11,10) [RIGHT]
t=15:
    Agent 0: (4,18) -> (4,17) [LEFT]
    Agent 1: (15,1) -> (15,1) [WAIT]
    Agent 2: (15,16) -> (16,16) [DOWN]
    Agent 3: (11,10) -> (11,11) [RIGHT]
t=16:
    Agent 0: (4,17) -> (3,17) [UP]
    Agent 1: (15,1) -> (15,1) [WAIT]
    Agent 2: (16,16) -> (16,16) [WAIT]
    Agent 3: (11,11) -> (11,12) [RIGHT]
t=17:
    Agent 0: (3,17) -> (2,17) [UP]
    Agent 1: (15,1) -> (15,1) [WAIT]
    Agent 2: (16,16) -> (16,16) [WAIT]
    Agent 3: (11,12) -> (11,13) [RIGHT]
t=18:
    Agent 0: (2,17) -> (2,16) [LEFT]
    Agent 1: (15,1) -> (15,1) [WAIT]
    Agent 2: (16,16) -> (16,16) [WAIT]
    Agent 3: (11,13) -> (11,14) [RIGHT]
t=19:
    Agent 0: (2,16) -> (2,15) [LEFT]
    Agent 1: (15,1) -> (15,1) [WAIT]
    Agent 2: (16,16) -> (16,16) [WAIT]
    Agent 3: (11,14) -> (10,14) [UP]
-------------------------


============================================================
PBS SEARCH TREE
============================================================
└── Node 0 ✓ SOLUTION | Cost: 420 | Priorities: {}

------------------------------------------------------------
Total nodes generated: 0
Total nodes expanded:  0
Solution found at Node 0
Final priorities: {}
============================================================


--------------------------------------------------
Run 50: SOLVED in 0.08s
Nodes Generated: 0
Nodes Expanded:  0

Final path lengths:
  Agent 0: 32 steps
  Agent 1: 6 steps
  Agent 2: 16 steps
  Agent 3: 23 steps
--------------------------------------------------
