
--- Random Run 47/70 ---
Obstacle cells: 34 / 400
Agent Setup:
  Agent 0: (14, 7) -> (7, 11) (red)
  Agent 1: (16, 13) -> (5, 3) (blue)
  Agent 2: (10, 0) -> (13, 6) (green)
  Agent 3: (13, 18) -> (6, 12) (orange)
Starting PBS for 4 agents...

--- Paths by Timestep ---
t=0:
    Agent 0: (14,7) -> (13,7) [UP]
    Agent 1: (16,13) -> (15,13) [UP]
    Agent 2: (10,0) -> (11,0) [DOWN]
    Agent 3: (13,18) -> (12,18) [UP]
t=1:
    Agent 0: (13,7) -> (13,6) [LEFT]
    Agent 1: (15,13) -> (14,13) [UP]
    Agent 2: (11,0) -> (12,0) [DOWN]
    Agent 3: (12,18) -> (11,18) [UP]
t=2:
    Agent 0: (13,6) -> (12,6) [UP]
    Agent 1: (14,13) -> (13,13) [UP]
    Agent 2: (12,0) -> (12,1) [RIGHT]
    Agent 3: (11,18) -> (10,18) [UP]
t=3:
    Agent 0: (12,6) -> (11,6) [UP]
    Agent 1: (13,13) -> (12,13) [UP]
    Agent 2: (12,1) -> (12,2) [RIGHT]
    Agent 3: (10,18) -> (9,18) [UP]
t=4:
    Agent 0: (11,6) -> (10,6) [UP]
    Agent 1: (12,13) -> (11,13) [UP]
    Agent 2: (12,2) -> (12,3) [RIGHT]
    Agent 3: (9,18) -> (8,18) [UP]
t=5:
    Agent 0: (10,6) -> (10,7) [RIGHT]
    Agent 1: (11,13) -> (10,13) [UP]
    Agent 2: (12,3) -> (12,4) [RIGHT]
    Agent 3: (8,18) -> (8,17) [LEFT]
t=6:
    Agent 0: (10,7) -> (10,8) [RIGHT]
    Agent 1: (10,13) -> (9,13) [UP]
    Agent 2: (12,4) -> (12,5) [RIGHT]
    Agent 3: (8,17) -> (8,16) [LEFT]
t=7:
    Agent 0: (10,8) -> (10,9) [RIGHT]
    Agent 1: (9,13) -> (8,13) [UP]
    Agent 2: (12,5) -> (12,6) [RIGHT]
    Agent 3: (8,16) -> (8,15) [LEFT]
t=8:
    Agent 0: (10,9) -> (9,9) [UP]
    Agent 1: (8,13) -> (7,13) [UP]
    Agent 2: (12,6) -> (13,6) [DOWN]
    Agent 3: (8,15) -> (7,15) [UP]
t=9:
    Agent 0: (9,9) -> (8,9) [UP]
    Agent 1: (7,13) -> (6,13) [UP]
    Agent 2: (13,6) -> (13,6) [WAIT]
    Agent 3: (7,15) -> (6,15) [UP]
t=10:
    Agent 0: (8,9) -> (7,9) [UP]
    Agent 1: (6,13) -> (5,13) [UP]
    Agent 2: (13,6) -> (13,6) [WAIT]
    Agent 3: (6,15) -> (6,14) [LEFT]
t=11:
    Agent 0: (7,9) -> (7,10) [RIGHT]
    Agent 1: (5,13) -> (5,12) [LEFT]
    Agent 2: (13,6) -> (13,6) [WAIT]
    Agent 3: (6,14) -> (6,14) [WAIT]
t=12:
    Agent 0: (7,10) -> (7,11) [RIGHT]
    Agent 1: (5,12) -> (5,11) [LEFT]
    Agent 2: (13,6) -> (13,6) [WAIT]
    Agent 3: (6,14) -> (6,13) [LEFT]
t=13:
    Agent 0: (7,11) -> (7,11) [WAIT]
    Agent 1: (5,11) -> (5,10) [LEFT]
    Agent 2: (13,6) -> (13,6) [WAIT]
    Agent 3: (6,13) -> (6,12) [LEFT]
t=14:
    Agent 0: (7,11) -> (7,11) [WAIT]
    Agent 1: (5,10) -> (5,9) [LEFT]
    Agent 2: (13,6) -> (13,6) [WAIT]
    Agent 3: (6,12) -> (6,12) [WAIT]
t=15:
    Agent 0: (7,11) -> (7,11) [WAIT]
    Agent 1: (5,9) -> (5,8) [LEFT]
    Agent 2: (13,6) -> (13,6) [WAIT]
    Agent 3: (6,12) -> (6,12) [WAIT]
t=16:
    Agent 0: (7,11) -> (7,11) [WAIT]
    Agent 1: (5,8) -> (5,7) [LEFT]
    Agent 2: (13,6) -> (13,6) [WAIT]
    Agent 3: (6,12) -> (6,12) [WAIT]
t=17:
    Agent 0: (7,11) -> (7,11) [WAIT]
    Agent 1: (5,7) -> (5,6) [LEFT]
    Agent 2: (13,6) -> (13,6) [WAIT]
    Agent 3: (6,12) -> (6,12) [WAIT]
t=18:
    Agent 0: (7,11) -> (7,11) [WAIT]
    Agent 1: (5,6) -> (5,5) [LEFT]
    Agent 2: (13,6) -> (13,6) [WAIT]
    Agent 3: (6,12) -> (6,12) [WAIT]
t=19:
    Agent 0: (7,11) -> (7,11) [WAIT]
    Agent 1: (5,5) -> (5,4) [LEFT]
    Agent 2: (13,6) -> (13,6) [WAIT]
    Agent 3: (6,12) -> (6,12) [WAIT]
-------------------------


============================================================
PBS SEARCH TREE
============================================================
└── Node 0 ✓ SOLUTION | Cost: 420 | Priorities: {}

------------------------------------------------------------
Total nodes generated: 0
Total nodes expanded:  0
Solution found at Node 0
Final priorities: {}
============================================================


--------------------------------------------------
Run 47: SOLVED in 0.07s
Nodes Generated: 0
Nodes Expanded:  0

Final path lengths:
  Agent 0: 13 steps
  Agent 1: 21 steps
  Agent 2: 9 steps
  Agent 3: 14 steps
--------------------------------------------------
