
--- Random Run 12/70 ---
Obstacle cells: 35 / 400
Agent Setup:
  Agent 0: (7, 10) -> (4, 3) (red)
  Agent 1: (15, 1) -> (3, 1) (blue)
  Agent 2: (16, 4) -> (5, 5) (green)
  Agent 3: (7, 15) -> (3, 5) (orange)
Starting PBS for 4 agents...

--- Paths by Timestep ---
t=0:
    Agent 0: (7,10) -> (6,10) [UP]
    Agent 1: (15,1) -> (14,1) [UP]
    Agent 2: (16,4) -> (15,4) [UP]
    Agent 3: (7,15) -> (6,15) [UP]
t=1:
    Agent 0: (6,10) -> (5,10) [UP]
    Agent 1: (14,1) -> (13,1) [UP]
    Agent 2: (15,4) -> (14,4) [UP]
    Agent 3: (6,15) -> (5,15) [UP]
t=2:
    Agent 0: (5,10) -> (4,10) [UP]
    Agent 1: (13,1) -> (12,1) [UP]
    Agent 2: (14,4) -> (13,4) [UP]
    Agent 3: (5,15) -> (4,15) [UP]
t=3:
    Agent 0: (4,10) -> (4,9) [LEFT]
    Agent 1: (12,1) -> (12,2) [RIGHT]
    Agent 2: (13,4) -> (12,4) [UP]
    Agent 3: (4,15) -> (4,14) [LEFT]
t=4:
    Agent 0: (4,9) -> (4,8) [LEFT]
    Agent 1: (12,2) -> (11,2) [UP]
    Agent 2: (12,4) -> (11,4) [UP]
    Agent 3: (4,14) -> (4,13) [LEFT]
t=5:
    Agent 0: (4,8) -> (4,7) [LEFT]
    Agent 1: (11,2) -> (10,2) [UP]
    Agent 2: (11,4) -> (10,4) [UP]
    Agent 3: (4,13) -> (4,12) [LEFT]
t=6:
    Agent 0: (4,7) -> (4,6) [LEFT]
    Agent 1: (10,2) -> (9,2) [UP]
    Agent 2: (10,4) -> (9,4) [UP]
    Agent 3: (4,12) -> (4,11) [LEFT]
t=7:
    Agent 0: (4,6) -> (4,5) [LEFT]
    Agent 1: (9,2) -> (8,2) [UP]
    Agent 2: (9,4) -> (8,4) [UP]
    Agent 3: (4,11) -> (4,10) [LEFT]
t=8:
    Agent 0: (4,5) -> (4,4) [LEFT]
    Agent 1: (8,2) -> (7,2) [UP]
    Agent 2: (8,4) -> (7,4) [UP]
    Agent 3: (4,10) -> (4,9) [LEFT]
t=9:
    Agent 0: (4,4) -> (4,3) [LEFT]
    Agent 1: (7,2) -> (6,2) [UP]
    Agent 2: (7,4) -> (6,4) [UP]
    Agent 3: (4,9) -> (3,9) [UP]
t=10:
    Agent 0: (4,3) -> (4,3) [WAIT]
    Agent 1: (6,2) -> (5,2) [UP]
    Agent 2: (6,4) -> (5,4) [UP]
    Agent 3: (3,9) -> (3,8) [LEFT]
t=11:
    Agent 0: (4,3) -> (4,3) [WAIT]
    Agent 1: (5,2) -> (5,1) [LEFT]
    Agent 2: (5,4) -> (5,5) [RIGHT]
    Agent 3: (3,8) -> (3,7) [LEFT]
t=12:
    Agent 0: (4,3) -> (4,3) [WAIT]
    Agent 1: (5,1) -> (4,1) [UP]
    Agent 2: (5,5) -> (5,5) [WAIT]
    Agent 3: (3,7) -> (3,6) [LEFT]
t=13:
    Agent 0: (4,3) -> (4,3) [WAIT]
    Agent 1: (4,1) -> (3,1) [UP]
    Agent 2: (5,5) -> (5,5) [WAIT]
    Agent 3: (3,6) -> (3,5) [LEFT]
t=14:
    Agent 0: (4,3) -> (4,3) [WAIT]
    Agent 1: (3,1) -> (3,1) [WAIT]
    Agent 2: (5,5) -> (5,5) [WAIT]
    Agent 3: (3,5) -> (3,5) [WAIT]
t=15:
    Agent 0: (4,3) -> (4,3) [WAIT]
    Agent 1: (3,1) -> (3,1) [WAIT]
    Agent 2: (5,5) -> (5,5) [WAIT]
    Agent 3: (3,5) -> (3,5) [WAIT]
t=16:
    Agent 0: (4,3) -> (4,3) [WAIT]
    Agent 1: (3,1) -> (3,1) [WAIT]
    Agent 2: (5,5) -> (5,5) [WAIT]
    Agent 3: (3,5) -> (3,5) [WAIT]
t=17:
    Agent 0: (4,3) -> (4,3) [WAIT]
    Agent 1: (3,1) -> (3,1) [WAIT]
    Agent 2: (5,5) -> (5,5) [WAIT]
    Agent 3: (3,5) -> (3,5) [WAIT]
t=18:
    Agent 0: (4,3) -> (4,3) [WAIT]
    Agent 1: (3,1) -> (3,1) [WAIT]
    Agent 2: (5,5) -> (5,5) [WAIT]
    Agent 3: (3,5) -> (3,5) [WAIT]
t=19:
    Agent 0: (4,3) -> (4,3) [WAIT]
    Agent 1: (3,1) -> (3,1) [WAIT]
    Agent 2: (5,5) -> (5,5) [WAIT]
    Agent 3: (3,5) -> (3,5) [WAIT]
-------------------------


============================================================
PBS SEARCH TREE
============================================================
└── Node 0 ✓ SOLUTION | Cost: 420 | Priorities: {}

------------------------------------------------------------
Total nodes generated: 0
Total nodes expanded:  0
Solution found at Node 0
Final priorities: {}
============================================================


--------------------------------------------------
Run 12: SOLVED in 0.15s
Nodes Generated: 0
Nodes Expanded:  0

Final path lengths:
  Agent 0: 10 steps
  Agent 1: 14 steps
  Agent 2: 12 steps
  Agent 3: 14 steps
--------------------------------------------------
