
--- Random Run 23/70 ---
Obstacle cells: 37 / 400
Agent Setup:
  Agent 0: (9, 12) -> (9, 6) (red)
  Agent 1: (15, 11) -> (14, 17) (blue)
  Agent 2: (16, 6) -> (9, 19) (green)
  Agent 3: (10, 8) -> (11, 17) (orange)
Starting PBS for 4 agents...

--- Paths by Timestep ---
t=0:
    Agent 0: (9,12) -> (8,12) [UP]
    Agent 1: (15,11) -> (14,11) [UP]
    Agent 2: (16,6) -> (15,6) [UP]
    Agent 3: (10,8) -> (10,9) [RIGHT]
t=1:
    Agent 0: (8,12) -> (8,11) [LEFT]
    Agent 1: (14,11) -> (14,12) [RIGHT]
    Agent 2: (15,6) -> (14,6) [UP]
    Agent 3: (10,9) -> (10,10) [RIGHT]
t=2:
    Agent 0: (8,11) -> (8,10) [LEFT]
    Agent 1: (14,12) -> (14,13) [RIGHT]
    Agent 2: (14,6) -> (14,7) [RIGHT]
    Agent 3: (10,10) -> (10,11) [RIGHT]
t=3:
    Agent 0: (8,10) -> (9,10) [DOWN]
    Agent 1: (14,13) -> (14,14) [RIGHT]
    Agent 2: (14,7) -> (14,8) [RIGHT]
    Agent 3: (10,11) -> (10,12) [RIGHT]
t=4:
    Agent 0: (9,10) -> (9,9) [LEFT]
    Agent 1: (14,14) -> (14,15) [RIGHT]
    Agent 2: (14,8) -> (14,9) [RIGHT]
    Agent 3: (10,12) -> (10,13) [RIGHT]
t=5:
    Agent 0: (9,9) -> (9,8) [LEFT]
    Agent 1: (14,15) -> (14,16) [RIGHT]
    Agent 2: (14,9) -> (14,10) [RIGHT]
    Agent 3: (10,13) -> (10,14) [RIGHT]
t=6:
    Agent 0: (9,8) -> (9,7) [LEFT]
    Agent 1: (14,16) -> (14,17) [RIGHT]
    Agent 2: (14,10) -> (14,11) [RIGHT]
    Agent 3: (10,14) -> (10,15) [RIGHT]
t=7:
    Agent 0: (9,7) -> (9,6) [LEFT]
    Agent 1: (14,17) -> (14,17) [WAIT]
    Agent 2: (14,11) -> (14,12) [RIGHT]
    Agent 3: (10,15) -> (10,16) [RIGHT]
t=8:
    Agent 0: (9,6) -> (9,6) [WAIT]
    Agent 1: (14,17) -> (14,17) [WAIT]
    Agent 2: (14,12) -> (14,13) [RIGHT]
    Agent 3: (10,16) -> (10,17) [RIGHT]
t=9:
    Agent 0: (9,6) -> (9,6) [WAIT]
    Agent 1: (14,17) -> (14,17) [WAIT]
    Agent 2: (14,13) -> (13,13) [UP]
    Agent 3: (10,17) -> (11,17) [DOWN]
t=10:
    Agent 0: (9,6) -> (9,6) [WAIT]
    Agent 1: (14,17) -> (14,17) [WAIT]
    Agent 2: (13,13) -> (13,14) [RIGHT]
    Agent 3: (11,17) -> (11,17) [WAIT]
t=11:
    Agent 0: (9,6) -> (9,6) [WAIT]
    Agent 1: (14,17) -> (14,17) [WAIT]
    Agent 2: (13,14) -> (12,14) [UP]
    Agent 3: (11,17) -> (11,17) [WAIT]
t=12:
    Agent 0: (9,6) -> (9,6) [WAIT]
    Agent 1: (14,17) -> (14,17) [WAIT]
    Agent 2: (12,14) -> (12,15) [RIGHT]
    Agent 3: (11,17) -> (11,17) [WAIT]
t=13:
    Agent 0: (9,6) -> (9,6) [WAIT]
    Agent 1: (14,17) -> (14,17) [WAIT]
    Agent 2: (12,15) -> (12,16) [RIGHT]
    Agent 3: (11,17) -> (11,17) [WAIT]
t=14:
    Agent 0: (9,6) -> (9,6) [WAIT]
    Agent 1: (14,17) -> (14,17) [WAIT]
    Agent 2: (12,16) -> (12,17) [RIGHT]
    Agent 3: (11,17) -> (11,17) [WAIT]
t=15:
    Agent 0: (9,6) -> (9,6) [WAIT]
    Agent 1: (14,17) -> (14,17) [WAIT]
    Agent 2: (12,17) -> (12,18) [RIGHT]
    Agent 3: (11,17) -> (11,17) [WAIT]
t=16:
    Agent 0: (9,6) -> (9,6) [WAIT]
    Agent 1: (14,17) -> (14,17) [WAIT]
    Agent 2: (12,18) -> (12,19) [RIGHT]
    Agent 3: (11,17) -> (11,17) [WAIT]
t=17:
    Agent 0: (9,6) -> (9,6) [WAIT]
    Agent 1: (14,17) -> (14,17) [WAIT]
    Agent 2: (12,19) -> (11,19) [UP]
    Agent 3: (11,17) -> (11,17) [WAIT]
t=18:
    Agent 0: (9,6) -> (9,6) [WAIT]
    Agent 1: (14,17) -> (14,17) [WAIT]
    Agent 2: (11,19) -> (10,19) [UP]
    Agent 3: (11,17) -> (11,17) [WAIT]
t=19:
    Agent 0: (9,6) -> (9,6) [WAIT]
    Agent 1: (14,17) -> (14,17) [WAIT]
    Agent 2: (10,19) -> (9,19) [UP]
    Agent 3: (11,17) -> (11,17) [WAIT]
-------------------------


============================================================
PBS SEARCH TREE
============================================================
└── Node 0 ✓ SOLUTION | Cost: 420 | Priorities: {}

------------------------------------------------------------
Total nodes generated: 0
Total nodes expanded:  0
Solution found at Node 0
Final priorities: {}
============================================================


--------------------------------------------------
Run 23: SOLVED in 0.14s
Nodes Generated: 0
Nodes Expanded:  0

Final path lengths:
  Agent 0: 8 steps
  Agent 1: 7 steps
  Agent 2: 20 steps
  Agent 3: 10 steps
--------------------------------------------------
