
--- Random Run 56/70 ---
Obstacle cells: 37 / 400
Agent Setup:
  Agent 0: (17, 10) -> (5, 18) (red)
  Agent 1: (0, 19) -> (9, 19) (blue)
  Agent 2: (0, 2) -> (17, 12) (green)
  Agent 3: (19, 10) -> (1, 13) (orange)
Starting PBS for 4 agents...

--- Paths by Timestep ---
t=0:
    Agent 0: (17,10) -> (17,11) [RIGHT]
    Agent 1: (0,19) -> (1,19) [DOWN]
    Agent 2: (0,2) -> (1,2) [DOWN]
    Agent 3: (19,10) -> (18,10) [UP]
t=1:
    Agent 0: (17,11) -> (16,11) [UP]
    Agent 1: (1,19) -> (2,19) [DOWN]
    Agent 2: (1,2) -> (1,3) [RIGHT]
    Agent 3: (18,10) -> (17,10) [UP]
t=2:
    Agent 0: (16,11) -> (15,11) [UP]
    Agent 1: (2,19) -> (2,18) [LEFT]
    Agent 2: (1,3) -> (2,3) [DOWN]
    Agent 3: (17,10) -> (17,11) [RIGHT]
t=3:
    Agent 0: (15,11) -> (14,11) [UP]
    Agent 1: (2,18) -> (3,18) [DOWN]
    Agent 2: (2,3) -> (3,3) [DOWN]
    Agent 3: (17,11) -> (16,11) [UP]
t=4:
    Agent 0: (14,11) -> (14,12) [RIGHT]
    Agent 1: (3,18) -> (4,18) [DOWN]
    Agent 2: (3,3) -> (4,3) [DOWN]
    Agent 3: (16,11) -> (15,11) [UP]
t=5:
    Agent 0: (14,12) -> (13,12) [UP]
    Agent 1: (4,18) -> (5,18) [DOWN]
    Agent 2: (4,3) -> (4,4) [RIGHT]
    Agent 3: (15,11) -> (14,11) [UP]
t=6:
    Agent 0: (13,12) -> (13,13) [RIGHT]
    Agent 1: (5,18) -> (6,18) [DOWN]
    Agent 2: (4,4) -> (4,5) [RIGHT]
    Agent 3: (14,11) -> (13,11) [UP]
t=7:
    Agent 0: (13,13) -> (12,13) [UP]
    Agent 1: (6,18) -> (7,18) [DOWN]
    Agent 2: (4,5) -> (5,5) [DOWN]
    Agent 3: (13,11) -> (13,12) [RIGHT]
t=8:
    Agent 0: (12,13) -> (11,13) [UP]
    Agent 1: (7,18) -> (8,18) [DOWN]
    Agent 2: (5,5) -> (6,5) [DOWN]
    Agent 3: (13,12) -> (13,13) [RIGHT]
t=9:
    Agent 0: (11,13) -> (10,13) [UP]
    Agent 1: (8,18) -> (9,18) [DOWN]
    Agent 2: (6,5) -> (6,6) [RIGHT]
    Agent 3: (13,13) -> (12,13) [UP]
t=10:
    Agent 0: (10,13) -> (9,13) [UP]
    Agent 1: (9,18) -> (9,19) [RIGHT]
    Agent 2: (6,6) -> (6,7) [RIGHT]
    Agent 3: (12,13) -> (11,13) [UP]
t=11:
    Agent 0: (9,13) -> (8,13) [UP]
    Agent 1: (9,19) -> (9,19) [WAIT]
    Agent 2: (6,7) -> (7,7) [DOWN]
    Agent 3: (11,13) -> (10,13) [UP]
t=12:
    Agent 0: (8,13) -> (7,13) [UP]
    Agent 1: (9,19) -> (9,19) [WAIT]
    Agent 2: (7,7) -> (7,8) [RIGHT]
    Agent 3: (10,13) -> (9,13) [UP]
t=13:
    Agent 0: (7,13) -> (6,13) [UP]
    Agent 1: (9,19) -> (9,19) [WAIT]
    Agent 2: (7,8) -> (8,8) [DOWN]
    Agent 3: (9,13) -> (8,13) [UP]
t=14:
    Agent 0: (6,13) -> (6,14) [RIGHT]
    Agent 1: (9,19) -> (9,19) [WAIT]
    Agent 2: (8,8) -> (9,8) [DOWN]
    Agent 3: (8,13) -> (7,13) [UP]
t=15:
    Agent 0: (6,14) -> (5,14) [UP]
    Agent 1: (9,19) -> (9,19) [WAIT]
    Agent 2: (9,8) -> (10,8) [DOWN]
    Agent 3: (7,13) -> (6,13) [UP]
t=16:
    Agent 0: (5,14) -> (5,15) [RIGHT]
    Agent 1: (9,19) -> (9,19) [WAIT]
    Agent 2: (10,8) -> (11,8) [DOWN]
    Agent 3: (6,13) -> (5,13) [UP]
t=17:
    Agent 0: (5,15) -> (5,16) [RIGHT]
    Agent 1: (9,19) -> (9,19) [WAIT]
    Agent 2: (11,8) -> (11,9) [RIGHT]
    Agent 3: (5,13) -> (4,13) [UP]
t=18:
    Agent 0: (5,16) -> (5,17) [RIGHT]
    Agent 1: (9,19) -> (9,19) [WAIT]
    Agent 2: (11,9) -> (11,10) [RIGHT]
    Agent 3: (4,13) -> (3,13) [UP]
t=19:
    Agent 0: (5,17) -> (5,18) [RIGHT]
    Agent 1: (9,19) -> (9,19) [WAIT]
    Agent 2: (11,10) -> (12,10) [DOWN]
    Agent 3: (3,13) -> (2,13) [UP]
-------------------------


============================================================
PBS SEARCH TREE
============================================================
└── Node 0 ✓ SOLUTION | Cost: 420 | Priorities: {}

------------------------------------------------------------
Total nodes generated: 0
Total nodes expanded:  0
Solution found at Node 0
Final priorities: {}
============================================================


--------------------------------------------------
Run 56: SOLVED in 0.08s
Nodes Generated: 0
Nodes Expanded:  0

Final path lengths:
  Agent 0: 20 steps
  Agent 1: 11 steps
  Agent 2: 27 steps
  Agent 3: 21 steps
--------------------------------------------------
