
--- Random Run 39/70 ---
Obstacle cells: 38 / 400
Agent Setup:
  Agent 0: (13, 14) -> (9, 17) (red)
  Agent 1: (2, 15) -> (10, 12) (blue)
  Agent 2: (10, 16) -> (2, 5) (green)
  Agent 3: (12, 15) -> (13, 1) (orange)
Starting PBS for 4 agents...

--- Paths by Timestep ---
t=0:
    Agent 0: (13,14) -> (12,14) [UP]
    Agent 1: (2,15) -> (3,15) [DOWN]
    Agent 2: (10,16) -> (11,16) [DOWN]
    Agent 3: (12,15) -> (12,14) [LEFT]
t=1:
    Agent 0: (12,14) -> (11,14) [UP]
    Agent 1: (3,15) -> (3,14) [LEFT]
    Agent 2: (11,16) -> (10,16) [UP]
    Agent 3: (12,14) -> (13,14) [DOWN]
t=2:
    Agent 0: (11,14) -> (11,15) [RIGHT]
    Agent 1: (3,14) -> (3,13) [LEFT]
    Agent 2: (10,16) -> (11,16) [DOWN]
    Agent 3: (13,14) -> (13,13) [LEFT]
t=3:
    Agent 0: (11,15) -> (11,16) [RIGHT]
    Agent 1: (3,13) -> (4,13) [DOWN]
    Agent 2: (11,16) -> (10,16) [UP]
    Agent 3: (13,13) -> (13,12) [LEFT]
t=4:
    Agent 0: (11,16) -> (11,17) [RIGHT]
    Agent 1: (4,13) -> (5,13) [DOWN]
    Agent 2: (10,16) -> (11,16) [DOWN]
    Agent 3: (13,12) -> (13,11) [LEFT]
t=5:
    Agent 0: (11,17) -> (10,17) [UP]
    Agent 1: (5,13) -> (6,13) [DOWN]
    Agent 2: (11,16) -> (10,16) [UP]
    Agent 3: (13,11) -> (13,10) [LEFT]
t=6:
    Agent 0: (10,17) -> (9,17) [UP]
    Agent 1: (6,13) -> (7,13) [DOWN]
    Agent 2: (10,16) -> (11,16) [DOWN]
    Agent 3: (13,10) -> (13,9) [LEFT]
t=7:
    Agent 0: (9,17) -> (9,17) [WAIT]
    Agent 1: (7,13) -> (7,12) [LEFT]
    Agent 2: (11,16) -> (10,16) [UP]
    Agent 3: (13,9) -> (13,8) [LEFT]
t=8:
    Agent 0: (9,17) -> (9,17) [WAIT]
    Agent 1: (7,12) -> (8,12) [DOWN]
    Agent 2: (10,16) -> (11,16) [DOWN]
    Agent 3: (13,8) -> (13,7) [LEFT]
t=9:
    Agent 0: (9,17) -> (9,17) [WAIT]
    Agent 1: (8,12) -> (9,12) [DOWN]
    Agent 2: (11,16) -> (10,16) [UP]
    Agent 3: (13,7) -> (13,6) [LEFT]
t=10:
    Agent 0: (9,17) -> (9,17) [WAIT]
    Agent 1: (9,12) -> (10,12) [DOWN]
    Agent 2: (10,16) -> (11,16) [DOWN]
    Agent 3: (13,6) -> (13,5) [LEFT]
t=11:
    Agent 0: (9,17) -> (9,17) [WAIT]
    Agent 1: (10,12) -> (10,12) [WAIT]
    Agent 2: (11,16) -> (10,16) [UP]
    Agent 3: (13,5) -> (13,4) [LEFT]
t=12:
    Agent 0: (9,17) -> (9,17) [WAIT]
    Agent 1: (10,12) -> (10,12) [WAIT]
    Agent 2: (10,16) -> (11,16) [DOWN]
    Agent 3: (13,4) -> (13,3) [LEFT]
t=13:
    Agent 0: (9,17) -> (9,17) [WAIT]
    Agent 1: (10,12) -> (10,12) [WAIT]
    Agent 2: (11,16) -> (10,16) [UP]
    Agent 3: (13,3) -> (13,2) [LEFT]
t=14:
    Agent 0: (9,17) -> (9,17) [WAIT]
    Agent 1: (10,12) -> (10,12) [WAIT]
    Agent 2: (10,16) -> (11,16) [DOWN]
    Agent 3: (13,2) -> (13,1) [LEFT]
t=15:
    Agent 0: (9,17) -> (9,17) [WAIT]
    Agent 1: (10,12) -> (10,12) [WAIT]
    Agent 2: (11,16) -> (10,16) [UP]
    Agent 3: (13,1) -> (13,1) [WAIT]
t=16:
    Agent 0: (9,17) -> (9,17) [WAIT]
    Agent 1: (10,12) -> (10,12) [WAIT]
    Agent 2: (10,16) -> (11,16) [DOWN]
    Agent 3: (13,1) -> (13,1) [WAIT]
t=17:
    Agent 0: (9,17) -> (9,17) [WAIT]
    Agent 1: (10,12) -> (10,12) [WAIT]
    Agent 2: (11,16) -> (10,16) [UP]
    Agent 3: (13,1) -> (13,1) [WAIT]
t=18:
    Agent 0: (9,17) -> (9,17) [WAIT]
    Agent 1: (10,12) -> (10,12) [WAIT]
    Agent 2: (10,16) -> (11,16) [DOWN]
    Agent 3: (13,1) -> (13,1) [WAIT]
t=19:
    Agent 0: (9,17) -> (9,17) [WAIT]
    Agent 1: (10,12) -> (10,12) [WAIT]
    Agent 2: (11,16) -> (10,16) [UP]
    Agent 3: (13,1) -> (13,1) [WAIT]
-------------------------

  -> Vertex collision detected: Agent 3 and 0 at (12, 14) at t=1
  -> Vertex collision detected: Agent 3 and 0 at (12, 14) at t=1
Node 0: Collision 3-0 at (12, 14) t=1
  [PBS] Agent 0 t=0: forced WAIT at (13,14) due to VERTEX constraint (wanted (12,14))
  [PBS] Agent 0 t=1: rerouted to (14,14) [DOWN] (wanted (12,14))
  [PBS] Agent 0 t=6: forced WAIT at (11,15) due to VERTEX constraint (wanted (11,16))

--- Paths by Timestep ---
t=0:
    Agent 0: (13,14) -> (13,14) [WAIT]
    Agent 1: (2,15) -> (3,15) [DOWN]
    Agent 2: (10,16) -> (11,16) [DOWN]
    Agent 3: (12,15) -> (12,14) [LEFT]
t=1:
    Agent 0: (13,14) -> (14,14) [DOWN]
    Agent 1: (3,15) -> (3,14) [LEFT]
    Agent 2: (11,16) -> (10,16) [UP]
    Agent 3: (12,14) -> (13,14) [DOWN]
t=2:
    Agent 0: (14,14) -> (13,14) [UP]
    Agent 1: (3,14) -> (3,13) [LEFT]
    Agent 2: (10,16) -> (11,16) [DOWN]
    Agent 3: (13,14) -> (13,13) [LEFT]
t=3:
    Agent 0: (13,14) -> (12,14) [UP]
    Agent 1: (3,13) -> (4,13) [DOWN]
    Agent 2: (11,16) -> (10,16) [UP]
    Agent 3: (13,13) -> (13,12) [LEFT]
t=4:
    Agent 0: (12,14) -> (11,14) [UP]
    Agent 1: (4,13) -> (5,13) [DOWN]
    Agent 2: (10,16) -> (11,16) [DOWN]
    Agent 3: (13,12) -> (13,11) [LEFT]
t=5:
    Agent 0: (11,14) -> (11,15) [RIGHT]
    Agent 1: (5,13) -> (6,13) [DOWN]
    Agent 2: (11,16) -> (10,16) [UP]
    Agent 3: (13,11) -> (13,10) [LEFT]
t=6:
    Agent 0: (11,15) -> (11,15) [WAIT]
    Agent 1: (6,13) -> (7,13) [DOWN]
    Agent 2: (10,16) -> (11,16) [DOWN]
    Agent 3: (13,10) -> (13,9) [LEFT]
t=7:
    Agent 0: (11,15) -> (11,16) [RIGHT]
    Agent 1: (7,13) -> (7,12) [LEFT]
    Agent 2: (11,16) -> (10,16) [UP]
    Agent 3: (13,9) -> (13,8) [LEFT]
t=8:
    Agent 0: (11,16) -> (11,17) [RIGHT]
    Agent 1: (7,12) -> (8,12) [DOWN]
    Agent 2: (10,16) -> (11,16) [DOWN]
    Agent 3: (13,8) -> (13,7) [LEFT]
t=9:
    Agent 0: (11,17) -> (10,17) [UP]
    Agent 1: (8,12) -> (9,12) [DOWN]
    Agent 2: (11,16) -> (10,16) [UP]
    Agent 3: (13,7) -> (13,6) [LEFT]
t=10:
    Agent 0: (10,17) -> (9,17) [UP]
    Agent 1: (9,12) -> (10,12) [DOWN]
    Agent 2: (10,16) -> (11,16) [DOWN]
    Agent 3: (13,6) -> (13,5) [LEFT]
t=11:
    Agent 0: (9,17) -> (9,17) [WAIT]
    Agent 1: (10,12) -> (10,12) [WAIT]
    Agent 2: (11,16) -> (10,16) [UP]
    Agent 3: (13,5) -> (13,4) [LEFT]
t=12:
    Agent 0: (9,17) -> (9,17) [WAIT]
    Agent 1: (10,12) -> (10,12) [WAIT]
    Agent 2: (10,16) -> (11,16) [DOWN]
    Agent 3: (13,4) -> (13,3) [LEFT]
t=13:
    Agent 0: (9,17) -> (9,17) [WAIT]
    Agent 1: (10,12) -> (10,12) [WAIT]
    Agent 2: (11,16) -> (10,16) [UP]
    Agent 3: (13,3) -> (13,2) [LEFT]
t=14:
    Agent 0: (9,17) -> (9,17) [WAIT]
    Agent 1: (10,12) -> (10,12) [WAIT]
    Agent 2: (10,16) -> (11,16) [DOWN]
    Agent 3: (13,2) -> (13,1) [LEFT]
t=15:
    Agent 0: (9,17) -> (9,17) [WAIT]
    Agent 1: (10,12) -> (10,12) [WAIT]
    Agent 2: (11,16) -> (10,16) [UP]
    Agent 3: (13,1) -> (13,1) [WAIT]
t=16:
    Agent 0: (9,17) -> (9,17) [WAIT]
    Agent 1: (10,12) -> (10,12) [WAIT]
    Agent 2: (10,16) -> (11,16) [DOWN]
    Agent 3: (13,1) -> (13,1) [WAIT]
t=17:
    Agent 0: (9,17) -> (9,17) [WAIT]
    Agent 1: (10,12) -> (10,12) [WAIT]
    Agent 2: (11,16) -> (10,16) [UP]
    Agent 3: (13,1) -> (13,1) [WAIT]
t=18:
    Agent 0: (9,17) -> (9,17) [WAIT]
    Agent 1: (10,12) -> (10,12) [WAIT]
    Agent 2: (10,16) -> (11,16) [DOWN]
    Agent 3: (13,1) -> (13,1) [WAIT]
t=19:
    Agent 0: (9,17) -> (9,17) [WAIT]
    Agent 1: (10,12) -> (10,12) [WAIT]
    Agent 2: (11,16) -> (10,16) [UP]
    Agent 3: (13,1) -> (13,1) [WAIT]
-------------------------

  [PBS] Agent 3 t=0: forced WAIT at (12,15) due to VERTEX constraint (wanted (12,14))

--- Paths by Timestep ---
t=0:
    Agent 0: (13,14) -> (12,14) [UP]
    Agent 1: (2,15) -> (3,15) [DOWN]
    Agent 2: (10,16) -> (11,16) [DOWN]
    Agent 3: (12,15) -> (12,15) [WAIT]
t=1:
    Agent 0: (12,14) -> (11,14) [UP]
    Agent 1: (3,15) -> (3,14) [LEFT]
    Agent 2: (11,16) -> (10,16) [UP]
    Agent 3: (12,15) -> (12,14) [LEFT]
t=2:
    Agent 0: (11,14) -> (11,15) [RIGHT]
    Agent 1: (3,14) -> (3,13) [LEFT]
    Agent 2: (10,16) -> (11,16) [DOWN]
    Agent 3: (12,14) -> (13,14) [DOWN]
t=3:
    Agent 0: (11,15) -> (11,16) [RIGHT]
    Agent 1: (3,13) -> (4,13) [DOWN]
    Agent 2: (11,16) -> (10,16) [UP]
    Agent 3: (13,14) -> (13,13) [LEFT]
t=4:
    Agent 0: (11,16) -> (11,17) [RIGHT]
    Agent 1: (4,13) -> (5,13) [DOWN]
    Agent 2: (10,16) -> (11,16) [DOWN]
    Agent 3: (13,13) -> (13,12) [LEFT]
t=5:
    Agent 0: (11,17) -> (10,17) [UP]
    Agent 1: (5,13) -> (6,13) [DOWN]
    Agent 2: (11,16) -> (10,16) [UP]
    Agent 3: (13,12) -> (13,11) [LEFT]
t=6:
    Agent 0: (10,17) -> (9,17) [UP]
    Agent 1: (6,13) -> (7,13) [DOWN]
    Agent 2: (10,16) -> (11,16) [DOWN]
    Agent 3: (13,11) -> (13,10) [LEFT]
t=7:
    Agent 0: (9,17) -> (9,17) [WAIT]
    Agent 1: (7,13) -> (7,12) [LEFT]
    Agent 2: (11,16) -> (10,16) [UP]
    Agent 3: (13,10) -> (13,9) [LEFT]
t=8:
    Agent 0: (9,17) -> (9,17) [WAIT]
    Agent 1: (7,12) -> (8,12) [DOWN]
    Agent 2: (10,16) -> (11,16) [DOWN]
    Agent 3: (13,9) -> (13,8) [LEFT]
t=9:
    Agent 0: (9,17) -> (9,17) [WAIT]
    Agent 1: (8,12) -> (9,12) [DOWN]
    Agent 2: (11,16) -> (10,16) [UP]
    Agent 3: (13,8) -> (13,7) [LEFT]
t=10:
    Agent 0: (9,17) -> (9,17) [WAIT]
    Agent 1: (9,12) -> (10,12) [DOWN]
    Agent 2: (10,16) -> (11,16) [DOWN]
    Agent 3: (13,7) -> (13,6) [LEFT]
t=11:
    Agent 0: (9,17) -> (9,17) [WAIT]
    Agent 1: (10,12) -> (10,12) [WAIT]
    Agent 2: (11,16) -> (10,16) [UP]
    Agent 3: (13,6) -> (13,5) [LEFT]
t=12:
    Agent 0: (9,17) -> (9,17) [WAIT]
    Agent 1: (10,12) -> (10,12) [WAIT]
    Agent 2: (10,16) -> (11,16) [DOWN]
    Agent 3: (13,5) -> (13,4) [LEFT]
t=13:
    Agent 0: (9,17) -> (9,17) [WAIT]
    Agent 1: (10,12) -> (10,12) [WAIT]
    Agent 2: (11,16) -> (10,16) [UP]
    Agent 3: (13,4) -> (13,3) [LEFT]
t=14:
    Agent 0: (9,17) -> (9,17) [WAIT]
    Agent 1: (10,12) -> (10,12) [WAIT]
    Agent 2: (10,16) -> (11,16) [DOWN]
    Agent 3: (13,3) -> (13,2) [LEFT]
t=15:
    Agent 0: (9,17) -> (9,17) [WAIT]
    Agent 1: (10,12) -> (10,12) [WAIT]
    Agent 2: (11,16) -> (10,16) [UP]
    Agent 3: (13,2) -> (13,1) [LEFT]
t=16:
    Agent 0: (9,17) -> (9,17) [WAIT]
    Agent 1: (10,12) -> (10,12) [WAIT]
    Agent 2: (10,16) -> (11,16) [DOWN]
    Agent 3: (13,1) -> (13,1) [WAIT]
t=17:
    Agent 0: (9,17) -> (9,17) [WAIT]
    Agent 1: (10,12) -> (10,12) [WAIT]
    Agent 2: (11,16) -> (10,16) [UP]
    Agent 3: (13,1) -> (13,1) [WAIT]
t=18:
    Agent 0: (9,17) -> (9,17) [WAIT]
    Agent 1: (10,12) -> (10,12) [WAIT]
    Agent 2: (10,16) -> (11,16) [DOWN]
    Agent 3: (13,1) -> (13,1) [WAIT]
t=19:
    Agent 0: (9,17) -> (9,17) [WAIT]
    Agent 1: (10,12) -> (10,12) [WAIT]
    Agent 2: (11,16) -> (10,16) [UP]
    Agent 3: (13,1) -> (13,1) [WAIT]
-------------------------

Solution found! Cost: 420

============================================================
PBS SEARCH TREE
============================================================
└── Node 0 | Collision: 3-0 at (12, 14) t=1 | Cost: 420 | Priorities: {}
    ├── Node 1 [Added: 3>0] | Cost: 420 | Priorities: {3>0}
    └── Node 2 [Added: 0>3] ✓ SOLUTION | Cost: 420 | Priorities: {0>3}

------------------------------------------------------------
Total nodes generated: 3
Total nodes expanded:  2
Solution found at Node 2
Final priorities: {0>3}
============================================================


--------------------------------------------------
Run 39: SOLVED in 0.15s
Nodes Generated: 3
Nodes Expanded:  2

Final path lengths:
  Agent 0: 7 steps
  Agent 1: 11 steps
  Agent 2: 104 steps
  Agent 3: 16 steps
--------------------------------------------------
