
--- Random Run 52/70 ---
Obstacle cells: 45 / 400
Agent Setup:
  Agent 0: (6, 4) -> (10, 16) (red)
  Agent 1: (9, 3) -> (11, 6) (blue)
  Agent 2: (11, 2) -> (10, 0) (green)
  Agent 3: (0, 3) -> (18, 2) (orange)
Starting PBS for 4 agents...

--- Paths by Timestep ---
t=0:
    Agent 0: (6,4) -> (7,4) [DOWN]
    Agent 1: (9,3) -> (10,3) [DOWN]
    Agent 2: (11,2) -> (10,2) [UP]
    Agent 3: (0,3) -> (1,3) [DOWN]
t=1:
    Agent 0: (7,4) -> (7,5) [RIGHT]
    Agent 1: (10,3) -> (10,4) [RIGHT]
    Agent 2: (10,2) -> (10,1) [LEFT]
    Agent 3: (1,3) -> (2,3) [DOWN]
t=2:
    Agent 0: (7,5) -> (8,5) [DOWN]
    Agent 1: (10,4) -> (10,5) [RIGHT]
    Agent 2: (10,1) -> (10,0) [LEFT]
    Agent 3: (2,3) -> (3,3) [DOWN]
t=3:
    Agent 0: (8,5) -> (8,6) [RIGHT]
    Agent 1: (10,5) -> (10,6) [RIGHT]
    Agent 2: (10,0) -> (10,0) [WAIT]
    Agent 3: (3,3) -> (4,3) [DOWN]
t=4:
    Agent 0: (8,6) -> (8,7) [RIGHT]
    Agent 1: (10,6) -> (11,6) [DOWN]
    Agent 2: (10,0) -> (10,0) [WAIT]
    Agent 3: (4,3) -> (5,3) [DOWN]
t=5:
    Agent 0: (8,7) -> (8,8) [RIGHT]
    Agent 1: (11,6) -> (11,6) [WAIT]
    Agent 2: (10,0) -> (10,0) [WAIT]
    Agent 3: (5,3) -> (5,2) [LEFT]
t=6:
    Agent 0: (8,8) -> (8,9) [RIGHT]
    Agent 1: (11,6) -> (11,6) [WAIT]
    Agent 2: (10,0) -> (10,0) [WAIT]
    Agent 3: (5,2) -> (6,2) [DOWN]
t=7:
    Agent 0: (8,9) -> (8,10) [RIGHT]
    Agent 1: (11,6) -> (11,6) [WAIT]
    Agent 2: (10,0) -> (10,0) [WAIT]
    Agent 3: (6,2) -> (7,2) [DOWN]
t=8:
    Agent 0: (8,10) -> (8,11) [RIGHT]
    Agent 1: (11,6) -> (11,6) [WAIT]
    Agent 2: (10,0) -> (10,0) [WAIT]
    Agent 3: (7,2) -> (8,2) [DOWN]
t=9:
    Agent 0: (8,11) -> (8,12) [RIGHT]
    Agent 1: (11,6) -> (11,6) [WAIT]
    Agent 2: (10,0) -> (10,0) [WAIT]
    Agent 3: (8,2) -> (9,2) [DOWN]
t=10:
    Agent 0: (8,12) -> (8,13) [RIGHT]
    Agent 1: (11,6) -> (11,6) [WAIT]
    Agent 2: (10,0) -> (10,0) [WAIT]
    Agent 3: (9,2) -> (10,2) [DOWN]
t=11:
    Agent 0: (8,13) -> (8,14) [RIGHT]
    Agent 1: (11,6) -> (11,6) [WAIT]
    Agent 2: (10,0) -> (10,0) [WAIT]
    Agent 3: (10,2) -> (11,2) [DOWN]
t=12:
    Agent 0: (8,14) -> (8,15) [RIGHT]
    Agent 1: (11,6) -> (11,6) [WAIT]
    Agent 2: (10,0) -> (10,0) [WAIT]
    Agent 3: (11,2) -> (12,2) [DOWN]
t=13:
    Agent 0: (8,15) -> (9,15) [DOWN]
    Agent 1: (11,6) -> (11,6) [WAIT]
    Agent 2: (10,0) -> (10,0) [WAIT]
    Agent 3: (12,2) -> (13,2) [DOWN]
t=14:
    Agent 0: (9,15) -> (9,16) [RIGHT]
    Agent 1: (11,6) -> (11,6) [WAIT]
    Agent 2: (10,0) -> (10,0) [WAIT]
    Agent 3: (13,2) -> (14,2) [DOWN]
t=15:
    Agent 0: (9,16) -> (10,16) [DOWN]
    Agent 1: (11,6) -> (11,6) [WAIT]
    Agent 2: (10,0) -> (10,0) [WAIT]
    Agent 3: (14,2) -> (15,2) [DOWN]
t=16:
    Agent 0: (10,16) -> (10,16) [WAIT]
    Agent 1: (11,6) -> (11,6) [WAIT]
    Agent 2: (10,0) -> (10,0) [WAIT]
    Agent 3: (15,2) -> (16,2) [DOWN]
t=17:
    Agent 0: (10,16) -> (10,16) [WAIT]
    Agent 1: (11,6) -> (11,6) [WAIT]
    Agent 2: (10,0) -> (10,0) [WAIT]
    Agent 3: (16,2) -> (16,1) [LEFT]
t=18:
    Agent 0: (10,16) -> (10,16) [WAIT]
    Agent 1: (11,6) -> (11,6) [WAIT]
    Agent 2: (10,0) -> (10,0) [WAIT]
    Agent 3: (16,1) -> (17,1) [DOWN]
t=19:
    Agent 0: (10,16) -> (10,16) [WAIT]
    Agent 1: (11,6) -> (11,6) [WAIT]
    Agent 2: (10,0) -> (10,0) [WAIT]
    Agent 3: (17,1) -> (18,1) [DOWN]
-------------------------


============================================================
PBS SEARCH TREE
============================================================
└── Node 0 ✓ SOLUTION | Cost: 420 | Priorities: {}

------------------------------------------------------------
Total nodes generated: 0
Total nodes expanded:  0
Solution found at Node 0
Final priorities: {}
============================================================


--------------------------------------------------
Run 52: SOLVED in 0.07s
Nodes Generated: 0
Nodes Expanded:  0

Final path lengths:
  Agent 0: 16 steps
  Agent 1: 5 steps
  Agent 2: 3 steps
  Agent 3: 21 steps
--------------------------------------------------
