
--- Random Run 30/70 ---
Obstacle cells: 27 / 400
Agent Setup:
  Agent 0: (10, 8) -> (11, 6) (red)
  Agent 1: (2, 5) -> (10, 5) (blue)
  Agent 2: (17, 17) -> (12, 9) (green)
  Agent 3: (10, 13) -> (13, 4) (orange)
Starting PBS for 4 agents...

--- Paths by Timestep ---
t=0:
    Agent 0: (10,8) -> (11,8) [DOWN]
    Agent 1: (2,5) -> (3,5) [DOWN]
    Agent 2: (17,17) -> (16,17) [UP]
    Agent 3: (10,13) -> (11,13) [DOWN]
t=1:
    Agent 0: (11,8) -> (11,7) [LEFT]
    Agent 1: (3,5) -> (4,5) [DOWN]
    Agent 2: (16,17) -> (15,17) [UP]
    Agent 3: (11,13) -> (11,12) [LEFT]
t=2:
    Agent 0: (11,7) -> (11,6) [LEFT]
    Agent 1: (4,5) -> (5,5) [DOWN]
    Agent 2: (15,17) -> (14,17) [UP]
    Agent 3: (11,12) -> (11,11) [LEFT]
t=3:
    Agent 0: (11,6) -> (11,6) [WAIT]
    Agent 1: (5,5) -> (6,5) [DOWN]
    Agent 2: (14,17) -> (13,17) [UP]
    Agent 3: (11,11) -> (11,10) [LEFT]
t=4:
    Agent 0: (11,6) -> (11,6) [WAIT]
    Agent 1: (6,5) -> (7,5) [DOWN]
    Agent 2: (13,17) -> (13,16) [LEFT]
    Agent 3: (11,10) -> (11,9) [LEFT]
t=5:
    Agent 0: (11,6) -> (11,6) [WAIT]
    Agent 1: (7,5) -> (8,5) [DOWN]
    Agent 2: (13,16) -> (13,15) [LEFT]
    Agent 3: (11,9) -> (11,8) [LEFT]
t=6:
    Agent 0: (11,6) -> (11,6) [WAIT]
    Agent 1: (8,5) -> (9,5) [DOWN]
    Agent 2: (13,15) -> (13,14) [LEFT]
    Agent 3: (11,8) -> (11,7) [LEFT]
t=7:
    Agent 0: (11,6) -> (11,6) [WAIT]
    Agent 1: (9,5) -> (10,5) [DOWN]
    Agent 2: (13,14) -> (12,14) [UP]
    Agent 3: (11,7) -> (11,6) [LEFT]
t=8:
    Agent 0: (11,6) -> (11,6) [WAIT]
    Agent 1: (10,5) -> (10,5) [WAIT]
    Agent 2: (12,14) -> (12,13) [LEFT]
    Agent 3: (11,6) -> (12,6) [DOWN]
t=9:
    Agent 0: (11,6) -> (11,6) [WAIT]
    Agent 1: (10,5) -> (10,5) [WAIT]
    Agent 2: (12,13) -> (12,12) [LEFT]
    Agent 3: (12,6) -> (13,6) [DOWN]
t=10:
    Agent 0: (11,6) -> (11,6) [WAIT]
    Agent 1: (10,5) -> (10,5) [WAIT]
    Agent 2: (12,12) -> (12,11) [LEFT]
    Agent 3: (13,6) -> (13,5) [LEFT]
t=11:
    Agent 0: (11,6) -> (11,6) [WAIT]
    Agent 1: (10,5) -> (10,5) [WAIT]
    Agent 2: (12,11) -> (12,10) [LEFT]
    Agent 3: (13,5) -> (13,4) [LEFT]
t=12:
    Agent 0: (11,6) -> (11,6) [WAIT]
    Agent 1: (10,5) -> (10,5) [WAIT]
    Agent 2: (12,10) -> (12,9) [LEFT]
    Agent 3: (13,4) -> (13,4) [WAIT]
t=13:
    Agent 0: (11,6) -> (11,6) [WAIT]
    Agent 1: (10,5) -> (10,5) [WAIT]
    Agent 2: (12,9) -> (12,9) [WAIT]
    Agent 3: (13,4) -> (13,4) [WAIT]
t=14:
    Agent 0: (11,6) -> (11,6) [WAIT]
    Agent 1: (10,5) -> (10,5) [WAIT]
    Agent 2: (12,9) -> (12,9) [WAIT]
    Agent 3: (13,4) -> (13,4) [WAIT]
t=15:
    Agent 0: (11,6) -> (11,6) [WAIT]
    Agent 1: (10,5) -> (10,5) [WAIT]
    Agent 2: (12,9) -> (12,9) [WAIT]
    Agent 3: (13,4) -> (13,4) [WAIT]
t=16:
    Agent 0: (11,6) -> (11,6) [WAIT]
    Agent 1: (10,5) -> (10,5) [WAIT]
    Agent 2: (12,9) -> (12,9) [WAIT]
    Agent 3: (13,4) -> (13,4) [WAIT]
t=17:
    Agent 0: (11,6) -> (11,6) [WAIT]
    Agent 1: (10,5) -> (10,5) [WAIT]
    Agent 2: (12,9) -> (12,9) [WAIT]
    Agent 3: (13,4) -> (13,4) [WAIT]
t=18:
    Agent 0: (11,6) -> (11,6) [WAIT]
    Agent 1: (10,5) -> (10,5) [WAIT]
    Agent 2: (12,9) -> (12,9) [WAIT]
    Agent 3: (13,4) -> (13,4) [WAIT]
t=19:
    Agent 0: (11,6) -> (11,6) [WAIT]
    Agent 1: (10,5) -> (10,5) [WAIT]
    Agent 2: (12,9) -> (12,9) [WAIT]
    Agent 3: (13,4) -> (13,4) [WAIT]
-------------------------

  -> Vertex collision detected: Agent 3 and 0 at (11, 6) at t=8
  -> Vertex collision detected: Agent 3 and 0 at (11, 6) at t=8
Node 0: Collision 3-0 at (11, 6) t=8

--- Paths by Timestep ---
t=0:
    Agent 0: (10,8) -> (11,8) [DOWN]
    Agent 1: (2,5) -> (3,5) [DOWN]
    Agent 2: (17,17) -> (16,17) [UP]
    Agent 3: (10,13) -> (11,13) [DOWN]
t=1:
    Agent 0: (11,8) -> (11,7) [LEFT]
    Agent 1: (3,5) -> (4,5) [DOWN]
    Agent 2: (16,17) -> (15,17) [UP]
    Agent 3: (11,13) -> (11,12) [LEFT]
t=2:
    Agent 0: (11,7) -> (11,6) [LEFT]
    Agent 1: (4,5) -> (5,5) [DOWN]
    Agent 2: (15,17) -> (14,17) [UP]
    Agent 3: (11,12) -> (11,11) [LEFT]
t=3:
    Agent 0: (11,6) -> (11,6) [WAIT]
    Agent 1: (5,5) -> (6,5) [DOWN]
    Agent 2: (14,17) -> (13,17) [UP]
    Agent 3: (11,11) -> (11,10) [LEFT]
t=4:
    Agent 0: (11,6) -> (11,6) [WAIT]
    Agent 1: (6,5) -> (7,5) [DOWN]
    Agent 2: (13,17) -> (13,16) [LEFT]
    Agent 3: (11,10) -> (11,9) [LEFT]
t=5:
    Agent 0: (11,6) -> (11,6) [WAIT]
    Agent 1: (7,5) -> (8,5) [DOWN]
    Agent 2: (13,16) -> (13,15) [LEFT]
    Agent 3: (11,9) -> (11,8) [LEFT]
t=6:
    Agent 0: (11,6) -> (11,6) [WAIT]
    Agent 1: (8,5) -> (9,5) [DOWN]
    Agent 2: (13,15) -> (13,14) [LEFT]
    Agent 3: (11,8) -> (11,7) [LEFT]
t=7:
    Agent 0: (11,6) -> (11,6) [WAIT]
    Agent 1: (9,5) -> (10,5) [DOWN]
    Agent 2: (13,14) -> (12,14) [UP]
    Agent 3: (11,7) -> (11,6) [LEFT]
t=8:
    Agent 0: (11,6) -> (11,6) [WAIT]
    Agent 1: (10,5) -> (10,5) [WAIT]
    Agent 2: (12,14) -> (12,13) [LEFT]
    Agent 3: (11,6) -> (12,6) [DOWN]
t=9:
    Agent 0: (11,6) -> (11,6) [WAIT]
    Agent 1: (10,5) -> (10,5) [WAIT]
    Agent 2: (12,13) -> (12,12) [LEFT]
    Agent 3: (12,6) -> (13,6) [DOWN]
t=10:
    Agent 0: (11,6) -> (11,6) [WAIT]
    Agent 1: (10,5) -> (10,5) [WAIT]
    Agent 2: (12,12) -> (12,11) [LEFT]
    Agent 3: (13,6) -> (13,5) [LEFT]
t=11:
    Agent 0: (11,6) -> (11,6) [WAIT]
    Agent 1: (10,5) -> (10,5) [WAIT]
    Agent 2: (12,11) -> (12,10) [LEFT]
    Agent 3: (13,5) -> (13,4) [LEFT]
t=12:
    Agent 0: (11,6) -> (11,6) [WAIT]
    Agent 1: (10,5) -> (10,5) [WAIT]
    Agent 2: (12,10) -> (12,9) [LEFT]
    Agent 3: (13,4) -> (13,4) [WAIT]
t=13:
    Agent 0: (11,6) -> (11,6) [WAIT]
    Agent 1: (10,5) -> (10,5) [WAIT]
    Agent 2: (12,9) -> (12,9) [WAIT]
    Agent 3: (13,4) -> (13,4) [WAIT]
t=14:
    Agent 0: (11,6) -> (11,6) [WAIT]
    Agent 1: (10,5) -> (10,5) [WAIT]
    Agent 2: (12,9) -> (12,9) [WAIT]
    Agent 3: (13,4) -> (13,4) [WAIT]
t=15:
    Agent 0: (11,6) -> (11,6) [WAIT]
    Agent 1: (10,5) -> (10,5) [WAIT]
    Agent 2: (12,9) -> (12,9) [WAIT]
    Agent 3: (13,4) -> (13,4) [WAIT]
t=16:
    Agent 0: (11,6) -> (11,6) [WAIT]
    Agent 1: (10,5) -> (10,5) [WAIT]
    Agent 2: (12,9) -> (12,9) [WAIT]
    Agent 3: (13,4) -> (13,4) [WAIT]
t=17:
    Agent 0: (11,6) -> (11,6) [WAIT]
    Agent 1: (10,5) -> (10,5) [WAIT]
    Agent 2: (12,9) -> (12,9) [WAIT]
    Agent 3: (13,4) -> (13,4) [WAIT]
t=18:
    Agent 0: (11,6) -> (11,6) [WAIT]
    Agent 1: (10,5) -> (10,5) [WAIT]
    Agent 2: (12,9) -> (12,9) [WAIT]
    Agent 3: (13,4) -> (13,4) [WAIT]
t=19:
    Agent 0: (11,6) -> (11,6) [WAIT]
    Agent 1: (10,5) -> (10,5) [WAIT]
    Agent 2: (12,9) -> (12,9) [WAIT]
    Agent 3: (13,4) -> (13,4) [WAIT]
-------------------------

  [PBS] Agent 3 t=7: forced WAIT at (11,7) due to VERTEX constraint (wanted (11,6))
  [PBS] Agent 3 t=8: forced WAIT at (11,7) due to VERTEX constraint (wanted (11,6))

--- Paths by Timestep ---
t=0:
    Agent 0: (10,8) -> (11,8) [DOWN]
    Agent 1: (2,5) -> (3,5) [DOWN]
    Agent 2: (17,17) -> (16,17) [UP]
    Agent 3: (10,13) -> (11,13) [DOWN]
t=1:
    Agent 0: (11,8) -> (11,7) [LEFT]
    Agent 1: (3,5) -> (4,5) [DOWN]
    Agent 2: (16,17) -> (15,17) [UP]
    Agent 3: (11,13) -> (11,12) [LEFT]
t=2:
    Agent 0: (11,7) -> (11,6) [LEFT]
    Agent 1: (4,5) -> (5,5) [DOWN]
    Agent 2: (15,17) -> (14,17) [UP]
    Agent 3: (11,12) -> (11,11) [LEFT]
t=3:
    Agent 0: (11,6) -> (11,6) [WAIT]
    Agent 1: (5,5) -> (6,5) [DOWN]
    Agent 2: (14,17) -> (13,17) [UP]
    Agent 3: (11,11) -> (11,10) [LEFT]
t=4:
    Agent 0: (11,6) -> (11,6) [WAIT]
    Agent 1: (6,5) -> (7,5) [DOWN]
    Agent 2: (13,17) -> (13,16) [LEFT]
    Agent 3: (11,10) -> (11,9) [LEFT]
t=5:
    Agent 0: (11,6) -> (11,6) [WAIT]
    Agent 1: (7,5) -> (8,5) [DOWN]
    Agent 2: (13,16) -> (13,15) [LEFT]
    Agent 3: (11,9) -> (11,8) [LEFT]
t=6:
    Agent 0: (11,6) -> (11,6) [WAIT]
    Agent 1: (8,5) -> (9,5) [DOWN]
    Agent 2: (13,15) -> (13,14) [LEFT]
    Agent 3: (11,8) -> (11,7) [LEFT]
t=7:
    Agent 0: (11,6) -> (11,6) [WAIT]
    Agent 1: (9,5) -> (10,5) [DOWN]
    Agent 2: (13,14) -> (12,14) [UP]
    Agent 3: (11,7) -> (11,7) [WAIT]
t=8:
    Agent 0: (11,6) -> (11,6) [WAIT]
    Agent 1: (10,5) -> (10,5) [WAIT]
    Agent 2: (12,14) -> (12,13) [LEFT]
    Agent 3: (11,7) -> (11,7) [WAIT]
t=9:
    Agent 0: (11,6) -> (11,6) [WAIT]
    Agent 1: (10,5) -> (10,5) [WAIT]
    Agent 2: (12,13) -> (12,12) [LEFT]
    Agent 3: (11,7) -> (12,7) [DOWN]
t=10:
    Agent 0: (11,6) -> (11,6) [WAIT]
    Agent 1: (10,5) -> (10,5) [WAIT]
    Agent 2: (12,12) -> (12,11) [LEFT]
    Agent 3: (12,7) -> (13,7) [DOWN]
t=11:
    Agent 0: (11,6) -> (11,6) [WAIT]
    Agent 1: (10,5) -> (10,5) [WAIT]
    Agent 2: (12,11) -> (12,10) [LEFT]
    Agent 3: (13,7) -> (13,6) [LEFT]
t=12:
    Agent 0: (11,6) -> (11,6) [WAIT]
    Agent 1: (10,5) -> (10,5) [WAIT]
    Agent 2: (12,10) -> (12,9) [LEFT]
    Agent 3: (13,6) -> (13,5) [LEFT]
t=13:
    Agent 0: (11,6) -> (11,6) [WAIT]
    Agent 1: (10,5) -> (10,5) [WAIT]
    Agent 2: (12,9) -> (12,9) [WAIT]
    Agent 3: (13,5) -> (13,4) [LEFT]
t=14:
    Agent 0: (11,6) -> (11,6) [WAIT]
    Agent 1: (10,5) -> (10,5) [WAIT]
    Agent 2: (12,9) -> (12,9) [WAIT]
    Agent 3: (13,4) -> (13,4) [WAIT]
t=15:
    Agent 0: (11,6) -> (11,6) [WAIT]
    Agent 1: (10,5) -> (10,5) [WAIT]
    Agent 2: (12,9) -> (12,9) [WAIT]
    Agent 3: (13,4) -> (13,4) [WAIT]
t=16:
    Agent 0: (11,6) -> (11,6) [WAIT]
    Agent 1: (10,5) -> (10,5) [WAIT]
    Agent 2: (12,9) -> (12,9) [WAIT]
    Agent 3: (13,4) -> (13,4) [WAIT]
t=17:
    Agent 0: (11,6) -> (11,6) [WAIT]
    Agent 1: (10,5) -> (10,5) [WAIT]
    Agent 2: (12,9) -> (12,9) [WAIT]
    Agent 3: (13,4) -> (13,4) [WAIT]
t=18:
    Agent 0: (11,6) -> (11,6) [WAIT]
    Agent 1: (10,5) -> (10,5) [WAIT]
    Agent 2: (12,9) -> (12,9) [WAIT]
    Agent 3: (13,4) -> (13,4) [WAIT]
t=19:
    Agent 0: (11,6) -> (11,6) [WAIT]
    Agent 1: (10,5) -> (10,5) [WAIT]
    Agent 2: (12,9) -> (12,9) [WAIT]
    Agent 3: (13,4) -> (13,4) [WAIT]
-------------------------

Solution found! Cost: 420

============================================================
PBS SEARCH TREE
============================================================
└── Node 0 | Collision: 3-0 at (11, 6) t=8 | Cost: 420 | Priorities: {}
    ├── Node 1 [Added: 3>0] | Cost: 420 | Priorities: {3>0}
    └── Node 2 [Added: 0>3] ✓ SOLUTION | Cost: 420 | Priorities: {0>3}

------------------------------------------------------------
Total nodes generated: 3
Total nodes expanded:  2
Solution found at Node 2
Final priorities: {0>3}
============================================================


--------------------------------------------------
Run 30: SOLVED in 0.08s
Nodes Generated: 3
Nodes Expanded:  2

Final path lengths:
  Agent 0: 3 steps
  Agent 1: 8 steps
  Agent 2: 13 steps
  Agent 3: 14 steps
--------------------------------------------------
