
--- Random Run 43/70 ---
Obstacle cells: 33 / 400
Agent Setup:
  Agent 0: (13, 18) -> (11, 8) (red)
  Agent 1: (2, 17) -> (19, 10) (blue)
  Agent 2: (7, 19) -> (14, 19) (green)
  Agent 3: (18, 18) -> (4, 5) (orange)
Starting PBS for 4 agents...

--- Paths by Timestep ---
t=0:
    Agent 0: (13,18) -> (13,17) [LEFT]
    Agent 1: (2,17) -> (2,16) [LEFT]
    Agent 2: (7,19) -> (8,19) [DOWN]
    Agent 3: (18,18) -> (17,18) [UP]
t=1:
    Agent 0: (13,17) -> (12,17) [UP]
    Agent 1: (2,16) -> (2,15) [LEFT]
    Agent 2: (8,19) -> (9,19) [DOWN]
    Agent 3: (17,18) -> (16,18) [UP]
t=2:
    Agent 0: (12,17) -> (13,17) [DOWN]
    Agent 1: (2,15) -> (2,14) [LEFT]
    Agent 2: (9,19) -> (10,19) [DOWN]
    Agent 3: (16,18) -> (15,18) [UP]
t=3:
    Agent 0: (13,17) -> (12,17) [UP]
    Agent 1: (2,14) -> (2,13) [LEFT]
    Agent 2: (10,19) -> (11,19) [DOWN]
    Agent 3: (15,18) -> (14,18) [UP]
t=4:
    Agent 0: (12,17) -> (12,16) [LEFT]
    Agent 1: (2,13) -> (2,12) [LEFT]
    Agent 2: (11,19) -> (12,19) [DOWN]
    Agent 3: (14,18) -> (13,18) [UP]
t=5:
    Agent 0: (12,16) -> (12,15) [LEFT]
    Agent 1: (2,12) -> (3,12) [DOWN]
    Agent 2: (12,19) -> (13,19) [DOWN]
    Agent 3: (13,18) -> (13,17) [LEFT]
t=6:
    Agent 0: (12,15) -> (11,15) [UP]
    Agent 1: (3,12) -> (4,12) [DOWN]
    Agent 2: (13,19) -> (14,19) [DOWN]
    Agent 3: (13,17) -> (12,17) [UP]
t=7:
    Agent 0: (11,15) -> (10,15) [UP]
    Agent 1: (4,12) -> (5,12) [DOWN]
    Agent 2: (14,19) -> (14,19) [WAIT]
    Agent 3: (12,17) -> (12,16) [LEFT]
t=8:
    Agent 0: (10,15) -> (11,15) [DOWN]
    Agent 1: (5,12) -> (6,12) [DOWN]
    Agent 2: (14,19) -> (14,19) [WAIT]
    Agent 3: (12,16) -> (11,16) [UP]
t=9:
    Agent 0: (11,15) -> (10,15) [UP]
    Agent 1: (6,12) -> (7,12) [DOWN]
    Agent 2: (14,19) -> (14,19) [WAIT]
    Agent 3: (11,16) -> (10,16) [UP]
t=10:
    Agent 0: (10,15) -> (11,15) [DOWN]
    Agent 1: (7,12) -> (8,12) [DOWN]
    Agent 2: (14,19) -> (14,19) [WAIT]
    Agent 3: (10,16) -> (9,16) [UP]
t=11:
    Agent 0: (11,15) -> (10,15) [UP]
    Agent 1: (8,12) -> (9,12) [DOWN]
    Agent 2: (14,19) -> (14,19) [WAIT]
    Agent 3: (9,16) -> (8,16) [UP]
t=12:
    Agent 0: (10,15) -> (11,15) [DOWN]
    Agent 1: (9,12) -> (10,12) [DOWN]
    Agent 2: (14,19) -> (14,19) [WAIT]
    Agent 3: (8,16) -> (7,16) [UP]
t=13:
    Agent 0: (11,15) -> (10,15) [UP]
    Agent 1: (10,12) -> (11,12) [DOWN]
    Agent 2: (14,19) -> (14,19) [WAIT]
    Agent 3: (7,16) -> (6,16) [UP]
t=14:
    Agent 0: (10,15) -> (11,15) [DOWN]
    Agent 1: (11,12) -> (12,12) [DOWN]
    Agent 2: (14,19) -> (14,19) [WAIT]
    Agent 3: (6,16) -> (6,15) [LEFT]
t=15:
    Agent 0: (11,15) -> (10,15) [UP]
    Agent 1: (12,12) -> (13,12) [DOWN]
    Agent 2: (14,19) -> (14,19) [WAIT]
    Agent 3: (6,15) -> (6,14) [LEFT]
t=16:
    Agent 0: (10,15) -> (11,15) [DOWN]
    Agent 1: (13,12) -> (14,12) [DOWN]
    Agent 2: (14,19) -> (14,19) [WAIT]
    Agent 3: (6,14) -> (5,14) [UP]
t=17:
    Agent 0: (11,15) -> (10,15) [UP]
    Agent 1: (14,12) -> (15,12) [DOWN]
    Agent 2: (14,19) -> (14,19) [WAIT]
    Agent 3: (5,14) -> (4,14) [UP]
t=18:
    Agent 0: (10,15) -> (11,15) [DOWN]
    Agent 1: (15,12) -> (16,12) [DOWN]
    Agent 2: (14,19) -> (14,19) [WAIT]
    Agent 3: (4,14) -> (4,13) [LEFT]
t=19:
    Agent 0: (11,15) -> (10,15) [UP]
    Agent 1: (16,12) -> (17,12) [DOWN]
    Agent 2: (14,19) -> (14,19) [WAIT]
    Agent 3: (4,13) -> (4,12) [LEFT]
-------------------------


============================================================
PBS SEARCH TREE
============================================================
└── Node 0 ✓ SOLUTION | Cost: 420 | Priorities: {}

------------------------------------------------------------
Total nodes generated: 0
Total nodes expanded:  0
Solution found at Node 0
Final priorities: {}
============================================================


--------------------------------------------------
Run 43: SOLVED in 0.21s
Nodes Generated: 0
Nodes Expanded:  0

Final path lengths:
  Agent 0: 104 steps
  Agent 1: 24 steps
  Agent 2: 7 steps
  Agent 3: 27 steps
--------------------------------------------------
