
--- Random Run 42/70 ---
Obstacle cells: 39 / 400
Agent Setup:
  Agent 0: (15, 19) -> (16, 9) (red)
  Agent 1: (11, 14) -> (2, 16) (blue)
  Agent 2: (16, 15) -> (8, 15) (green)
  Agent 3: (1, 8) -> (14, 5) (orange)
Starting PBS for 4 agents...

--- Paths by Timestep ---
t=0:
    Agent 0: (15,19) -> (16,19) [DOWN]
    Agent 1: (11,14) -> (10,14) [UP]
    Agent 2: (16,15) -> (15,15) [UP]
    Agent 3: (1,8) -> (1,7) [LEFT]
t=1:
    Agent 0: (16,19) -> (17,19) [DOWN]
    Agent 1: (10,14) -> (9,14) [UP]
    Agent 2: (15,15) -> (14,15) [UP]
    Agent 3: (1,7) -> (2,7) [DOWN]
t=2:
    Agent 0: (17,19) -> (17,18) [LEFT]
    Agent 1: (9,14) -> (9,15) [RIGHT]
    Agent 2: (14,15) -> (13,15) [UP]
    Agent 3: (2,7) -> (3,7) [DOWN]
t=3:
    Agent 0: (17,18) -> (17,17) [LEFT]
    Agent 1: (9,15) -> (8,15) [UP]
    Agent 2: (13,15) -> (12,15) [UP]
    Agent 3: (3,7) -> (4,7) [DOWN]
t=4:
    Agent 0: (17,17) -> (18,17) [DOWN]
    Agent 1: (8,15) -> (7,15) [UP]
    Agent 2: (12,15) -> (11,15) [UP]
    Agent 3: (4,7) -> (5,7) [DOWN]
t=5:
    Agent 0: (18,17) -> (17,17) [UP]
    Agent 1: (7,15) -> (6,15) [UP]
    Agent 2: (11,15) -> (10,15) [UP]
    Agent 3: (5,7) -> (6,7) [DOWN]
t=6:
    Agent 0: (17,17) -> (16,17) [UP]
    Agent 1: (6,15) -> (5,15) [UP]
    Agent 2: (10,15) -> (9,15) [UP]
    Agent 3: (6,7) -> (7,7) [DOWN]
t=7:
    Agent 0: (16,17) -> (17,17) [DOWN]
    Agent 1: (5,15) -> (4,15) [UP]
    Agent 2: (9,15) -> (8,15) [UP]
    Agent 3: (7,7) -> (8,7) [DOWN]
t=8:
    Agent 0: (17,17) -> (16,17) [UP]
    Agent 1: (4,15) -> (3,15) [UP]
    Agent 2: (8,15) -> (8,15) [WAIT]
    Agent 3: (8,7) -> (9,7) [DOWN]
t=9:
    Agent 0: (16,17) -> (17,17) [DOWN]
    Agent 1: (3,15) -> (2,15) [UP]
    Agent 2: (8,15) -> (8,15) [WAIT]
    Agent 3: (9,7) -> (10,7) [DOWN]
t=10:
    Agent 0: (17,17) -> (16,17) [UP]
    Agent 1: (2,15) -> (2,16) [RIGHT]
    Agent 2: (8,15) -> (8,15) [WAIT]
    Agent 3: (10,7) -> (11,7) [DOWN]
t=11:
    Agent 0: (16,17) -> (17,17) [DOWN]
    Agent 1: (2,16) -> (2,16) [WAIT]
    Agent 2: (8,15) -> (8,15) [WAIT]
    Agent 3: (11,7) -> (11,6) [LEFT]
t=12:
    Agent 0: (17,17) -> (16,17) [UP]
    Agent 1: (2,16) -> (2,16) [WAIT]
    Agent 2: (8,15) -> (8,15) [WAIT]
    Agent 3: (11,6) -> (12,6) [DOWN]
t=13:
    Agent 0: (16,17) -> (17,17) [DOWN]
    Agent 1: (2,16) -> (2,16) [WAIT]
    Agent 2: (8,15) -> (8,15) [WAIT]
    Agent 3: (12,6) -> (13,6) [DOWN]
t=14:
    Agent 0: (17,17) -> (16,17) [UP]
    Agent 1: (2,16) -> (2,16) [WAIT]
    Agent 2: (8,15) -> (8,15) [WAIT]
    Agent 3: (13,6) -> (13,5) [LEFT]
t=15:
    Agent 0: (16,17) -> (17,17) [DOWN]
    Agent 1: (2,16) -> (2,16) [WAIT]
    Agent 2: (8,15) -> (8,15) [WAIT]
    Agent 3: (13,5) -> (14,5) [DOWN]
t=16:
    Agent 0: (17,17) -> (16,17) [UP]
    Agent 1: (2,16) -> (2,16) [WAIT]
    Agent 2: (8,15) -> (8,15) [WAIT]
    Agent 3: (14,5) -> (14,5) [WAIT]
t=17:
    Agent 0: (16,17) -> (17,17) [DOWN]
    Agent 1: (2,16) -> (2,16) [WAIT]
    Agent 2: (8,15) -> (8,15) [WAIT]
    Agent 3: (14,5) -> (14,5) [WAIT]
t=18:
    Agent 0: (17,17) -> (16,17) [UP]
    Agent 1: (2,16) -> (2,16) [WAIT]
    Agent 2: (8,15) -> (8,15) [WAIT]
    Agent 3: (14,5) -> (14,5) [WAIT]
t=19:
    Agent 0: (16,17) -> (17,17) [DOWN]
    Agent 1: (2,16) -> (2,16) [WAIT]
    Agent 2: (8,15) -> (8,15) [WAIT]
    Agent 3: (14,5) -> (14,5) [WAIT]
-------------------------


============================================================
PBS SEARCH TREE
============================================================
└── Node 0 ✓ SOLUTION | Cost: 420 | Priorities: {}

------------------------------------------------------------
Total nodes generated: 0
Total nodes expanded:  0
Solution found at Node 0
Final priorities: {}
============================================================


--------------------------------------------------
Run 42: SOLVED in 0.19s
Nodes Generated: 0
Nodes Expanded:  0

Final path lengths:
  Agent 0: 104 steps
  Agent 1: 11 steps
  Agent 2: 8 steps
  Agent 3: 16 steps
--------------------------------------------------
