
--- Random Run 22/70 ---
Obstacle cells: 38 / 400
Agent Setup:
  Agent 0: (5, 3) -> (1, 18) (red)
  Agent 1: (4, 16) -> (9, 15) (blue)
  Agent 2: (15, 7) -> (11, 0) (green)
  Agent 3: (2, 5) -> (7, 1) (orange)
Starting PBS for 4 agents...

--- Paths by Timestep ---
t=0:
    Agent 0: (5,3) -> (5,4) [RIGHT]
    Agent 1: (4,16) -> (4,17) [RIGHT]
    Agent 2: (15,7) -> (15,6) [LEFT]
    Agent 3: (2,5) -> (2,4) [LEFT]
t=1:
    Agent 0: (5,4) -> (5,5) [RIGHT]
    Agent 1: (4,17) -> (5,17) [DOWN]
    Agent 2: (15,6) -> (14,6) [UP]
    Agent 3: (2,4) -> (3,4) [DOWN]
t=2:
    Agent 0: (5,5) -> (5,6) [RIGHT]
    Agent 1: (5,17) -> (6,17) [DOWN]
    Agent 2: (14,6) -> (13,6) [UP]
    Agent 3: (3,4) -> (4,4) [DOWN]
t=3:
    Agent 0: (5,6) -> (5,7) [RIGHT]
    Agent 1: (6,17) -> (6,16) [LEFT]
    Agent 2: (13,6) -> (12,6) [UP]
    Agent 3: (4,4) -> (5,4) [DOWN]
t=4:
    Agent 0: (5,7) -> (5,8) [RIGHT]
    Agent 1: (6,16) -> (6,15) [LEFT]
    Agent 2: (12,6) -> (11,6) [UP]
    Agent 3: (5,4) -> (5,3) [LEFT]
t=5:
    Agent 0: (5,8) -> (5,9) [RIGHT]
    Agent 1: (6,15) -> (7,15) [DOWN]
    Agent 2: (11,6) -> (11,5) [LEFT]
    Agent 3: (5,3) -> (6,3) [DOWN]
t=6:
    Agent 0: (5,9) -> (5,10) [RIGHT]
    Agent 1: (7,15) -> (8,15) [DOWN]
    Agent 2: (11,5) -> (11,4) [LEFT]
    Agent 3: (6,3) -> (6,2) [LEFT]
t=7:
    Agent 0: (5,10) -> (5,11) [RIGHT]
    Agent 1: (8,15) -> (9,15) [DOWN]
    Agent 2: (11,4) -> (11,3) [LEFT]
    Agent 3: (6,2) -> (7,2) [DOWN]
t=8:
    Agent 0: (5,11) -> (5,12) [RIGHT]
    Agent 1: (9,15) -> (9,15) [WAIT]
    Agent 2: (11,3) -> (11,2) [LEFT]
    Agent 3: (7,2) -> (7,1) [LEFT]
t=9:
    Agent 0: (5,12) -> (4,12) [UP]
    Agent 1: (9,15) -> (9,15) [WAIT]
    Agent 2: (11,2) -> (11,1) [LEFT]
    Agent 3: (7,1) -> (7,1) [WAIT]
t=10:
    Agent 0: (4,12) -> (3,12) [UP]
    Agent 1: (9,15) -> (9,15) [WAIT]
    Agent 2: (11,1) -> (11,0) [LEFT]
    Agent 3: (7,1) -> (7,1) [WAIT]
t=11:
    Agent 0: (3,12) -> (2,12) [UP]
    Agent 1: (9,15) -> (9,15) [WAIT]
    Agent 2: (11,0) -> (11,0) [WAIT]
    Agent 3: (7,1) -> (7,1) [WAIT]
t=12:
    Agent 0: (2,12) -> (2,13) [RIGHT]
    Agent 1: (9,15) -> (9,15) [WAIT]
    Agent 2: (11,0) -> (11,0) [WAIT]
    Agent 3: (7,1) -> (7,1) [WAIT]
t=13:
    Agent 0: (2,13) -> (2,14) [RIGHT]
    Agent 1: (9,15) -> (9,15) [WAIT]
    Agent 2: (11,0) -> (11,0) [WAIT]
    Agent 3: (7,1) -> (7,1) [WAIT]
t=14:
    Agent 0: (2,14) -> (1,14) [UP]
    Agent 1: (9,15) -> (9,15) [WAIT]
    Agent 2: (11,0) -> (11,0) [WAIT]
    Agent 3: (7,1) -> (7,1) [WAIT]
t=15:
    Agent 0: (1,14) -> (1,15) [RIGHT]
    Agent 1: (9,15) -> (9,15) [WAIT]
    Agent 2: (11,0) -> (11,0) [WAIT]
    Agent 3: (7,1) -> (7,1) [WAIT]
t=16:
    Agent 0: (1,15) -> (1,16) [RIGHT]
    Agent 1: (9,15) -> (9,15) [WAIT]
    Agent 2: (11,0) -> (11,0) [WAIT]
    Agent 3: (7,1) -> (7,1) [WAIT]
t=17:
    Agent 0: (1,16) -> (1,17) [RIGHT]
    Agent 1: (9,15) -> (9,15) [WAIT]
    Agent 2: (11,0) -> (11,0) [WAIT]
    Agent 3: (7,1) -> (7,1) [WAIT]
t=18:
    Agent 0: (1,17) -> (1,18) [RIGHT]
    Agent 1: (9,15) -> (9,15) [WAIT]
    Agent 2: (11,0) -> (11,0) [WAIT]
    Agent 3: (7,1) -> (7,1) [WAIT]
t=19:
    Agent 0: (1,18) -> (1,18) [WAIT]
    Agent 1: (9,15) -> (9,15) [WAIT]
    Agent 2: (11,0) -> (11,0) [WAIT]
    Agent 3: (7,1) -> (7,1) [WAIT]
-------------------------


============================================================
PBS SEARCH TREE
============================================================
└── Node 0 ✓ SOLUTION | Cost: 420 | Priorities: {}

------------------------------------------------------------
Total nodes generated: 0
Total nodes expanded:  0
Solution found at Node 0
Final priorities: {}
============================================================


--------------------------------------------------
Run 22: SOLVED in 0.09s
Nodes Generated: 0
Nodes Expanded:  0

Final path lengths:
  Agent 0: 19 steps
  Agent 1: 8 steps
  Agent 2: 11 steps
  Agent 3: 9 steps
--------------------------------------------------
