
--- Random Run 19/70 ---
Obstacle cells: 50 / 400
Agent Setup:
  Agent 0: (14, 7) -> (13, 8) (red)
  Agent 1: (11, 2) -> (2, 8) (blue)
  Agent 2: (11, 0) -> (17, 10) (green)
  Agent 3: (1, 14) -> (6, 5) (orange)
Starting PBS for 4 agents...

--- Paths by Timestep ---
t=0:
    Agent 0: (14,7) -> (14,8) [RIGHT]
    Agent 1: (11,2) -> (11,3) [RIGHT]
    Agent 2: (11,0) -> (11,1) [RIGHT]
    Agent 3: (1,14) -> (2,14) [DOWN]
t=1:
    Agent 0: (14,8) -> (13,8) [UP]
    Agent 1: (11,3) -> (11,4) [RIGHT]
    Agent 2: (11,1) -> (11,2) [RIGHT]
    Agent 3: (2,14) -> (3,14) [DOWN]
t=2:
    Agent 0: (13,8) -> (13,8) [WAIT]
    Agent 1: (11,4) -> (10,4) [UP]
    Agent 2: (11,2) -> (12,2) [DOWN]
    Agent 3: (3,14) -> (4,14) [DOWN]
t=3:
    Agent 0: (13,8) -> (13,8) [WAIT]
    Agent 1: (10,4) -> (9,4) [UP]
    Agent 2: (12,2) -> (13,2) [DOWN]
    Agent 3: (4,14) -> (4,13) [LEFT]
t=4:
    Agent 0: (13,8) -> (13,8) [WAIT]
    Agent 1: (9,4) -> (8,4) [UP]
    Agent 2: (13,2) -> (14,2) [DOWN]
    Agent 3: (4,13) -> (4,12) [LEFT]
t=5:
    Agent 0: (13,8) -> (13,8) [WAIT]
    Agent 1: (8,4) -> (7,4) [UP]
    Agent 2: (14,2) -> (15,2) [DOWN]
    Agent 3: (4,12) -> (4,11) [LEFT]
t=6:
    Agent 0: (13,8) -> (13,8) [WAIT]
    Agent 1: (7,4) -> (6,4) [UP]
    Agent 2: (15,2) -> (16,2) [DOWN]
    Agent 3: (4,11) -> (4,10) [LEFT]
t=7:
    Agent 0: (13,8) -> (13,8) [WAIT]
    Agent 1: (6,4) -> (6,5) [RIGHT]
    Agent 2: (16,2) -> (17,2) [DOWN]
    Agent 3: (4,10) -> (4,9) [LEFT]
t=8:
    Agent 0: (13,8) -> (13,8) [WAIT]
    Agent 1: (6,5) -> (6,6) [RIGHT]
    Agent 2: (17,2) -> (17,3) [RIGHT]
    Agent 3: (4,9) -> (4,8) [LEFT]
t=9:
    Agent 0: (13,8) -> (13,8) [WAIT]
    Agent 1: (6,6) -> (5,6) [UP]
    Agent 2: (17,3) -> (17,4) [RIGHT]
    Agent 3: (4,8) -> (5,8) [DOWN]
t=10:
    Agent 0: (13,8) -> (13,8) [WAIT]
    Agent 1: (5,6) -> (4,6) [UP]
    Agent 2: (17,4) -> (17,5) [RIGHT]
    Agent 3: (5,8) -> (6,8) [DOWN]
t=11:
    Agent 0: (13,8) -> (13,8) [WAIT]
    Agent 1: (4,6) -> (3,6) [UP]
    Agent 2: (17,5) -> (17,6) [RIGHT]
    Agent 3: (6,8) -> (6,7) [LEFT]
t=12:
    Agent 0: (13,8) -> (13,8) [WAIT]
    Agent 1: (3,6) -> (2,6) [UP]
    Agent 2: (17,6) -> (17,7) [RIGHT]
    Agent 3: (6,7) -> (6,6) [LEFT]
t=13:
    Agent 0: (13,8) -> (13,8) [WAIT]
    Agent 1: (2,6) -> (2,7) [RIGHT]
    Agent 2: (17,7) -> (17,8) [RIGHT]
    Agent 3: (6,6) -> (6,5) [LEFT]
t=14:
    Agent 0: (13,8) -> (13,8) [WAIT]
    Agent 1: (2,7) -> (2,8) [RIGHT]
    Agent 2: (17,8) -> (17,9) [RIGHT]
    Agent 3: (6,5) -> (6,5) [WAIT]
t=15:
    Agent 0: (13,8) -> (13,8) [WAIT]
    Agent 1: (2,8) -> (2,8) [WAIT]
    Agent 2: (17,9) -> (17,10) [RIGHT]
    Agent 3: (6,5) -> (6,5) [WAIT]
t=16:
    Agent 0: (13,8) -> (13,8) [WAIT]
    Agent 1: (2,8) -> (2,8) [WAIT]
    Agent 2: (17,10) -> (17,10) [WAIT]
    Agent 3: (6,5) -> (6,5) [WAIT]
t=17:
    Agent 0: (13,8) -> (13,8) [WAIT]
    Agent 1: (2,8) -> (2,8) [WAIT]
    Agent 2: (17,10) -> (17,10) [WAIT]
    Agent 3: (6,5) -> (6,5) [WAIT]
t=18:
    Agent 0: (13,8) -> (13,8) [WAIT]
    Agent 1: (2,8) -> (2,8) [WAIT]
    Agent 2: (17,10) -> (17,10) [WAIT]
    Agent 3: (6,5) -> (6,5) [WAIT]
t=19:
    Agent 0: (13,8) -> (13,8) [WAIT]
    Agent 1: (2,8) -> (2,8) [WAIT]
    Agent 2: (17,10) -> (17,10) [WAIT]
    Agent 3: (6,5) -> (6,5) [WAIT]
-------------------------


============================================================
PBS SEARCH TREE
============================================================
└── Node 0 ✓ SOLUTION | Cost: 420 | Priorities: {}

------------------------------------------------------------
Total nodes generated: 0
Total nodes expanded:  0
Solution found at Node 0
Final priorities: {}
============================================================


--------------------------------------------------
Run 19: SOLVED in 0.06s
Nodes Generated: 0
Nodes Expanded:  0

Final path lengths:
  Agent 0: 2 steps
  Agent 1: 15 steps
  Agent 2: 16 steps
  Agent 3: 14 steps
--------------------------------------------------
