
--- Random Run 67/70 ---
Obstacle cells: 33 / 400
Agent Setup:
  Agent 0: (13, 15) -> (7, 3) (red)
  Agent 1: (3, 9) -> (17, 18) (blue)
  Agent 2: (5, 14) -> (19, 3) (green)
  Agent 3: (2, 17) -> (3, 14) (orange)
Starting PBS for 4 agents...

--- Paths by Timestep ---
t=0:
    Agent 0: (13,15) -> (12,15) [UP]
    Agent 1: (3,9) -> (4,9) [DOWN]
    Agent 2: (5,14) -> (6,14) [DOWN]
    Agent 3: (2,17) -> (2,16) [LEFT]
t=1:
    Agent 0: (12,15) -> (11,15) [UP]
    Agent 1: (4,9) -> (5,9) [DOWN]
    Agent 2: (6,14) -> (7,14) [DOWN]
    Agent 3: (2,16) -> (3,16) [DOWN]
t=2:
    Agent 0: (11,15) -> (10,15) [UP]
    Agent 1: (5,9) -> (6,9) [DOWN]
    Agent 2: (7,14) -> (8,14) [DOWN]
    Agent 3: (3,16) -> (2,16) [UP]
t=3:
    Agent 0: (10,15) -> (10,14) [LEFT]
    Agent 1: (6,9) -> (7,9) [DOWN]
    Agent 2: (8,14) -> (8,13) [LEFT]
    Agent 3: (2,16) -> (3,16) [DOWN]
t=4:
    Agent 0: (10,14) -> (10,13) [LEFT]
    Agent 1: (7,9) -> (8,9) [DOWN]
    Agent 2: (8,13) -> (8,12) [LEFT]
    Agent 3: (3,16) -> (2,16) [UP]
t=5:
    Agent 0: (10,13) -> (9,13) [UP]
    Agent 1: (8,9) -> (9,9) [DOWN]
    Agent 2: (8,12) -> (8,11) [LEFT]
    Agent 3: (2,16) -> (3,16) [DOWN]
t=6:
    Agent 0: (9,13) -> (9,12) [LEFT]
    Agent 1: (9,9) -> (9,10) [RIGHT]
    Agent 2: (8,11) -> (9,11) [DOWN]
    Agent 3: (3,16) -> (2,16) [UP]
t=7:
    Agent 0: (9,12) -> (8,12) [UP]
    Agent 1: (9,10) -> (9,11) [RIGHT]
    Agent 2: (9,11) -> (9,10) [LEFT]
    Agent 3: (2,16) -> (3,16) [DOWN]
t=8:
    Agent 0: (8,12) -> (7,12) [UP]
    Agent 1: (9,11) -> (9,12) [RIGHT]
    Agent 2: (9,10) -> (9,9) [LEFT]
    Agent 3: (3,16) -> (2,16) [UP]
t=9:
    Agent 0: (7,12) -> (7,11) [LEFT]
    Agent 1: (9,12) -> (9,13) [RIGHT]
    Agent 2: (9,9) -> (9,8) [LEFT]
    Agent 3: (2,16) -> (3,16) [DOWN]
t=10:
    Agent 0: (7,11) -> (7,10) [LEFT]
    Agent 1: (9,13) -> (10,13) [DOWN]
    Agent 2: (9,8) -> (10,8) [DOWN]
    Agent 3: (3,16) -> (2,16) [UP]
t=11:
    Agent 0: (7,10) -> (7,9) [LEFT]
    Agent 1: (10,13) -> (11,13) [DOWN]
    Agent 2: (10,8) -> (11,8) [DOWN]
    Agent 3: (2,16) -> (3,16) [DOWN]
t=12:
    Agent 0: (7,9) -> (7,8) [LEFT]
    Agent 1: (11,13) -> (12,13) [DOWN]
    Agent 2: (11,8) -> (12,8) [DOWN]
    Agent 3: (3,16) -> (2,16) [UP]
t=13:
    Agent 0: (7,8) -> (7,7) [LEFT]
    Agent 1: (12,13) -> (13,13) [DOWN]
    Agent 2: (12,8) -> (13,8) [DOWN]
    Agent 3: (2,16) -> (3,16) [DOWN]
t=14:
    Agent 0: (7,7) -> (7,6) [LEFT]
    Agent 1: (13,13) -> (13,14) [RIGHT]
    Agent 2: (13,8) -> (13,7) [LEFT]
    Agent 3: (3,16) -> (2,16) [UP]
t=15:
    Agent 0: (7,6) -> (7,5) [LEFT]
    Agent 1: (13,14) -> (13,15) [RIGHT]
    Agent 2: (13,7) -> (14,7) [DOWN]
    Agent 3: (2,16) -> (3,16) [DOWN]
t=16:
    Agent 0: (7,5) -> (7,4) [LEFT]
    Agent 1: (13,15) -> (13,16) [RIGHT]
    Agent 2: (14,7) -> (14,6) [LEFT]
    Agent 3: (3,16) -> (2,16) [UP]
t=17:
    Agent 0: (7,4) -> (7,3) [LEFT]
    Agent 1: (13,16) -> (13,17) [RIGHT]
    Agent 2: (14,6) -> (15,6) [DOWN]
    Agent 3: (2,16) -> (3,16) [DOWN]
t=18:
    Agent 0: (7,3) -> (7,3) [WAIT]
    Agent 1: (13,17) -> (14,17) [DOWN]
    Agent 2: (15,6) -> (15,5) [LEFT]
    Agent 3: (3,16) -> (2,16) [UP]
t=19:
    Agent 0: (7,3) -> (7,3) [WAIT]
    Agent 1: (14,17) -> (15,17) [DOWN]
    Agent 2: (15,5) -> (16,5) [DOWN]
    Agent 3: (2,16) -> (3,16) [DOWN]
-------------------------

  -> Edge collision detected: Agent 1 and 2 swapping (9, 10)<->(9, 10) at t=7
  -> Edge collision detected: Agent 1 and 2 swapping (9, 10)<->(9, 10) at t=7
Node 0: Collision 1-2 at (9, 10) t=7
  [PBS] Agent 2 t=7: rerouted to (8,11) [UP] (wanted (9,10))

--- Paths by Timestep ---
t=0:
    Agent 0: (13,15) -> (12,15) [UP]
    Agent 1: (3,9) -> (4,9) [DOWN]
    Agent 2: (5,14) -> (6,14) [DOWN]
    Agent 3: (2,17) -> (2,16) [LEFT]
t=1:
    Agent 0: (12,15) -> (11,15) [UP]
    Agent 1: (4,9) -> (5,9) [DOWN]
    Agent 2: (6,14) -> (7,14) [DOWN]
    Agent 3: (2,16) -> (3,16) [DOWN]
t=2:
    Agent 0: (11,15) -> (10,15) [UP]
    Agent 1: (5,9) -> (6,9) [DOWN]
    Agent 2: (7,14) -> (8,14) [DOWN]
    Agent 3: (3,16) -> (2,16) [UP]
t=3:
    Agent 0: (10,15) -> (10,14) [LEFT]
    Agent 1: (6,9) -> (7,9) [DOWN]
    Agent 2: (8,14) -> (8,13) [LEFT]
    Agent 3: (2,16) -> (3,16) [DOWN]
t=4:
    Agent 0: (10,14) -> (10,13) [LEFT]
    Agent 1: (7,9) -> (8,9) [DOWN]
    Agent 2: (8,13) -> (8,12) [LEFT]
    Agent 3: (3,16) -> (2,16) [UP]
t=5:
    Agent 0: (10,13) -> (9,13) [UP]
    Agent 1: (8,9) -> (9,9) [DOWN]
    Agent 2: (8,12) -> (8,11) [LEFT]
    Agent 3: (2,16) -> (3,16) [DOWN]
t=6:
    Agent 0: (9,13) -> (9,12) [LEFT]
    Agent 1: (9,9) -> (9,10) [RIGHT]
    Agent 2: (8,11) -> (9,11) [DOWN]
    Agent 3: (3,16) -> (2,16) [UP]
t=7:
    Agent 0: (9,12) -> (8,12) [UP]
    Agent 1: (9,10) -> (9,11) [RIGHT]
    Agent 2: (9,11) -> (8,11) [UP]
    Agent 3: (2,16) -> (3,16) [DOWN]
t=8:
    Agent 0: (8,12) -> (7,12) [UP]
    Agent 1: (9,11) -> (9,12) [RIGHT]
    Agent 2: (8,11) -> (9,11) [DOWN]
    Agent 3: (3,16) -> (2,16) [UP]
t=9:
    Agent 0: (7,12) -> (7,11) [LEFT]
    Agent 1: (9,12) -> (9,13) [RIGHT]
    Agent 2: (9,11) -> (9,10) [LEFT]
    Agent 3: (2,16) -> (3,16) [DOWN]
t=10:
    Agent 0: (7,11) -> (7,10) [LEFT]
    Agent 1: (9,13) -> (10,13) [DOWN]
    Agent 2: (9,10) -> (9,9) [LEFT]
    Agent 3: (3,16) -> (2,16) [UP]
t=11:
    Agent 0: (7,10) -> (7,9) [LEFT]
    Agent 1: (10,13) -> (11,13) [DOWN]
    Agent 2: (9,9) -> (9,8) [LEFT]
    Agent 3: (2,16) -> (3,16) [DOWN]
t=12:
    Agent 0: (7,9) -> (7,8) [LEFT]
    Agent 1: (11,13) -> (12,13) [DOWN]
    Agent 2: (9,8) -> (9,7) [LEFT]
    Agent 3: (3,16) -> (2,16) [UP]
t=13:
    Agent 0: (7,8) -> (7,7) [LEFT]
    Agent 1: (12,13) -> (13,13) [DOWN]
    Agent 2: (9,7) -> (10,7) [DOWN]
    Agent 3: (2,16) -> (3,16) [DOWN]
t=14:
    Agent 0: (7,7) -> (7,6) [LEFT]
    Agent 1: (13,13) -> (13,14) [RIGHT]
    Agent 2: (10,7) -> (11,7) [DOWN]
    Agent 3: (3,16) -> (2,16) [UP]
t=15:
    Agent 0: (7,6) -> (7,5) [LEFT]
    Agent 1: (13,14) -> (13,15) [RIGHT]
    Agent 2: (11,7) -> (12,7) [DOWN]
    Agent 3: (2,16) -> (3,16) [DOWN]
t=16:
    Agent 0: (7,5) -> (7,4) [LEFT]
    Agent 1: (13,15) -> (13,16) [RIGHT]
    Agent 2: (12,7) -> (13,7) [DOWN]
    Agent 3: (3,16) -> (2,16) [UP]
t=17:
    Agent 0: (7,4) -> (7,3) [LEFT]
    Agent 1: (13,16) -> (13,17) [RIGHT]
    Agent 2: (13,7) -> (14,7) [DOWN]
    Agent 3: (2,16) -> (3,16) [DOWN]
t=18:
    Agent 0: (7,3) -> (7,3) [WAIT]
    Agent 1: (13,17) -> (14,17) [DOWN]
    Agent 2: (14,7) -> (15,7) [DOWN]
    Agent 3: (3,16) -> (2,16) [UP]
t=19:
    Agent 0: (7,3) -> (7,3) [WAIT]
    Agent 1: (14,17) -> (15,17) [DOWN]
    Agent 2: (15,7) -> (15,6) [LEFT]
    Agent 3: (2,16) -> (3,16) [DOWN]
-------------------------

  [PBS] Agent 1 t=7: rerouted to (8,10) [UP] (wanted (9,11))

--- Paths by Timestep ---
t=0:
    Agent 0: (13,15) -> (12,15) [UP]
    Agent 1: (3,9) -> (4,9) [DOWN]
    Agent 2: (5,14) -> (6,14) [DOWN]
    Agent 3: (2,17) -> (2,16) [LEFT]
t=1:
    Agent 0: (12,15) -> (11,15) [UP]
    Agent 1: (4,9) -> (5,9) [DOWN]
    Agent 2: (6,14) -> (7,14) [DOWN]
    Agent 3: (2,16) -> (3,16) [DOWN]
t=2:
    Agent 0: (11,15) -> (10,15) [UP]
    Agent 1: (5,9) -> (6,9) [DOWN]
    Agent 2: (7,14) -> (8,14) [DOWN]
    Agent 3: (3,16) -> (2,16) [UP]
t=3:
    Agent 0: (10,15) -> (10,14) [LEFT]
    Agent 1: (6,9) -> (7,9) [DOWN]
    Agent 2: (8,14) -> (8,13) [LEFT]
    Agent 3: (2,16) -> (3,16) [DOWN]
t=4:
    Agent 0: (10,14) -> (10,13) [LEFT]
    Agent 1: (7,9) -> (8,9) [DOWN]
    Agent 2: (8,13) -> (8,12) [LEFT]
    Agent 3: (3,16) -> (2,16) [UP]
t=5:
    Agent 0: (10,13) -> (9,13) [UP]
    Agent 1: (8,9) -> (9,9) [DOWN]
    Agent 2: (8,12) -> (8,11) [LEFT]
    Agent 3: (2,16) -> (3,16) [DOWN]
t=6:
    Agent 0: (9,13) -> (9,12) [LEFT]
    Agent 1: (9,9) -> (9,10) [RIGHT]
    Agent 2: (8,11) -> (9,11) [DOWN]
    Agent 3: (3,16) -> (2,16) [UP]
t=7:
    Agent 0: (9,12) -> (8,12) [UP]
    Agent 1: (9,10) -> (8,10) [UP]
    Agent 2: (9,11) -> (9,10) [LEFT]
    Agent 3: (2,16) -> (3,16) [DOWN]
t=8:
    Agent 0: (8,12) -> (7,12) [UP]
    Agent 1: (8,10) -> (9,10) [DOWN]
    Agent 2: (9,10) -> (9,9) [LEFT]
    Agent 3: (3,16) -> (2,16) [UP]
t=9:
    Agent 0: (7,12) -> (7,11) [LEFT]
    Agent 1: (9,10) -> (9,11) [RIGHT]
    Agent 2: (9,9) -> (9,8) [LEFT]
    Agent 3: (2,16) -> (3,16) [DOWN]
t=10:
    Agent 0: (7,11) -> (7,10) [LEFT]
    Agent 1: (9,11) -> (9,12) [RIGHT]
    Agent 2: (9,8) -> (10,8) [DOWN]
    Agent 3: (3,16) -> (2,16) [UP]
t=11:
    Agent 0: (7,10) -> (7,9) [LEFT]
    Agent 1: (9,12) -> (9,13) [RIGHT]
    Agent 2: (10,8) -> (11,8) [DOWN]
    Agent 3: (2,16) -> (3,16) [DOWN]
t=12:
    Agent 0: (7,9) -> (7,8) [LEFT]
    Agent 1: (9,13) -> (10,13) [DOWN]
    Agent 2: (11,8) -> (12,8) [DOWN]
    Agent 3: (3,16) -> (2,16) [UP]
t=13:
    Agent 0: (7,8) -> (7,7) [LEFT]
    Agent 1: (10,13) -> (11,13) [DOWN]
    Agent 2: (12,8) -> (13,8) [DOWN]
    Agent 3: (2,16) -> (3,16) [DOWN]
t=14:
    Agent 0: (7,7) -> (7,6) [LEFT]
    Agent 1: (11,13) -> (12,13) [DOWN]
    Agent 2: (13,8) -> (13,7) [LEFT]
    Agent 3: (3,16) -> (2,16) [UP]
t=15:
    Agent 0: (7,6) -> (7,5) [LEFT]
    Agent 1: (12,13) -> (13,13) [DOWN]
    Agent 2: (13,7) -> (14,7) [DOWN]
    Agent 3: (2,16) -> (3,16) [DOWN]
t=16:
    Agent 0: (7,5) -> (7,4) [LEFT]
    Agent 1: (13,13) -> (13,14) [RIGHT]
    Agent 2: (14,7) -> (14,6) [LEFT]
    Agent 3: (3,16) -> (2,16) [UP]
t=17:
    Agent 0: (7,4) -> (7,3) [LEFT]
    Agent 1: (13,14) -> (13,15) [RIGHT]
    Agent 2: (14,6) -> (15,6) [DOWN]
    Agent 3: (2,16) -> (3,16) [DOWN]
t=18:
    Agent 0: (7,3) -> (7,3) [WAIT]
    Agent 1: (13,15) -> (13,16) [RIGHT]
    Agent 2: (15,6) -> (15,5) [LEFT]
    Agent 3: (3,16) -> (2,16) [UP]
t=19:
    Agent 0: (7,3) -> (7,3) [WAIT]
    Agent 1: (13,16) -> (13,17) [RIGHT]
    Agent 2: (15,5) -> (16,5) [DOWN]
    Agent 3: (2,16) -> (3,16) [DOWN]
-------------------------

Solution found! Cost: 420

============================================================
PBS SEARCH TREE
============================================================
└── Node 0 | Collision: 1-2 at (9, 10) t=7 | Cost: 420 | Priorities: {}
    ├── Node 1 [Added: 1>2] | Cost: 420 | Priorities: {1>2}
    └── Node 2 [Added: 2>1] ✓ SOLUTION | Cost: 420 | Priorities: {2>1}

------------------------------------------------------------
Total nodes generated: 3
Total nodes expanded:  2
Solution found at Node 2
Final priorities: {2>1}
============================================================


--------------------------------------------------
Run 67: SOLVED in 0.22s
Nodes Generated: 3
Nodes Expanded:  2

Final path lengths:
  Agent 0: 18 steps
  Agent 1: 25 steps
  Agent 2: 25 steps
  Agent 3: 104 steps
--------------------------------------------------
