
--- Random Run 27/70 ---
Obstacle cells: 39 / 400
Agent Setup:
  Agent 0: (13, 11) -> (18, 15) (red)
  Agent 1: (11, 10) -> (1, 10) (blue)
  Agent 2: (1, 15) -> (19, 17) (green)
  Agent 3: (19, 19) -> (17, 7) (orange)
Starting PBS for 4 agents...

--- Paths by Timestep ---
t=0:
    Agent 0: (13,11) -> (14,11) [DOWN]
    Agent 1: (11,10) -> (10,10) [UP]
    Agent 2: (1,15) -> (1,16) [RIGHT]
    Agent 3: (19,19) -> (19,18) [LEFT]
t=1:
    Agent 0: (14,11) -> (14,12) [RIGHT]
    Agent 1: (10,10) -> (9,10) [UP]
    Agent 2: (1,16) -> (1,17) [RIGHT]
    Agent 3: (19,18) -> (19,17) [LEFT]
t=2:
    Agent 0: (14,12) -> (15,12) [DOWN]
    Agent 1: (9,10) -> (9,11) [RIGHT]
    Agent 2: (1,17) -> (2,17) [DOWN]
    Agent 3: (19,17) -> (18,17) [UP]
t=3:
    Agent 0: (15,12) -> (16,12) [DOWN]
    Agent 1: (9,11) -> (8,11) [UP]
    Agent 2: (2,17) -> (3,17) [DOWN]
    Agent 3: (18,17) -> (18,16) [LEFT]
t=4:
    Agent 0: (16,12) -> (16,13) [RIGHT]
    Agent 1: (8,11) -> (7,11) [UP]
    Agent 2: (3,17) -> (4,17) [DOWN]
    Agent 3: (18,16) -> (17,16) [UP]
t=5:
    Agent 0: (16,13) -> (17,13) [DOWN]
    Agent 1: (7,11) -> (6,11) [UP]
    Agent 2: (4,17) -> (5,17) [DOWN]
    Agent 3: (17,16) -> (17,15) [LEFT]
t=6:
    Agent 0: (17,13) -> (18,13) [DOWN]
    Agent 1: (6,11) -> (5,11) [UP]
    Agent 2: (5,17) -> (6,17) [DOWN]
    Agent 3: (17,15) -> (18,15) [DOWN]
t=7:
    Agent 0: (18,13) -> (18,14) [RIGHT]
    Agent 1: (5,11) -> (4,11) [UP]
    Agent 2: (6,17) -> (7,17) [DOWN]
    Agent 3: (18,15) -> (18,14) [LEFT]
t=8:
    Agent 0: (18,14) -> (18,15) [RIGHT]
    Agent 1: (4,11) -> (3,11) [UP]
    Agent 2: (7,17) -> (8,17) [DOWN]
    Agent 3: (18,14) -> (18,13) [LEFT]
t=9:
    Agent 0: (18,15) -> (18,15) [WAIT]
    Agent 1: (3,11) -> (2,11) [UP]
    Agent 2: (8,17) -> (9,17) [DOWN]
    Agent 3: (18,13) -> (18,12) [LEFT]
t=10:
    Agent 0: (18,15) -> (18,15) [WAIT]
    Agent 1: (2,11) -> (1,11) [UP]
    Agent 2: (9,17) -> (10,17) [DOWN]
    Agent 3: (18,12) -> (18,11) [LEFT]
t=11:
    Agent 0: (18,15) -> (18,15) [WAIT]
    Agent 1: (1,11) -> (1,10) [LEFT]
    Agent 2: (10,17) -> (11,17) [DOWN]
    Agent 3: (18,11) -> (18,10) [LEFT]
t=12:
    Agent 0: (18,15) -> (18,15) [WAIT]
    Agent 1: (1,10) -> (1,10) [WAIT]
    Agent 2: (11,17) -> (12,17) [DOWN]
    Agent 3: (18,10) -> (18,9) [LEFT]
t=13:
    Agent 0: (18,15) -> (18,15) [WAIT]
    Agent 1: (1,10) -> (1,10) [WAIT]
    Agent 2: (12,17) -> (13,17) [DOWN]
    Agent 3: (18,9) -> (17,9) [UP]
t=14:
    Agent 0: (18,15) -> (18,15) [WAIT]
    Agent 1: (1,10) -> (1,10) [WAIT]
    Agent 2: (13,17) -> (14,17) [DOWN]
    Agent 3: (17,9) -> (17,8) [LEFT]
t=15:
    Agent 0: (18,15) -> (18,15) [WAIT]
    Agent 1: (1,10) -> (1,10) [WAIT]
    Agent 2: (14,17) -> (15,17) [DOWN]
    Agent 3: (17,8) -> (18,8) [DOWN]
t=16:
    Agent 0: (18,15) -> (18,15) [WAIT]
    Agent 1: (1,10) -> (1,10) [WAIT]
    Agent 2: (15,17) -> (16,17) [DOWN]
    Agent 3: (18,8) -> (17,8) [UP]
t=17:
    Agent 0: (18,15) -> (18,15) [WAIT]
    Agent 1: (1,10) -> (1,10) [WAIT]
    Agent 2: (16,17) -> (17,17) [DOWN]
    Agent 3: (17,8) -> (18,8) [DOWN]
t=18:
    Agent 0: (18,15) -> (18,15) [WAIT]
    Agent 1: (1,10) -> (1,10) [WAIT]
    Agent 2: (17,17) -> (18,17) [DOWN]
    Agent 3: (18,8) -> (17,8) [UP]
t=19:
    Agent 0: (18,15) -> (18,15) [WAIT]
    Agent 1: (1,10) -> (1,10) [WAIT]
    Agent 2: (18,17) -> (19,17) [DOWN]
    Agent 3: (17,8) -> (17,7) [LEFT]
-------------------------

  -> Vertex collision detected: Agent 3 and 0 at (18, 14) at t=8
  -> Vertex collision detected: Agent 3 and 0 at (18, 14) at t=8
Node 0: Collision 3-0 at (18, 14) t=8
  [PBS] Agent 0 t=7: forced WAIT at (18,13) due to VERTEX constraint (wanted (18,14))
  [PBS] Agent 0 t=8: rerouted to (17,13) [UP] (wanted (18,14))

--- Paths by Timestep ---
t=0:
    Agent 0: (13,11) -> (14,11) [DOWN]
    Agent 1: (11,10) -> (10,10) [UP]
    Agent 2: (1,15) -> (1,16) [RIGHT]
    Agent 3: (19,19) -> (19,18) [LEFT]
t=1:
    Agent 0: (14,11) -> (14,12) [RIGHT]
    Agent 1: (10,10) -> (9,10) [UP]
    Agent 2: (1,16) -> (1,17) [RIGHT]
    Agent 3: (19,18) -> (19,17) [LEFT]
t=2:
    Agent 0: (14,12) -> (15,12) [DOWN]
    Agent 1: (9,10) -> (9,11) [RIGHT]
    Agent 2: (1,17) -> (2,17) [DOWN]
    Agent 3: (19,17) -> (18,17) [UP]
t=3:
    Agent 0: (15,12) -> (16,12) [DOWN]
    Agent 1: (9,11) -> (8,11) [UP]
    Agent 2: (2,17) -> (3,17) [DOWN]
    Agent 3: (18,17) -> (18,16) [LEFT]
t=4:
    Agent 0: (16,12) -> (16,13) [RIGHT]
    Agent 1: (8,11) -> (7,11) [UP]
    Agent 2: (3,17) -> (4,17) [DOWN]
    Agent 3: (18,16) -> (17,16) [UP]
t=5:
    Agent 0: (16,13) -> (17,13) [DOWN]
    Agent 1: (7,11) -> (6,11) [UP]
    Agent 2: (4,17) -> (5,17) [DOWN]
    Agent 3: (17,16) -> (17,15) [LEFT]
t=6:
    Agent 0: (17,13) -> (18,13) [DOWN]
    Agent 1: (6,11) -> (5,11) [UP]
    Agent 2: (5,17) -> (6,17) [DOWN]
    Agent 3: (17,15) -> (18,15) [DOWN]
t=7:
    Agent 0: (18,13) -> (18,13) [WAIT]
    Agent 1: (5,11) -> (4,11) [UP]
    Agent 2: (6,17) -> (7,17) [DOWN]
    Agent 3: (18,15) -> (18,14) [LEFT]
t=8:
    Agent 0: (18,13) -> (17,13) [UP]
    Agent 1: (4,11) -> (3,11) [UP]
    Agent 2: (7,17) -> (8,17) [DOWN]
    Agent 3: (18,14) -> (18,13) [LEFT]
t=9:
    Agent 0: (17,13) -> (18,13) [DOWN]
    Agent 1: (3,11) -> (2,11) [UP]
    Agent 2: (8,17) -> (9,17) [DOWN]
    Agent 3: (18,13) -> (18,12) [LEFT]
t=10:
    Agent 0: (18,13) -> (18,14) [RIGHT]
    Agent 1: (2,11) -> (1,11) [UP]
    Agent 2: (9,17) -> (10,17) [DOWN]
    Agent 3: (18,12) -> (18,11) [LEFT]
t=11:
    Agent 0: (18,14) -> (18,15) [RIGHT]
    Agent 1: (1,11) -> (1,10) [LEFT]
    Agent 2: (10,17) -> (11,17) [DOWN]
    Agent 3: (18,11) -> (18,10) [LEFT]
t=12:
    Agent 0: (18,15) -> (18,15) [WAIT]
    Agent 1: (1,10) -> (1,10) [WAIT]
    Agent 2: (11,17) -> (12,17) [DOWN]
    Agent 3: (18,10) -> (18,9) [LEFT]
t=13:
    Agent 0: (18,15) -> (18,15) [WAIT]
    Agent 1: (1,10) -> (1,10) [WAIT]
    Agent 2: (12,17) -> (13,17) [DOWN]
    Agent 3: (18,9) -> (17,9) [UP]
t=14:
    Agent 0: (18,15) -> (18,15) [WAIT]
    Agent 1: (1,10) -> (1,10) [WAIT]
    Agent 2: (13,17) -> (14,17) [DOWN]
    Agent 3: (17,9) -> (17,8) [LEFT]
t=15:
    Agent 0: (18,15) -> (18,15) [WAIT]
    Agent 1: (1,10) -> (1,10) [WAIT]
    Agent 2: (14,17) -> (15,17) [DOWN]
    Agent 3: (17,8) -> (18,8) [DOWN]
t=16:
    Agent 0: (18,15) -> (18,15) [WAIT]
    Agent 1: (1,10) -> (1,10) [WAIT]
    Agent 2: (15,17) -> (16,17) [DOWN]
    Agent 3: (18,8) -> (17,8) [UP]
t=17:
    Agent 0: (18,15) -> (18,15) [WAIT]
    Agent 1: (1,10) -> (1,10) [WAIT]
    Agent 2: (16,17) -> (17,17) [DOWN]
    Agent 3: (17,8) -> (18,8) [DOWN]
t=18:
    Agent 0: (18,15) -> (18,15) [WAIT]
    Agent 1: (1,10) -> (1,10) [WAIT]
    Agent 2: (17,17) -> (18,17) [DOWN]
    Agent 3: (18,8) -> (17,8) [UP]
t=19:
    Agent 0: (18,15) -> (18,15) [WAIT]
    Agent 1: (1,10) -> (1,10) [WAIT]
    Agent 2: (18,17) -> (19,17) [DOWN]
    Agent 3: (17,8) -> (17,7) [LEFT]
-------------------------

  [PBS] Agent 3 t=7: forced WAIT at (18,15) due to VERTEX constraint (wanted (18,14))
  [PBS] Agent 3 t=8: rerouted to (17,15) [UP] (wanted (18,14))
  [PBS] Agent 3 t=9: forced WAIT at (17,15) due to VERTEX constraint (wanted (18,15))
  [PBS] Agent 3 t=10: forced WAIT at (17,15) due to VERTEX constraint (wanted (18,15))
  [PBS] Agent 3 t=11: forced WAIT at (17,15) due to VERTEX constraint (wanted (18,15))
  [PBS] Agent 3 t=12: forced WAIT at (17,15) due to VERTEX constraint (wanted (18,15))
  [PBS] Agent 3 t=13: forced WAIT at (17,15) due to VERTEX constraint (wanted (18,15))
  [PBS] Agent 3 t=14: forced WAIT at (17,15) due to VERTEX constraint (wanted (18,15))
  [PBS] Agent 3 t=15: forced WAIT at (17,15) due to VERTEX constraint (wanted (18,15))
  [PBS] Agent 3 t=16: forced WAIT at (17,15) due to VERTEX constraint (wanted (18,15))
  [PBS] Agent 3 t=17: forced WAIT at (17,15) due to VERTEX constraint (wanted (18,15))
  [PBS] Agent 3 t=18: forced WAIT at (17,15) due to VERTEX constraint (wanted (18,15))
  [PBS] Agent 3 t=19: forced WAIT at (17,15) due to VERTEX constraint (wanted (18,15))
  [PBS] Agent 3 t=20: forced WAIT at (17,15) due to VERTEX constraint (wanted (18,15))
  [PBS] Agent 3 t=21: forced WAIT at (17,15) due to VERTEX constraint (wanted (18,15))
  [PBS] Agent 3 t=22: forced WAIT at (17,15) due to VERTEX constraint (wanted (18,15))
  [PBS] Agent 3 t=23: forced WAIT at (17,15) due to VERTEX constraint (wanted (18,15))
  [PBS] Agent 3 t=24: forced WAIT at (17,15) due to VERTEX constraint (wanted (18,15))
  [PBS] Agent 3 t=25: forced WAIT at (17,15) due to VERTEX constraint (wanted (18,15))
  [PBS] Agent 3 t=26: forced WAIT at (17,15) due to VERTEX constraint (wanted (18,15))
  [PBS] Agent 3 t=27: forced WAIT at (17,15) due to VERTEX constraint (wanted (18,15))
  [PBS] Agent 3 t=28: forced WAIT at (17,15) due to VERTEX constraint (wanted (18,15))
  [PBS] Agent 3 t=29: forced WAIT at (17,15) due to VERTEX constraint (wanted (18,15))
  [PBS] Agent 3 t=30: forced WAIT at (17,15) due to VERTEX constraint (wanted (18,15))
  [PBS] Agent 3 t=31: forced WAIT at (17,15) due to VERTEX constraint (wanted (18,15))
  [PBS] Agent 3 t=32: forced WAIT at (17,15) due to VERTEX constraint (wanted (18,15))
  [PBS] Agent 3 t=33: forced WAIT at (17,15) due to VERTEX constraint (wanted (18,15))
  [PBS] Agent 3 t=34: forced WAIT at (17,15) due to VERTEX constraint (wanted (18,15))
  [PBS] Agent 3 t=35: forced WAIT at (17,15) due to VERTEX constraint (wanted (18,15))
  [PBS] Agent 3 t=36: forced WAIT at (17,15) due to VERTEX constraint (wanted (18,15))
  [PBS] Agent 3 t=37: forced WAIT at (17,15) due to VERTEX constraint (wanted (18,15))
  [PBS] Agent 3 t=38: forced WAIT at (17,15) due to VERTEX constraint (wanted (18,15))
  [PBS] Agent 3 t=39: forced WAIT at (17,15) due to VERTEX constraint (wanted (18,15))
  [PBS] Agent 3 t=40: forced WAIT at (17,15) due to VERTEX constraint (wanted (18,15))
  [PBS] Agent 3 t=41: forced WAIT at (17,15) due to VERTEX constraint (wanted (18,15))
  [PBS] Agent 3 t=42: forced WAIT at (17,15) due to VERTEX constraint (wanted (18,15))
  [PBS] Agent 3 t=43: forced WAIT at (17,15) due to VERTEX constraint (wanted (18,15))
  [PBS] Agent 3 t=44: forced WAIT at (17,15) due to VERTEX constraint (wanted (18,15))
  [PBS] Agent 3 t=45: forced WAIT at (17,15) due to VERTEX constraint (wanted (18,15))
  [PBS] Agent 3 t=46: forced WAIT at (17,15) due to VERTEX constraint (wanted (18,15))
  [PBS] Agent 3 t=47: forced WAIT at (17,15) due to VERTEX constraint (wanted (18,15))
  [PBS] Agent 3 t=48: forced WAIT at (17,15) due to VERTEX constraint (wanted (18,15))
  [PBS] Agent 3 t=49: forced WAIT at (17,15) due to VERTEX constraint (wanted (18,15))
  [PBS] Agent 3 t=50: forced WAIT at (17,15) due to VERTEX constraint (wanted (18,15))
  [PBS] Agent 3 t=51: forced WAIT at (17,15) due to VERTEX constraint (wanted (18,15))
  [PBS] Agent 3 t=52: forced WAIT at (17,15) due to VERTEX constraint (wanted (18,15))
  [PBS] Agent 3 t=53: forced WAIT at (17,15) due to VERTEX constraint (wanted (18,15))
  [PBS] Agent 3 t=54: forced WAIT at (17,15) due to VERTEX constraint (wanted (18,15))
  [PBS] Agent 3 t=55: forced WAIT at (17,15) due to VERTEX constraint (wanted (18,15))
  [PBS] Agent 3 t=56: forced WAIT at (17,15) due to VERTEX constraint (wanted (18,15))
  [PBS] Agent 3 t=57: forced WAIT at (17,15) due to VERTEX constraint (wanted (18,15))
  [PBS] Agent 3 t=58: forced WAIT at (17,15) due to VERTEX constraint (wanted (18,15))
  [PBS] Agent 3 t=59: forced WAIT at (17,15) due to VERTEX constraint (wanted (18,15))
  [PBS] Agent 3 t=60: forced WAIT at (17,15) due to VERTEX constraint (wanted (18,15))
  [PBS] Agent 3 t=61: forced WAIT at (17,15) due to VERTEX constraint (wanted (18,15))
  [PBS] Agent 3 t=62: forced WAIT at (17,15) due to VERTEX constraint (wanted (18,15))
  [PBS] Agent 3 t=63: forced WAIT at (17,15) due to VERTEX constraint (wanted (18,15))
  [PBS] Agent 3 t=64: forced WAIT at (17,15) due to VERTEX constraint (wanted (18,15))
  [PBS] Agent 3 t=65: forced WAIT at (17,15) due to VERTEX constraint (wanted (18,15))
  [PBS] Agent 3 t=66: forced WAIT at (17,15) due to VERTEX constraint (wanted (18,15))
  [PBS] Agent 3 t=67: forced WAIT at (17,15) due to VERTEX constraint (wanted (18,15))
  [PBS] Agent 3 t=68: forced WAIT at (17,15) due to VERTEX constraint (wanted (18,15))
  [PBS] Agent 3 t=69: forced WAIT at (17,15) due to VERTEX constraint (wanted (18,15))
  [PBS] Agent 3 t=70: forced WAIT at (17,15) due to VERTEX constraint (wanted (18,15))
  [PBS] Agent 3 t=71: forced WAIT at (17,15) due to VERTEX constraint (wanted (18,15))
  [PBS] Agent 3 t=72: forced WAIT at (17,15) due to VERTEX constraint (wanted (18,15))
  [PBS] Agent 3 t=73: forced WAIT at (17,15) due to VERTEX constraint (wanted (18,15))
  [PBS] Agent 3 t=74: forced WAIT at (17,15) due to VERTEX constraint (wanted (18,15))
  [PBS] Agent 3 t=75: forced WAIT at (17,15) due to VERTEX constraint (wanted (18,15))
  [PBS] Agent 3 t=76: forced WAIT at (17,15) due to VERTEX constraint (wanted (18,15))
  [PBS] Agent 3 t=77: forced WAIT at (17,15) due to VERTEX constraint (wanted (18,15))
  [PBS] Agent 3 t=78: forced WAIT at (17,15) due to VERTEX constraint (wanted (18,15))
  [PBS] Agent 3 t=79: forced WAIT at (17,15) due to VERTEX constraint (wanted (18,15))
  [PBS] Agent 3 t=80: forced WAIT at (17,15) due to VERTEX constraint (wanted (18,15))
  [PBS] Agent 3 t=81: forced WAIT at (17,15) due to VERTEX constraint (wanted (18,15))
  [PBS] Agent 3 t=82: forced WAIT at (17,15) due to VERTEX constraint (wanted (18,15))
  [PBS] Agent 3 t=83: forced WAIT at (17,15) due to VERTEX constraint (wanted (18,15))
  [PBS] Agent 3 t=84: forced WAIT at (17,15) due to VERTEX constraint (wanted (18,15))
  [PBS] Agent 3 t=85: forced WAIT at (17,15) due to VERTEX constraint (wanted (18,15))
  [PBS] Agent 3 t=86: forced WAIT at (17,15) due to VERTEX constraint (wanted (18,15))
  [PBS] Agent 3 t=87: forced WAIT at (17,15) due to VERTEX constraint (wanted (18,15))
  [PBS] Agent 3 t=88: forced WAIT at (17,15) due to VERTEX constraint (wanted (18,15))
  [PBS] Agent 3 t=89: forced WAIT at (17,15) due to VERTEX constraint (wanted (18,15))
  [PBS] Agent 3 t=90: forced WAIT at (17,15) due to VERTEX constraint (wanted (18,15))
  [PBS] Agent 3 t=91: forced WAIT at (17,15) due to VERTEX constraint (wanted (18,15))
  [PBS] Agent 3 t=92: forced WAIT at (17,15) due to VERTEX constraint (wanted (18,15))
  [PBS] Agent 3 t=93: forced WAIT at (17,15) due to VERTEX constraint (wanted (18,15))
  [PBS] Agent 3 t=94: forced WAIT at (17,15) due to VERTEX constraint (wanted (18,15))
  [PBS] Agent 3 t=95: forced WAIT at (17,15) due to VERTEX constraint (wanted (18,15))
  [PBS] Agent 3 t=96: forced WAIT at (17,15) due to VERTEX constraint (wanted (18,15))
  [PBS] Agent 3 t=97: forced WAIT at (17,15) due to VERTEX constraint (wanted (18,15))
  [PBS] Agent 3 t=98: forced WAIT at (17,15) due to VERTEX constraint (wanted (18,15))
  [PBS] Agent 3 t=99: forced WAIT at (17,15) due to VERTEX constraint (wanted (18,15))

--- Paths by Timestep ---
t=0:
    Agent 0: (13,11) -> (14,11) [DOWN]
    Agent 1: (11,10) -> (10,10) [UP]
    Agent 2: (1,15) -> (1,16) [RIGHT]
    Agent 3: (19,19) -> (19,18) [LEFT]
t=1:
    Agent 0: (14,11) -> (14,12) [RIGHT]
    Agent 1: (10,10) -> (9,10) [UP]
    Agent 2: (1,16) -> (1,17) [RIGHT]
    Agent 3: (19,18) -> (19,17) [LEFT]
t=2:
    Agent 0: (14,12) -> (15,12) [DOWN]
    Agent 1: (9,10) -> (9,11) [RIGHT]
    Agent 2: (1,17) -> (2,17) [DOWN]
    Agent 3: (19,17) -> (18,17) [UP]
t=3:
    Agent 0: (15,12) -> (16,12) [DOWN]
    Agent 1: (9,11) -> (8,11) [UP]
    Agent 2: (2,17) -> (3,17) [DOWN]
    Agent 3: (18,17) -> (18,16) [LEFT]
t=4:
    Agent 0: (16,12) -> (16,13) [RIGHT]
    Agent 1: (8,11) -> (7,11) [UP]
    Agent 2: (3,17) -> (4,17) [DOWN]
    Agent 3: (18,16) -> (17,16) [UP]
t=5:
    Agent 0: (16,13) -> (17,13) [DOWN]
    Agent 1: (7,11) -> (6,11) [UP]
    Agent 2: (4,17) -> (5,17) [DOWN]
    Agent 3: (17,16) -> (17,15) [LEFT]
t=6:
    Agent 0: (17,13) -> (18,13) [DOWN]
    Agent 1: (6,11) -> (5,11) [UP]
    Agent 2: (5,17) -> (6,17) [DOWN]
    Agent 3: (17,15) -> (18,15) [DOWN]
t=7:
    Agent 0: (18,13) -> (18,14) [RIGHT]
    Agent 1: (5,11) -> (4,11) [UP]
    Agent 2: (6,17) -> (7,17) [DOWN]
    Agent 3: (18,15) -> (18,15) [WAIT]
t=8:
    Agent 0: (18,14) -> (18,15) [RIGHT]
    Agent 1: (4,11) -> (3,11) [UP]
    Agent 2: (7,17) -> (8,17) [DOWN]
    Agent 3: (18,15) -> (17,15) [UP]
t=9:
    Agent 0: (18,15) -> (18,15) [WAIT]
    Agent 1: (3,11) -> (2,11) [UP]
    Agent 2: (8,17) -> (9,17) [DOWN]
    Agent 3: (17,15) -> (17,15) [WAIT]
t=10:
    Agent 0: (18,15) -> (18,15) [WAIT]
    Agent 1: (2,11) -> (1,11) [UP]
    Agent 2: (9,17) -> (10,17) [DOWN]
    Agent 3: (17,15) -> (17,15) [WAIT]
t=11:
    Agent 0: (18,15) -> (18,15) [WAIT]
    Agent 1: (1,11) -> (1,10) [LEFT]
    Agent 2: (10,17) -> (11,17) [DOWN]
    Agent 3: (17,15) -> (17,15) [WAIT]
t=12:
    Agent 0: (18,15) -> (18,15) [WAIT]
    Agent 1: (1,10) -> (1,10) [WAIT]
    Agent 2: (11,17) -> (12,17) [DOWN]
    Agent 3: (17,15) -> (17,15) [WAIT]
t=13:
    Agent 0: (18,15) -> (18,15) [WAIT]
    Agent 1: (1,10) -> (1,10) [WAIT]
    Agent 2: (12,17) -> (13,17) [DOWN]
    Agent 3: (17,15) -> (17,15) [WAIT]
t=14:
    Agent 0: (18,15) -> (18,15) [WAIT]
    Agent 1: (1,10) -> (1,10) [WAIT]
    Agent 2: (13,17) -> (14,17) [DOWN]
    Agent 3: (17,15) -> (17,15) [WAIT]
t=15:
    Agent 0: (18,15) -> (18,15) [WAIT]
    Agent 1: (1,10) -> (1,10) [WAIT]
    Agent 2: (14,17) -> (15,17) [DOWN]
    Agent 3: (17,15) -> (17,15) [WAIT]
t=16:
    Agent 0: (18,15) -> (18,15) [WAIT]
    Agent 1: (1,10) -> (1,10) [WAIT]
    Agent 2: (15,17) -> (16,17) [DOWN]
    Agent 3: (17,15) -> (17,15) [WAIT]
t=17:
    Agent 0: (18,15) -> (18,15) [WAIT]
    Agent 1: (1,10) -> (1,10) [WAIT]
    Agent 2: (16,17) -> (17,17) [DOWN]
    Agent 3: (17,15) -> (17,15) [WAIT]
t=18:
    Agent 0: (18,15) -> (18,15) [WAIT]
    Agent 1: (1,10) -> (1,10) [WAIT]
    Agent 2: (17,17) -> (18,17) [DOWN]
    Agent 3: (17,15) -> (17,15) [WAIT]
t=19:
    Agent 0: (18,15) -> (18,15) [WAIT]
    Agent 1: (1,10) -> (1,10) [WAIT]
    Agent 2: (18,17) -> (19,17) [DOWN]
    Agent 3: (17,15) -> (17,15) [WAIT]
-------------------------

Solution found! Cost: 420

============================================================
PBS SEARCH TREE
============================================================
└── Node 0 | Collision: 3-0 at (18, 14) t=8 | Cost: 420 | Priorities: {}
    ├── Node 1 [Added: 3>0] | Cost: 420 | Priorities: {3>0}
    └── Node 2 [Added: 0>3] ✓ SOLUTION | Cost: 420 | Priorities: {0>3}

------------------------------------------------------------
Total nodes generated: 3
Total nodes expanded:  2
Solution found at Node 2
Final priorities: {0>3}
============================================================


--------------------------------------------------
Run 27: SOLVED in 0.15s
Nodes Generated: 3
Nodes Expanded:  2

Final path lengths:
  Agent 0: 9 steps
  Agent 1: 12 steps
  Agent 2: 20 steps
  Agent 3: 104 steps
--------------------------------------------------
