
--- Random Run 36/70 ---
Obstacle cells: 57 / 400
Agent Setup:
  Agent 0: (7, 9) -> (9, 4) (red)
  Agent 1: (4, 15) -> (16, 13) (blue)
  Agent 2: (19, 15) -> (17, 1) (green)
  Agent 3: (5, 16) -> (13, 0) (orange)
Starting PBS for 4 agents...

--- Paths by Timestep ---
t=0:
    Agent 0: (7,9) -> (8,9) [DOWN]
    Agent 1: (4,15) -> (4,16) [RIGHT]
    Agent 2: (19,15) -> (19,16) [RIGHT]
    Agent 3: (5,16) -> (4,16) [UP]
t=1:
    Agent 0: (8,9) -> (9,9) [DOWN]
    Agent 1: (4,16) -> (3,16) [UP]
    Agent 2: (19,16) -> (19,15) [LEFT]
    Agent 3: (4,16) -> (3,16) [UP]
t=2:
    Agent 0: (9,9) -> (9,8) [LEFT]
    Agent 1: (3,16) -> (3,15) [LEFT]
    Agent 2: (19,15) -> (18,15) [UP]
    Agent 3: (3,16) -> (3,15) [LEFT]
t=3:
    Agent 0: (9,8) -> (9,7) [LEFT]
    Agent 1: (3,15) -> (3,14) [LEFT]
    Agent 2: (18,15) -> (17,15) [UP]
    Agent 3: (3,15) -> (3,14) [LEFT]
t=4:
    Agent 0: (9,7) -> (9,6) [LEFT]
    Agent 1: (3,14) -> (3,13) [LEFT]
    Agent 2: (17,15) -> (16,15) [UP]
    Agent 3: (3,14) -> (3,13) [LEFT]
t=5:
    Agent 0: (9,6) -> (9,5) [LEFT]
    Agent 1: (3,13) -> (3,12) [LEFT]
    Agent 2: (16,15) -> (15,15) [UP]
    Agent 3: (3,13) -> (3,12) [LEFT]
t=6:
    Agent 0: (9,5) -> (9,4) [LEFT]
    Agent 1: (3,12) -> (4,12) [DOWN]
    Agent 2: (15,15) -> (14,15) [UP]
    Agent 3: (3,12) -> (3,11) [LEFT]
t=7:
    Agent 0: (9,4) -> (9,4) [WAIT]
    Agent 1: (4,12) -> (5,12) [DOWN]
    Agent 2: (14,15) -> (14,14) [LEFT]
    Agent 3: (3,11) -> (4,11) [DOWN]
t=8:
    Agent 0: (9,4) -> (9,4) [WAIT]
    Agent 1: (5,12) -> (6,12) [DOWN]
    Agent 2: (14,14) -> (14,13) [LEFT]
    Agent 3: (4,11) -> (5,11) [DOWN]
t=9:
    Agent 0: (9,4) -> (9,4) [WAIT]
    Agent 1: (6,12) -> (7,12) [DOWN]
    Agent 2: (14,13) -> (14,12) [LEFT]
    Agent 3: (5,11) -> (6,11) [DOWN]
t=10:
    Agent 0: (9,4) -> (9,4) [WAIT]
    Agent 1: (7,12) -> (8,12) [DOWN]
    Agent 2: (14,12) -> (15,12) [DOWN]
    Agent 3: (6,11) -> (7,11) [DOWN]
t=11:
    Agent 0: (9,4) -> (9,4) [WAIT]
    Agent 1: (8,12) -> (9,12) [DOWN]
    Agent 2: (15,12) -> (16,12) [DOWN]
    Agent 3: (7,11) -> (8,11) [DOWN]
t=12:
    Agent 0: (9,4) -> (9,4) [WAIT]
    Agent 1: (9,12) -> (10,12) [DOWN]
    Agent 2: (16,12) -> (17,12) [DOWN]
    Agent 3: (8,11) -> (9,11) [DOWN]
t=13:
    Agent 0: (9,4) -> (9,4) [WAIT]
    Agent 1: (10,12) -> (11,12) [DOWN]
    Agent 2: (17,12) -> (17,11) [LEFT]
    Agent 3: (9,11) -> (9,10) [LEFT]
t=14:
    Agent 0: (9,4) -> (9,4) [WAIT]
    Agent 1: (11,12) -> (12,12) [DOWN]
    Agent 2: (17,11) -> (17,10) [LEFT]
    Agent 3: (9,10) -> (10,10) [DOWN]
t=15:
    Agent 0: (9,4) -> (9,4) [WAIT]
    Agent 1: (12,12) -> (13,12) [DOWN]
    Agent 2: (17,10) -> (17,9) [LEFT]
    Agent 3: (10,10) -> (11,10) [DOWN]
t=16:
    Agent 0: (9,4) -> (9,4) [WAIT]
    Agent 1: (13,12) -> (14,12) [DOWN]
    Agent 2: (17,9) -> (17,8) [LEFT]
    Agent 3: (11,10) -> (11,9) [LEFT]
t=17:
    Agent 0: (9,4) -> (9,4) [WAIT]
    Agent 1: (14,12) -> (15,12) [DOWN]
    Agent 2: (17,8) -> (17,7) [LEFT]
    Agent 3: (11,9) -> (11,8) [LEFT]
t=18:
    Agent 0: (9,4) -> (9,4) [WAIT]
    Agent 1: (15,12) -> (16,12) [DOWN]
    Agent 2: (17,7) -> (17,6) [LEFT]
    Agent 3: (11,8) -> (11,7) [LEFT]
t=19:
    Agent 0: (9,4) -> (9,4) [WAIT]
    Agent 1: (16,12) -> (16,13) [RIGHT]
    Agent 2: (17,6) -> (17,5) [LEFT]
    Agent 3: (11,7) -> (11,6) [LEFT]
-------------------------

  -> Vertex collision detected: Agent 3 and 1 at (4, 16) at t=1
  -> Vertex collision detected: Agent 3 and 1 at (4, 16) at t=1
Node 0: Collision 3-1 at (4, 16) t=1
  [PBS] Agent 1 t=0: forced WAIT at (4,15) due to VERTEX constraint (wanted (4,16))

--- Paths by Timestep ---
t=0:
    Agent 0: (7,9) -> (8,9) [DOWN]
    Agent 1: (4,15) -> (4,15) [WAIT]
    Agent 2: (19,15) -> (19,16) [RIGHT]
    Agent 3: (5,16) -> (4,16) [UP]
t=1:
    Agent 0: (8,9) -> (9,9) [DOWN]
    Agent 1: (4,15) -> (4,16) [RIGHT]
    Agent 2: (19,16) -> (19,15) [LEFT]
    Agent 3: (4,16) -> (3,16) [UP]
t=2:
    Agent 0: (9,9) -> (9,8) [LEFT]
    Agent 1: (4,16) -> (3,16) [UP]
    Agent 2: (19,15) -> (18,15) [UP]
    Agent 3: (3,16) -> (3,15) [LEFT]
t=3:
    Agent 0: (9,8) -> (9,7) [LEFT]
    Agent 1: (3,16) -> (3,15) [LEFT]
    Agent 2: (18,15) -> (17,15) [UP]
    Agent 3: (3,15) -> (3,14) [LEFT]
t=4:
    Agent 0: (9,7) -> (9,6) [LEFT]
    Agent 1: (3,15) -> (3,14) [LEFT]
    Agent 2: (17,15) -> (16,15) [UP]
    Agent 3: (3,14) -> (3,13) [LEFT]
t=5:
    Agent 0: (9,6) -> (9,5) [LEFT]
    Agent 1: (3,14) -> (3,13) [LEFT]
    Agent 2: (16,15) -> (15,15) [UP]
    Agent 3: (3,13) -> (3,12) [LEFT]
t=6:
    Agent 0: (9,5) -> (9,4) [LEFT]
    Agent 1: (3,13) -> (3,12) [LEFT]
    Agent 2: (15,15) -> (14,15) [UP]
    Agent 3: (3,12) -> (3,11) [LEFT]
t=7:
    Agent 0: (9,4) -> (9,4) [WAIT]
    Agent 1: (3,12) -> (4,12) [DOWN]
    Agent 2: (14,15) -> (14,14) [LEFT]
    Agent 3: (3,11) -> (4,11) [DOWN]
t=8:
    Agent 0: (9,4) -> (9,4) [WAIT]
    Agent 1: (4,12) -> (5,12) [DOWN]
    Agent 2: (14,14) -> (14,13) [LEFT]
    Agent 3: (4,11) -> (5,11) [DOWN]
t=9:
    Agent 0: (9,4) -> (9,4) [WAIT]
    Agent 1: (5,12) -> (6,12) [DOWN]
    Agent 2: (14,13) -> (14,12) [LEFT]
    Agent 3: (5,11) -> (6,11) [DOWN]
t=10:
    Agent 0: (9,4) -> (9,4) [WAIT]
    Agent 1: (6,12) -> (7,12) [DOWN]
    Agent 2: (14,12) -> (15,12) [DOWN]
    Agent 3: (6,11) -> (7,11) [DOWN]
t=11:
    Agent 0: (9,4) -> (9,4) [WAIT]
    Agent 1: (7,12) -> (8,12) [DOWN]
    Agent 2: (15,12) -> (16,12) [DOWN]
    Agent 3: (7,11) -> (8,11) [DOWN]
t=12:
    Agent 0: (9,4) -> (9,4) [WAIT]
    Agent 1: (8,12) -> (9,12) [DOWN]
    Agent 2: (16,12) -> (17,12) [DOWN]
    Agent 3: (8,11) -> (9,11) [DOWN]
t=13:
    Agent 0: (9,4) -> (9,4) [WAIT]
    Agent 1: (9,12) -> (10,12) [DOWN]
    Agent 2: (17,12) -> (17,11) [LEFT]
    Agent 3: (9,11) -> (9,10) [LEFT]
t=14:
    Agent 0: (9,4) -> (9,4) [WAIT]
    Agent 1: (10,12) -> (11,12) [DOWN]
    Agent 2: (17,11) -> (17,10) [LEFT]
    Agent 3: (9,10) -> (10,10) [DOWN]
t=15:
    Agent 0: (9,4) -> (9,4) [WAIT]
    Agent 1: (11,12) -> (12,12) [DOWN]
    Agent 2: (17,10) -> (17,9) [LEFT]
    Agent 3: (10,10) -> (11,10) [DOWN]
t=16:
    Agent 0: (9,4) -> (9,4) [WAIT]
    Agent 1: (12,12) -> (13,12) [DOWN]
    Agent 2: (17,9) -> (17,8) [LEFT]
    Agent 3: (11,10) -> (11,9) [LEFT]
t=17:
    Agent 0: (9,4) -> (9,4) [WAIT]
    Agent 1: (13,12) -> (14,12) [DOWN]
    Agent 2: (17,8) -> (17,7) [LEFT]
    Agent 3: (11,9) -> (11,8) [LEFT]
t=18:
    Agent 0: (9,4) -> (9,4) [WAIT]
    Agent 1: (14,12) -> (15,12) [DOWN]
    Agent 2: (17,7) -> (17,6) [LEFT]
    Agent 3: (11,8) -> (11,7) [LEFT]
t=19:
    Agent 0: (9,4) -> (9,4) [WAIT]
    Agent 1: (15,12) -> (16,12) [DOWN]
    Agent 2: (17,6) -> (17,5) [LEFT]
    Agent 3: (11,7) -> (11,6) [LEFT]
-------------------------

  [PBS] Agent 3 t=0: forced WAIT at (5,16) due to VERTEX constraint (wanted (4,16))

--- Paths by Timestep ---
t=0:
    Agent 0: (7,9) -> (8,9) [DOWN]
    Agent 1: (4,15) -> (4,16) [RIGHT]
    Agent 2: (19,15) -> (19,16) [RIGHT]
    Agent 3: (5,16) -> (5,16) [WAIT]
t=1:
    Agent 0: (8,9) -> (9,9) [DOWN]
    Agent 1: (4,16) -> (3,16) [UP]
    Agent 2: (19,16) -> (19,15) [LEFT]
    Agent 3: (5,16) -> (4,16) [UP]
t=2:
    Agent 0: (9,9) -> (9,8) [LEFT]
    Agent 1: (3,16) -> (3,15) [LEFT]
    Agent 2: (19,15) -> (18,15) [UP]
    Agent 3: (4,16) -> (3,16) [UP]
t=3:
    Agent 0: (9,8) -> (9,7) [LEFT]
    Agent 1: (3,15) -> (3,14) [LEFT]
    Agent 2: (18,15) -> (17,15) [UP]
    Agent 3: (3,16) -> (3,15) [LEFT]
t=4:
    Agent 0: (9,7) -> (9,6) [LEFT]
    Agent 1: (3,14) -> (3,13) [LEFT]
    Agent 2: (17,15) -> (16,15) [UP]
    Agent 3: (3,15) -> (3,14) [LEFT]
t=5:
    Agent 0: (9,6) -> (9,5) [LEFT]
    Agent 1: (3,13) -> (3,12) [LEFT]
    Agent 2: (16,15) -> (15,15) [UP]
    Agent 3: (3,14) -> (3,13) [LEFT]
t=6:
    Agent 0: (9,5) -> (9,4) [LEFT]
    Agent 1: (3,12) -> (4,12) [DOWN]
    Agent 2: (15,15) -> (14,15) [UP]
    Agent 3: (3,13) -> (3,12) [LEFT]
t=7:
    Agent 0: (9,4) -> (9,4) [WAIT]
    Agent 1: (4,12) -> (5,12) [DOWN]
    Agent 2: (14,15) -> (14,14) [LEFT]
    Agent 3: (3,12) -> (3,11) [LEFT]
t=8:
    Agent 0: (9,4) -> (9,4) [WAIT]
    Agent 1: (5,12) -> (6,12) [DOWN]
    Agent 2: (14,14) -> (14,13) [LEFT]
    Agent 3: (3,11) -> (4,11) [DOWN]
t=9:
    Agent 0: (9,4) -> (9,4) [WAIT]
    Agent 1: (6,12) -> (7,12) [DOWN]
    Agent 2: (14,13) -> (14,12) [LEFT]
    Agent 3: (4,11) -> (5,11) [DOWN]
t=10:
    Agent 0: (9,4) -> (9,4) [WAIT]
    Agent 1: (7,12) -> (8,12) [DOWN]
    Agent 2: (14,12) -> (15,12) [DOWN]
    Agent 3: (5,11) -> (6,11) [DOWN]
t=11:
    Agent 0: (9,4) -> (9,4) [WAIT]
    Agent 1: (8,12) -> (9,12) [DOWN]
    Agent 2: (15,12) -> (16,12) [DOWN]
    Agent 3: (6,11) -> (7,11) [DOWN]
t=12:
    Agent 0: (9,4) -> (9,4) [WAIT]
    Agent 1: (9,12) -> (10,12) [DOWN]
    Agent 2: (16,12) -> (17,12) [DOWN]
    Agent 3: (7,11) -> (8,11) [DOWN]
t=13:
    Agent 0: (9,4) -> (9,4) [WAIT]
    Agent 1: (10,12) -> (11,12) [DOWN]
    Agent 2: (17,12) -> (17,11) [LEFT]
    Agent 3: (8,11) -> (9,11) [DOWN]
t=14:
    Agent 0: (9,4) -> (9,4) [WAIT]
    Agent 1: (11,12) -> (12,12) [DOWN]
    Agent 2: (17,11) -> (17,10) [LEFT]
    Agent 3: (9,11) -> (9,10) [LEFT]
t=15:
    Agent 0: (9,4) -> (9,4) [WAIT]
    Agent 1: (12,12) -> (13,12) [DOWN]
    Agent 2: (17,10) -> (17,9) [LEFT]
    Agent 3: (9,10) -> (10,10) [DOWN]
t=16:
    Agent 0: (9,4) -> (9,4) [WAIT]
    Agent 1: (13,12) -> (14,12) [DOWN]
    Agent 2: (17,9) -> (17,8) [LEFT]
    Agent 3: (10,10) -> (11,10) [DOWN]
t=17:
    Agent 0: (9,4) -> (9,4) [WAIT]
    Agent 1: (14,12) -> (15,12) [DOWN]
    Agent 2: (17,8) -> (17,7) [LEFT]
    Agent 3: (11,10) -> (11,9) [LEFT]
t=18:
    Agent 0: (9,4) -> (9,4) [WAIT]
    Agent 1: (15,12) -> (16,12) [DOWN]
    Agent 2: (17,7) -> (17,6) [LEFT]
    Agent 3: (11,9) -> (11,8) [LEFT]
t=19:
    Agent 0: (9,4) -> (9,4) [WAIT]
    Agent 1: (16,12) -> (16,13) [RIGHT]
    Agent 2: (17,6) -> (17,5) [LEFT]
    Agent 3: (11,8) -> (11,7) [LEFT]
-------------------------

Solution found! Cost: 420

============================================================
PBS SEARCH TREE
============================================================
└── Node 0 | Collision: 3-1 at (4, 16) t=1 | Cost: 420 | Priorities: {}
    ├── Node 1 [Added: 3>1] | Cost: 420 | Priorities: {3>1}
    └── Node 2 [Added: 1>3] ✓ SOLUTION | Cost: 420 | Priorities: {1>3}

------------------------------------------------------------
Total nodes generated: 3
Total nodes expanded:  2
Solution found at Node 2
Final priorities: {1>3}
============================================================


--------------------------------------------------
Run 36: SOLVED in 0.13s
Nodes Generated: 3
Nodes Expanded:  2

Final path lengths:
  Agent 0: 7 steps
  Agent 1: 20 steps
  Agent 2: 26 steps
  Agent 3: 29 steps
--------------------------------------------------
