
--- Random Run 31/70 ---
Obstacle cells: 43 / 400
Agent Setup:
  Agent 0: (3, 14) -> (7, 2) (red)
  Agent 1: (15, 13) -> (4, 3) (blue)
  Agent 2: (19, 2) -> (10, 11) (green)
  Agent 3: (9, 18) -> (9, 7) (orange)
Starting PBS for 4 agents...

--- Paths by Timestep ---
t=0:
    Agent 0: (3,14) -> (3,13) [LEFT]
    Agent 1: (15,13) -> (14,13) [UP]
    Agent 2: (19,2) -> (18,2) [UP]
    Agent 3: (9,18) -> (9,17) [LEFT]
t=1:
    Agent 0: (3,13) -> (4,13) [DOWN]
    Agent 1: (14,13) -> (13,13) [UP]
    Agent 2: (18,2) -> (17,2) [UP]
    Agent 3: (9,17) -> (9,16) [LEFT]
t=2:
    Agent 0: (4,13) -> (4,12) [LEFT]
    Agent 1: (13,13) -> (12,13) [UP]
    Agent 2: (17,2) -> (16,2) [UP]
    Agent 3: (9,16) -> (9,15) [LEFT]
t=3:
    Agent 0: (4,12) -> (4,11) [LEFT]
    Agent 1: (12,13) -> (11,13) [UP]
    Agent 2: (16,2) -> (15,2) [UP]
    Agent 3: (9,15) -> (9,14) [LEFT]
t=4:
    Agent 0: (4,11) -> (4,10) [LEFT]
    Agent 1: (11,13) -> (10,13) [UP]
    Agent 2: (15,2) -> (14,2) [UP]
    Agent 3: (9,14) -> (9,13) [LEFT]
t=5:
    Agent 0: (4,10) -> (4,9) [LEFT]
    Agent 1: (10,13) -> (9,13) [UP]
    Agent 2: (14,2) -> (13,2) [UP]
    Agent 3: (9,13) -> (9,12) [LEFT]
t=6:
    Agent 0: (4,9) -> (4,8) [LEFT]
    Agent 1: (9,13) -> (8,13) [UP]
    Agent 2: (13,2) -> (12,2) [UP]
    Agent 3: (9,12) -> (9,11) [LEFT]
t=7:
    Agent 0: (4,8) -> (4,7) [LEFT]
    Agent 1: (8,13) -> (7,13) [UP]
    Agent 2: (12,2) -> (11,2) [UP]
    Agent 3: (9,11) -> (9,10) [LEFT]
t=8:
    Agent 0: (4,7) -> (4,6) [LEFT]
    Agent 1: (7,13) -> (6,13) [UP]
    Agent 2: (11,2) -> (11,3) [RIGHT]
    Agent 3: (9,10) -> (9,9) [LEFT]
t=9:
    Agent 0: (4,6) -> (4,5) [LEFT]
    Agent 1: (6,13) -> (6,12) [LEFT]
    Agent 2: (11,3) -> (11,4) [RIGHT]
    Agent 3: (9,9) -> (9,8) [LEFT]
t=10:
    Agent 0: (4,5) -> (5,5) [DOWN]
    Agent 1: (6,12) -> (5,12) [UP]
    Agent 2: (11,4) -> (11,5) [RIGHT]
    Agent 3: (9,8) -> (9,8) [WAIT]
t=11:
    Agent 0: (5,5) -> (5,4) [LEFT]
    Agent 1: (5,12) -> (5,11) [LEFT]
    Agent 2: (11,5) -> (11,6) [RIGHT]
    Agent 3: (9,8) -> (9,8) [WAIT]
t=12:
    Agent 0: (5,4) -> (6,4) [DOWN]
    Agent 1: (5,11) -> (4,11) [UP]
    Agent 2: (11,6) -> (11,7) [RIGHT]
    Agent 3: (9,8) -> (9,8) [WAIT]
t=13:
    Agent 0: (6,4) -> (6,3) [LEFT]
    Agent 1: (4,11) -> (4,10) [LEFT]
    Agent 2: (11,7) -> (11,8) [RIGHT]
    Agent 3: (9,8) -> (9,8) [WAIT]
t=14:
    Agent 0: (6,3) -> (7,3) [DOWN]
    Agent 1: (4,10) -> (4,9) [LEFT]
    Agent 2: (11,8) -> (11,9) [RIGHT]
    Agent 3: (9,8) -> (9,8) [WAIT]
t=15:
    Agent 0: (7,3) -> (7,2) [LEFT]
    Agent 1: (4,9) -> (4,8) [LEFT]
    Agent 2: (11,9) -> (11,9) [WAIT]
    Agent 3: (9,8) -> (8,8) [UP]
t=16:
    Agent 0: (7,2) -> (7,2) [WAIT]
    Agent 1: (4,8) -> (4,7) [LEFT]
    Agent 2: (11,9) -> (11,10) [RIGHT]
    Agent 3: (8,8) -> (9,8) [DOWN]
t=17:
    Agent 0: (7,2) -> (7,2) [WAIT]
    Agent 1: (4,7) -> (4,6) [LEFT]
    Agent 2: (11,10) -> (11,11) [RIGHT]
    Agent 3: (9,8) -> (9,8) [WAIT]
t=18:
    Agent 0: (7,2) -> (7,2) [WAIT]
    Agent 1: (4,6) -> (4,5) [LEFT]
    Agent 2: (11,11) -> (10,11) [UP]
    Agent 3: (9,8) -> (9,7) [LEFT]
t=19:
    Agent 0: (7,2) -> (7,2) [WAIT]
    Agent 1: (4,5) -> (4,4) [LEFT]
    Agent 2: (10,11) -> (10,11) [WAIT]
    Agent 3: (9,7) -> (9,7) [WAIT]
-------------------------


============================================================
PBS SEARCH TREE
============================================================
└── Node 0 ✓ SOLUTION | Cost: 420 | Priorities: {}

------------------------------------------------------------
Total nodes generated: 0
Total nodes expanded:  0
Solution found at Node 0
Final priorities: {}
============================================================


--------------------------------------------------
Run 31: SOLVED in 0.08s
Nodes Generated: 0
Nodes Expanded:  0

Final path lengths:
  Agent 0: 16 steps
  Agent 1: 21 steps
  Agent 2: 19 steps
  Agent 3: 19 steps
--------------------------------------------------
