
--- Random Run 17/70 ---
Obstacle cells: 33 / 400
Agent Setup:
  Agent 0: (5, 11) -> (12, 14) (red)
  Agent 1: (14, 6) -> (7, 9) (blue)
  Agent 2: (3, 10) -> (14, 15) (green)
  Agent 3: (3, 11) -> (7, 13) (orange)
Starting PBS for 4 agents...

--- Paths by Timestep ---
t=0:
    Agent 0: (5,11) -> (5,12) [RIGHT]
    Agent 1: (14,6) -> (13,6) [UP]
    Agent 2: (3,10) -> (4,10) [DOWN]
    Agent 3: (3,11) -> (3,12) [RIGHT]
t=1:
    Agent 0: (5,12) -> (5,13) [RIGHT]
    Agent 1: (13,6) -> (12,6) [UP]
    Agent 2: (4,10) -> (5,10) [DOWN]
    Agent 3: (3,12) -> (3,13) [RIGHT]
t=2:
    Agent 0: (5,13) -> (6,13) [DOWN]
    Agent 1: (12,6) -> (11,6) [UP]
    Agent 2: (5,10) -> (6,10) [DOWN]
    Agent 3: (3,13) -> (4,13) [DOWN]
t=3:
    Agent 0: (6,13) -> (7,13) [DOWN]
    Agent 1: (11,6) -> (10,6) [UP]
    Agent 2: (6,10) -> (6,9) [LEFT]
    Agent 3: (4,13) -> (5,13) [DOWN]
t=4:
    Agent 0: (7,13) -> (8,13) [DOWN]
    Agent 1: (10,6) -> (9,6) [UP]
    Agent 2: (6,9) -> (7,9) [DOWN]
    Agent 3: (5,13) -> (6,13) [DOWN]
t=5:
    Agent 0: (8,13) -> (9,13) [DOWN]
    Agent 1: (9,6) -> (8,6) [UP]
    Agent 2: (7,9) -> (8,9) [DOWN]
    Agent 3: (6,13) -> (7,13) [DOWN]
t=6:
    Agent 0: (9,13) -> (10,13) [DOWN]
    Agent 1: (8,6) -> (8,7) [RIGHT]
    Agent 2: (8,9) -> (9,9) [DOWN]
    Agent 3: (7,13) -> (7,13) [WAIT]
t=7:
    Agent 0: (10,13) -> (11,13) [DOWN]
    Agent 1: (8,7) -> (8,8) [RIGHT]
    Agent 2: (9,9) -> (10,9) [DOWN]
    Agent 3: (7,13) -> (7,13) [WAIT]
t=8:
    Agent 0: (11,13) -> (12,13) [DOWN]
    Agent 1: (8,8) -> (7,8) [UP]
    Agent 2: (10,9) -> (11,9) [DOWN]
    Agent 3: (7,13) -> (7,13) [WAIT]
t=9:
    Agent 0: (12,13) -> (12,14) [RIGHT]
    Agent 1: (7,8) -> (6,8) [UP]
    Agent 2: (11,9) -> (11,10) [RIGHT]
    Agent 3: (7,13) -> (7,13) [WAIT]
t=10:
    Agent 0: (12,14) -> (12,14) [WAIT]
    Agent 1: (6,8) -> (6,9) [RIGHT]
    Agent 2: (11,10) -> (11,11) [RIGHT]
    Agent 3: (7,13) -> (7,13) [WAIT]
t=11:
    Agent 0: (12,14) -> (12,14) [WAIT]
    Agent 1: (6,9) -> (7,9) [DOWN]
    Agent 2: (11,11) -> (11,12) [RIGHT]
    Agent 3: (7,13) -> (7,13) [WAIT]
t=12:
    Agent 0: (12,14) -> (12,14) [WAIT]
    Agent 1: (7,9) -> (7,9) [WAIT]
    Agent 2: (11,12) -> (11,13) [RIGHT]
    Agent 3: (7,13) -> (7,13) [WAIT]
t=13:
    Agent 0: (12,14) -> (12,14) [WAIT]
    Agent 1: (7,9) -> (7,9) [WAIT]
    Agent 2: (11,13) -> (12,13) [DOWN]
    Agent 3: (7,13) -> (7,13) [WAIT]
t=14:
    Agent 0: (12,14) -> (12,14) [WAIT]
    Agent 1: (7,9) -> (7,9) [WAIT]
    Agent 2: (12,13) -> (13,13) [DOWN]
    Agent 3: (7,13) -> (7,13) [WAIT]
t=15:
    Agent 0: (12,14) -> (12,14) [WAIT]
    Agent 1: (7,9) -> (7,9) [WAIT]
    Agent 2: (13,13) -> (13,14) [RIGHT]
    Agent 3: (7,13) -> (7,13) [WAIT]
t=16:
    Agent 0: (12,14) -> (12,14) [WAIT]
    Agent 1: (7,9) -> (7,9) [WAIT]
    Agent 2: (13,14) -> (13,15) [RIGHT]
    Agent 3: (7,13) -> (7,13) [WAIT]
t=17:
    Agent 0: (12,14) -> (12,14) [WAIT]
    Agent 1: (7,9) -> (7,9) [WAIT]
    Agent 2: (13,15) -> (14,15) [DOWN]
    Agent 3: (7,13) -> (7,13) [WAIT]
t=18:
    Agent 0: (12,14) -> (12,14) [WAIT]
    Agent 1: (7,9) -> (7,9) [WAIT]
    Agent 2: (14,15) -> (14,15) [WAIT]
    Agent 3: (7,13) -> (7,13) [WAIT]
t=19:
    Agent 0: (12,14) -> (12,14) [WAIT]
    Agent 1: (7,9) -> (7,9) [WAIT]
    Agent 2: (14,15) -> (14,15) [WAIT]
    Agent 3: (7,13) -> (7,13) [WAIT]
-------------------------


============================================================
PBS SEARCH TREE
============================================================
└── Node 0 ✓ SOLUTION | Cost: 420 | Priorities: {}

------------------------------------------------------------
Total nodes generated: 0
Total nodes expanded:  0
Solution found at Node 0
Final priorities: {}
============================================================


--------------------------------------------------
Run 17: SOLVED in 0.06s
Nodes Generated: 0
Nodes Expanded:  0

Final path lengths:
  Agent 0: 10 steps
  Agent 1: 12 steps
  Agent 2: 18 steps
  Agent 3: 6 steps
--------------------------------------------------
