
--- Random Run 38/70 ---
Obstacle cells: 46 / 400
Agent Setup:
  Agent 0: (2, 16) -> (9, 12) (red)
  Agent 1: (9, 10) -> (10, 8) (blue)
  Agent 2: (14, 13) -> (11, 2) (green)
  Agent 3: (17, 17) -> (19, 0) (orange)
Starting PBS for 4 agents...

--- Paths by Timestep ---
t=0:
    Agent 0: (2,16) -> (3,16) [DOWN]
    Agent 1: (9,10) -> (10,10) [DOWN]
    Agent 2: (14,13) -> (13,13) [UP]
    Agent 3: (17,17) -> (17,16) [LEFT]
t=1:
    Agent 0: (3,16) -> (4,16) [DOWN]
    Agent 1: (10,10) -> (10,9) [LEFT]
    Agent 2: (13,13) -> (12,13) [UP]
    Agent 3: (17,16) -> (18,16) [DOWN]
t=2:
    Agent 0: (4,16) -> (4,15) [LEFT]
    Agent 1: (10,9) -> (10,8) [LEFT]
    Agent 2: (12,13) -> (12,12) [LEFT]
    Agent 3: (18,16) -> (18,15) [LEFT]
t=3:
    Agent 0: (4,15) -> (4,14) [LEFT]
    Agent 1: (10,8) -> (10,8) [WAIT]
    Agent 2: (12,12) -> (12,11) [LEFT]
    Agent 3: (18,15) -> (19,15) [DOWN]
t=4:
    Agent 0: (4,14) -> (5,14) [DOWN]
    Agent 1: (10,8) -> (10,8) [WAIT]
    Agent 2: (12,11) -> (11,11) [UP]
    Agent 3: (19,15) -> (19,14) [LEFT]
t=5:
    Agent 0: (5,14) -> (6,14) [DOWN]
    Agent 1: (10,8) -> (10,8) [WAIT]
    Agent 2: (11,11) -> (11,10) [LEFT]
    Agent 3: (19,14) -> (19,13) [LEFT]
t=6:
    Agent 0: (6,14) -> (6,13) [LEFT]
    Agent 1: (10,8) -> (10,8) [WAIT]
    Agent 2: (11,10) -> (11,9) [LEFT]
    Agent 3: (19,13) -> (19,12) [LEFT]
t=7:
    Agent 0: (6,13) -> (7,13) [DOWN]
    Agent 1: (10,8) -> (10,8) [WAIT]
    Agent 2: (11,9) -> (11,8) [LEFT]
    Agent 3: (19,12) -> (19,11) [LEFT]
t=8:
    Agent 0: (7,13) -> (8,13) [DOWN]
    Agent 1: (10,8) -> (10,8) [WAIT]
    Agent 2: (11,8) -> (11,7) [LEFT]
    Agent 3: (19,11) -> (19,10) [LEFT]
t=9:
    Agent 0: (8,13) -> (8,12) [LEFT]
    Agent 1: (10,8) -> (10,8) [WAIT]
    Agent 2: (11,7) -> (11,6) [LEFT]
    Agent 3: (19,10) -> (19,9) [LEFT]
t=10:
    Agent 0: (8,12) -> (8,11) [LEFT]
    Agent 1: (10,8) -> (10,8) [WAIT]
    Agent 2: (11,6) -> (11,5) [LEFT]
    Agent 3: (19,9) -> (19,8) [LEFT]
t=11:
    Agent 0: (8,11) -> (9,11) [DOWN]
    Agent 1: (10,8) -> (10,8) [WAIT]
    Agent 2: (11,5) -> (11,4) [LEFT]
    Agent 3: (19,8) -> (19,7) [LEFT]
t=12:
    Agent 0: (9,11) -> (9,12) [RIGHT]
    Agent 1: (10,8) -> (10,8) [WAIT]
    Agent 2: (11,4) -> (11,3) [LEFT]
    Agent 3: (19,7) -> (19,6) [LEFT]
t=13:
    Agent 0: (9,12) -> (9,12) [WAIT]
    Agent 1: (10,8) -> (10,8) [WAIT]
    Agent 2: (11,3) -> (11,2) [LEFT]
    Agent 3: (19,6) -> (19,5) [LEFT]
t=14:
    Agent 0: (9,12) -> (9,12) [WAIT]
    Agent 1: (10,8) -> (10,8) [WAIT]
    Agent 2: (11,2) -> (11,2) [WAIT]
    Agent 3: (19,5) -> (19,4) [LEFT]
t=15:
    Agent 0: (9,12) -> (9,12) [WAIT]
    Agent 1: (10,8) -> (10,8) [WAIT]
    Agent 2: (11,2) -> (11,2) [WAIT]
    Agent 3: (19,4) -> (19,3) [LEFT]
t=16:
    Agent 0: (9,12) -> (9,12) [WAIT]
    Agent 1: (10,8) -> (10,8) [WAIT]
    Agent 2: (11,2) -> (11,2) [WAIT]
    Agent 3: (19,3) -> (19,2) [LEFT]
t=17:
    Agent 0: (9,12) -> (9,12) [WAIT]
    Agent 1: (10,8) -> (10,8) [WAIT]
    Agent 2: (11,2) -> (11,2) [WAIT]
    Agent 3: (19,2) -> (19,1) [LEFT]
t=18:
    Agent 0: (9,12) -> (9,12) [WAIT]
    Agent 1: (10,8) -> (10,8) [WAIT]
    Agent 2: (11,2) -> (11,2) [WAIT]
    Agent 3: (19,1) -> (19,0) [LEFT]
t=19:
    Agent 0: (9,12) -> (9,12) [WAIT]
    Agent 1: (10,8) -> (10,8) [WAIT]
    Agent 2: (11,2) -> (11,2) [WAIT]
    Agent 3: (19,0) -> (19,0) [WAIT]
-------------------------


============================================================
PBS SEARCH TREE
============================================================
└── Node 0 ✓ SOLUTION | Cost: 420 | Priorities: {}

------------------------------------------------------------
Total nodes generated: 0
Total nodes expanded:  0
Solution found at Node 0
Final priorities: {}
============================================================


--------------------------------------------------
Run 38: SOLVED in 0.06s
Nodes Generated: 0
Nodes Expanded:  0

Final path lengths:
  Agent 0: 13 steps
  Agent 1: 3 steps
  Agent 2: 14 steps
  Agent 3: 19 steps
--------------------------------------------------
