
--- Random Run 8/70 ---
Obstacle cells: 40 / 400
Agent Setup:
  Agent 0: (6, 11) -> (19, 15) (red)
  Agent 1: (14, 8) -> (0, 8) (blue)
  Agent 2: (10, 19) -> (11, 3) (green)
  Agent 3: (6, 12) -> (13, 19) (orange)
Starting PBS for 4 agents...

--- Paths by Timestep ---
t=0:
    Agent 0: (6,11) -> (6,12) [RIGHT]
    Agent 1: (14,8) -> (13,8) [UP]
    Agent 2: (10,19) -> (10,18) [LEFT]
    Agent 3: (6,12) -> (7,12) [DOWN]
t=1:
    Agent 0: (6,12) -> (6,13) [RIGHT]
    Agent 1: (13,8) -> (12,8) [UP]
    Agent 2: (10,18) -> (10,17) [LEFT]
    Agent 3: (7,12) -> (8,12) [DOWN]
t=2:
    Agent 0: (6,13) -> (6,14) [RIGHT]
    Agent 1: (12,8) -> (11,8) [UP]
    Agent 2: (10,17) -> (9,17) [UP]
    Agent 3: (8,12) -> (8,13) [RIGHT]
t=3:
    Agent 0: (6,14) -> (7,14) [DOWN]
    Agent 1: (11,8) -> (10,8) [UP]
    Agent 2: (9,17) -> (8,17) [UP]
    Agent 3: (8,13) -> (8,14) [RIGHT]
t=4:
    Agent 0: (7,14) -> (8,14) [DOWN]
    Agent 1: (10,8) -> (9,8) [UP]
    Agent 2: (8,17) -> (8,16) [LEFT]
    Agent 3: (8,14) -> (8,15) [RIGHT]
t=5:
    Agent 0: (8,14) -> (9,14) [DOWN]
    Agent 1: (9,8) -> (8,8) [UP]
    Agent 2: (8,16) -> (8,15) [LEFT]
    Agent 3: (8,15) -> (8,16) [RIGHT]
t=6:
    Agent 0: (9,14) -> (10,14) [DOWN]
    Agent 1: (8,8) -> (7,8) [UP]
    Agent 2: (8,15) -> (8,14) [LEFT]
    Agent 3: (8,16) -> (8,17) [RIGHT]
t=7:
    Agent 0: (10,14) -> (11,14) [DOWN]
    Agent 1: (7,8) -> (6,8) [UP]
    Agent 2: (8,14) -> (8,13) [LEFT]
    Agent 3: (8,17) -> (9,17) [DOWN]
t=8:
    Agent 0: (11,14) -> (11,15) [RIGHT]
    Agent 1: (6,8) -> (5,8) [UP]
    Agent 2: (8,13) -> (8,12) [LEFT]
    Agent 3: (9,17) -> (10,17) [DOWN]
t=9:
    Agent 0: (11,15) -> (12,15) [DOWN]
    Agent 1: (5,8) -> (4,8) [UP]
    Agent 2: (8,12) -> (8,11) [LEFT]
    Agent 3: (10,17) -> (11,17) [DOWN]
t=10:
    Agent 0: (12,15) -> (13,15) [DOWN]
    Agent 1: (4,8) -> (3,8) [UP]
    Agent 2: (8,11) -> (9,11) [DOWN]
    Agent 3: (11,17) -> (12,17) [DOWN]
t=11:
    Agent 0: (13,15) -> (14,15) [DOWN]
    Agent 1: (3,8) -> (2,8) [UP]
    Agent 2: (9,11) -> (10,11) [DOWN]
    Agent 3: (12,17) -> (13,17) [DOWN]
t=12:
    Agent 0: (14,15) -> (15,15) [DOWN]
    Agent 1: (2,8) -> (1,8) [UP]
    Agent 2: (10,11) -> (10,10) [LEFT]
    Agent 3: (13,17) -> (13,18) [RIGHT]
t=13:
    Agent 0: (15,15) -> (16,15) [DOWN]
    Agent 1: (1,8) -> (0,8) [UP]
    Agent 2: (10,10) -> (10,9) [LEFT]
    Agent 3: (13,18) -> (13,19) [RIGHT]
t=14:
    Agent 0: (16,15) -> (17,15) [DOWN]
    Agent 1: (0,8) -> (0,8) [WAIT]
    Agent 2: (10,9) -> (10,8) [LEFT]
    Agent 3: (13,19) -> (13,19) [WAIT]
t=15:
    Agent 0: (17,15) -> (18,15) [DOWN]
    Agent 1: (0,8) -> (0,8) [WAIT]
    Agent 2: (10,8) -> (11,8) [DOWN]
    Agent 3: (13,19) -> (13,19) [WAIT]
t=16:
    Agent 0: (18,15) -> (19,15) [DOWN]
    Agent 1: (0,8) -> (0,8) [WAIT]
    Agent 2: (11,8) -> (11,7) [LEFT]
    Agent 3: (13,19) -> (13,19) [WAIT]
t=17:
    Agent 0: (19,15) -> (19,15) [WAIT]
    Agent 1: (0,8) -> (0,8) [WAIT]
    Agent 2: (11,7) -> (11,6) [LEFT]
    Agent 3: (13,19) -> (13,19) [WAIT]
t=18:
    Agent 0: (19,15) -> (19,15) [WAIT]
    Agent 1: (0,8) -> (0,8) [WAIT]
    Agent 2: (11,6) -> (11,5) [LEFT]
    Agent 3: (13,19) -> (13,19) [WAIT]
t=19:
    Agent 0: (19,15) -> (19,15) [WAIT]
    Agent 1: (0,8) -> (0,8) [WAIT]
    Agent 2: (11,5) -> (11,4) [LEFT]
    Agent 3: (13,19) -> (13,19) [WAIT]
-------------------------

  -> Edge collision detected: Agent 2 and 3 swapping (8, 16)<->(8, 16) at t=5
  -> Edge collision detected: Agent 2 and 3 swapping (8, 16)<->(8, 16) at t=5
Node 0: Collision 2-3 at (8, 16) t=5
  [PBS] Agent 3 t=5: rerouted to (7,15) [UP] (wanted (8,16))

--- Paths by Timestep ---
t=0:
    Agent 0: (6,11) -> (6,12) [RIGHT]
    Agent 1: (14,8) -> (13,8) [UP]
    Agent 2: (10,19) -> (10,18) [LEFT]
    Agent 3: (6,12) -> (7,12) [DOWN]
t=1:
    Agent 0: (6,12) -> (6,13) [RIGHT]
    Agent 1: (13,8) -> (12,8) [UP]
    Agent 2: (10,18) -> (10,17) [LEFT]
    Agent 3: (7,12) -> (8,12) [DOWN]
t=2:
    Agent 0: (6,13) -> (6,14) [RIGHT]
    Agent 1: (12,8) -> (11,8) [UP]
    Agent 2: (10,17) -> (9,17) [UP]
    Agent 3: (8,12) -> (8,13) [RIGHT]
t=3:
    Agent 0: (6,14) -> (7,14) [DOWN]
    Agent 1: (11,8) -> (10,8) [UP]
    Agent 2: (9,17) -> (8,17) [UP]
    Agent 3: (8,13) -> (8,14) [RIGHT]
t=4:
    Agent 0: (7,14) -> (8,14) [DOWN]
    Agent 1: (10,8) -> (9,8) [UP]
    Agent 2: (8,17) -> (8,16) [LEFT]
    Agent 3: (8,14) -> (8,15) [RIGHT]
t=5:
    Agent 0: (8,14) -> (9,14) [DOWN]
    Agent 1: (9,8) -> (8,8) [UP]
    Agent 2: (8,16) -> (8,15) [LEFT]
    Agent 3: (8,15) -> (7,15) [UP]
t=6:
    Agent 0: (9,14) -> (10,14) [DOWN]
    Agent 1: (8,8) -> (7,8) [UP]
    Agent 2: (8,15) -> (8,14) [LEFT]
    Agent 3: (7,15) -> (7,16) [RIGHT]
t=7:
    Agent 0: (10,14) -> (11,14) [DOWN]
    Agent 1: (7,8) -> (6,8) [UP]
    Agent 2: (8,14) -> (8,13) [LEFT]
    Agent 3: (7,16) -> (7,17) [RIGHT]
t=8:
    Agent 0: (11,14) -> (11,15) [RIGHT]
    Agent 1: (6,8) -> (5,8) [UP]
    Agent 2: (8,13) -> (8,12) [LEFT]
    Agent 3: (7,17) -> (8,17) [DOWN]
t=9:
    Agent 0: (11,15) -> (12,15) [DOWN]
    Agent 1: (5,8) -> (4,8) [UP]
    Agent 2: (8,12) -> (8,11) [LEFT]
    Agent 3: (8,17) -> (9,17) [DOWN]
t=10:
    Agent 0: (12,15) -> (13,15) [DOWN]
    Agent 1: (4,8) -> (3,8) [UP]
    Agent 2: (8,11) -> (9,11) [DOWN]
    Agent 3: (9,17) -> (10,17) [DOWN]
t=11:
    Agent 0: (13,15) -> (14,15) [DOWN]
    Agent 1: (3,8) -> (2,8) [UP]
    Agent 2: (9,11) -> (10,11) [DOWN]
    Agent 3: (10,17) -> (11,17) [DOWN]
t=12:
    Agent 0: (14,15) -> (15,15) [DOWN]
    Agent 1: (2,8) -> (1,8) [UP]
    Agent 2: (10,11) -> (10,10) [LEFT]
    Agent 3: (11,17) -> (12,17) [DOWN]
t=13:
    Agent 0: (15,15) -> (16,15) [DOWN]
    Agent 1: (1,8) -> (0,8) [UP]
    Agent 2: (10,10) -> (10,9) [LEFT]
    Agent 3: (12,17) -> (13,17) [DOWN]
t=14:
    Agent 0: (16,15) -> (17,15) [DOWN]
    Agent 1: (0,8) -> (0,8) [WAIT]
    Agent 2: (10,9) -> (10,8) [LEFT]
    Agent 3: (13,17) -> (13,18) [RIGHT]
t=15:
    Agent 0: (17,15) -> (18,15) [DOWN]
    Agent 1: (0,8) -> (0,8) [WAIT]
    Agent 2: (10,8) -> (11,8) [DOWN]
    Agent 3: (13,18) -> (13,19) [RIGHT]
t=16:
    Agent 0: (18,15) -> (19,15) [DOWN]
    Agent 1: (0,8) -> (0,8) [WAIT]
    Agent 2: (11,8) -> (11,7) [LEFT]
    Agent 3: (13,19) -> (13,19) [WAIT]
t=17:
    Agent 0: (19,15) -> (19,15) [WAIT]
    Agent 1: (0,8) -> (0,8) [WAIT]
    Agent 2: (11,7) -> (11,6) [LEFT]
    Agent 3: (13,19) -> (13,19) [WAIT]
t=18:
    Agent 0: (19,15) -> (19,15) [WAIT]
    Agent 1: (0,8) -> (0,8) [WAIT]
    Agent 2: (11,6) -> (11,5) [LEFT]
    Agent 3: (13,19) -> (13,19) [WAIT]
t=19:
    Agent 0: (19,15) -> (19,15) [WAIT]
    Agent 1: (0,8) -> (0,8) [WAIT]
    Agent 2: (11,5) -> (11,4) [LEFT]
    Agent 3: (13,19) -> (13,19) [WAIT]
-------------------------

  [PBS] Agent 2 t=5: rerouted to (7,16) [UP] (wanted (8,15))

--- Paths by Timestep ---
t=0:
    Agent 0: (6,11) -> (6,12) [RIGHT]
    Agent 1: (14,8) -> (13,8) [UP]
    Agent 2: (10,19) -> (10,18) [LEFT]
    Agent 3: (6,12) -> (7,12) [DOWN]
t=1:
    Agent 0: (6,12) -> (6,13) [RIGHT]
    Agent 1: (13,8) -> (12,8) [UP]
    Agent 2: (10,18) -> (10,17) [LEFT]
    Agent 3: (7,12) -> (8,12) [DOWN]
t=2:
    Agent 0: (6,13) -> (6,14) [RIGHT]
    Agent 1: (12,8) -> (11,8) [UP]
    Agent 2: (10,17) -> (9,17) [UP]
    Agent 3: (8,12) -> (8,13) [RIGHT]
t=3:
    Agent 0: (6,14) -> (7,14) [DOWN]
    Agent 1: (11,8) -> (10,8) [UP]
    Agent 2: (9,17) -> (8,17) [UP]
    Agent 3: (8,13) -> (8,14) [RIGHT]
t=4:
    Agent 0: (7,14) -> (8,14) [DOWN]
    Agent 1: (10,8) -> (9,8) [UP]
    Agent 2: (8,17) -> (8,16) [LEFT]
    Agent 3: (8,14) -> (8,15) [RIGHT]
t=5:
    Agent 0: (8,14) -> (9,14) [DOWN]
    Agent 1: (9,8) -> (8,8) [UP]
    Agent 2: (8,16) -> (7,16) [UP]
    Agent 3: (8,15) -> (8,16) [RIGHT]
t=6:
    Agent 0: (9,14) -> (10,14) [DOWN]
    Agent 1: (8,8) -> (7,8) [UP]
    Agent 2: (7,16) -> (7,15) [LEFT]
    Agent 3: (8,16) -> (8,17) [RIGHT]
t=7:
    Agent 0: (10,14) -> (11,14) [DOWN]
    Agent 1: (7,8) -> (6,8) [UP]
    Agent 2: (7,15) -> (8,15) [DOWN]
    Agent 3: (8,17) -> (9,17) [DOWN]
t=8:
    Agent 0: (11,14) -> (11,15) [RIGHT]
    Agent 1: (6,8) -> (5,8) [UP]
    Agent 2: (8,15) -> (8,14) [LEFT]
    Agent 3: (9,17) -> (10,17) [DOWN]
t=9:
    Agent 0: (11,15) -> (12,15) [DOWN]
    Agent 1: (5,8) -> (4,8) [UP]
    Agent 2: (8,14) -> (8,13) [LEFT]
    Agent 3: (10,17) -> (11,17) [DOWN]
t=10:
    Agent 0: (12,15) -> (13,15) [DOWN]
    Agent 1: (4,8) -> (3,8) [UP]
    Agent 2: (8,13) -> (8,12) [LEFT]
    Agent 3: (11,17) -> (12,17) [DOWN]
t=11:
    Agent 0: (13,15) -> (14,15) [DOWN]
    Agent 1: (3,8) -> (2,8) [UP]
    Agent 2: (8,12) -> (8,11) [LEFT]
    Agent 3: (12,17) -> (13,17) [DOWN]
t=12:
    Agent 0: (14,15) -> (15,15) [DOWN]
    Agent 1: (2,8) -> (1,8) [UP]
    Agent 2: (8,11) -> (9,11) [DOWN]
    Agent 3: (13,17) -> (13,18) [RIGHT]
t=13:
    Agent 0: (15,15) -> (16,15) [DOWN]
    Agent 1: (1,8) -> (0,8) [UP]
    Agent 2: (9,11) -> (10,11) [DOWN]
    Agent 3: (13,18) -> (13,19) [RIGHT]
t=14:
    Agent 0: (16,15) -> (17,15) [DOWN]
    Agent 1: (0,8) -> (0,8) [WAIT]
    Agent 2: (10,11) -> (10,10) [LEFT]
    Agent 3: (13,19) -> (13,19) [WAIT]
t=15:
    Agent 0: (17,15) -> (18,15) [DOWN]
    Agent 1: (0,8) -> (0,8) [WAIT]
    Agent 2: (10,10) -> (10,9) [LEFT]
    Agent 3: (13,19) -> (13,19) [WAIT]
t=16:
    Agent 0: (18,15) -> (19,15) [DOWN]
    Agent 1: (0,8) -> (0,8) [WAIT]
    Agent 2: (10,9) -> (10,8) [LEFT]
    Agent 3: (13,19) -> (13,19) [WAIT]
t=17:
    Agent 0: (19,15) -> (19,15) [WAIT]
    Agent 1: (0,8) -> (0,8) [WAIT]
    Agent 2: (10,8) -> (11,8) [DOWN]
    Agent 3: (13,19) -> (13,19) [WAIT]
t=18:
    Agent 0: (19,15) -> (19,15) [WAIT]
    Agent 1: (0,8) -> (0,8) [WAIT]
    Agent 2: (11,8) -> (11,7) [LEFT]
    Agent 3: (13,19) -> (13,19) [WAIT]
t=19:
    Agent 0: (19,15) -> (19,15) [WAIT]
    Agent 1: (0,8) -> (0,8) [WAIT]
    Agent 2: (11,7) -> (11,6) [LEFT]
    Agent 3: (13,19) -> (13,19) [WAIT]
-------------------------

Solution found! Cost: 420

============================================================
PBS SEARCH TREE
============================================================
└── Node 0 | Collision: 2-3 at (8, 16) t=5 | Cost: 420 | Priorities: {}
    ├── Node 1 [Added: 2>3] | Cost: 420 | Priorities: {2>3}
    └── Node 2 [Added: 3>2] ✓ SOLUTION | Cost: 420 | Priorities: {3>2}

------------------------------------------------------------
Total nodes generated: 3
Total nodes expanded:  2
Solution found at Node 2
Final priorities: {3>2}
============================================================


--------------------------------------------------
Run 8: SOLVED in 0.17s
Nodes Generated: 3
Nodes Expanded:  2

Final path lengths:
  Agent 0: 17 steps
  Agent 1: 14 steps
  Agent 2: 23 steps
  Agent 3: 14 steps
--------------------------------------------------
