
--- Random Run 1/1 ---
Obstacle cells: 32 / 400
Agent Setup:
  Agent 0: (13, 6) -> (16, 7) (red)
  Agent 1: (14, 18) -> (8, 14) (blue)
  Agent 2: (12, 15) -> (0, 19) (green)
  Agent 3: (19, 1) -> (11, 0) (orange)
Starting PBS for 4 agents...

--- Paths by Timestep ---
t=0:
    Agent 0: (13,6) -> (13,7) [RIGHT]
    Agent 1: (14,18) -> (13,18) [UP]
    Agent 2: (12,15) -> (11,15) [UP]
    Agent 3: (19,1) -> (18,1) [UP]
t=1:
    Agent 0: (13,7) -> (14,7) [DOWN]
    Agent 1: (13,18) -> (12,18) [UP]
    Agent 2: (11,15) -> (10,15) [UP]
    Agent 3: (18,1) -> (17,1) [UP]
t=2:
    Agent 0: (14,7) -> (15,7) [DOWN]
    Agent 1: (12,18) -> (11,18) [UP]
    Agent 2: (10,15) -> (9,15) [UP]
    Agent 3: (17,1) -> (16,1) [UP]
t=3:
    Agent 0: (15,7) -> (16,7) [DOWN]
    Agent 1: (11,18) -> (10,18) [UP]
    Agent 2: (9,15) -> (8,15) [UP]
    Agent 3: (16,1) -> (15,1) [UP]
t=4:
    Agent 0: (16,7) -> (16,7) [WAIT]
    Agent 1: (10,18) -> (9,18) [UP]
    Agent 2: (8,15) -> (7,15) [UP]
    Agent 3: (15,1) -> (14,1) [UP]
t=5:
    Agent 0: (16,7) -> (16,7) [WAIT]
    Agent 1: (9,18) -> (8,18) [UP]
    Agent 2: (7,15) -> (6,15) [UP]
    Agent 3: (14,1) -> (13,1) [UP]
t=6:
    Agent 0: (16,7) -> (16,7) [WAIT]
    Agent 1: (8,18) -> (8,17) [LEFT]
    Agent 2: (6,15) -> (5,15) [UP]
    Agent 3: (13,1) -> (13,0) [LEFT]
t=7:
    Agent 0: (16,7) -> (16,7) [WAIT]
    Agent 1: (8,17) -> (8,16) [LEFT]
    Agent 2: (5,15) -> (4,15) [UP]
    Agent 3: (13,0) -> (12,0) [UP]
t=8:
    Agent 0: (16,7) -> (16,7) [WAIT]
    Agent 1: (8,16) -> (8,15) [LEFT]
    Agent 2: (4,15) -> (3,15) [UP]
    Agent 3: (12,0) -> (11,0) [UP]
t=9:
    Agent 0: (16,7) -> (16,7) [WAIT]
    Agent 1: (8,15) -> (8,14) [LEFT]
    Agent 2: (3,15) -> (2,15) [UP]
    Agent 3: (11,0) -> (11,0) [WAIT]
t=10:
    Agent 0: (16,7) -> (16,7) [WAIT]
    Agent 1: (8,14) -> (8,14) [WAIT]
    Agent 2: (2,15) -> (1,15) [UP]
    Agent 3: (11,0) -> (11,0) [WAIT]
t=11:
    Agent 0: (16,7) -> (16,7) [WAIT]
    Agent 1: (8,14) -> (8,14) [WAIT]
    Agent 2: (1,15) -> (0,15) [UP]
    Agent 3: (11,0) -> (11,0) [WAIT]
t=12:
    Agent 0: (16,7) -> (16,7) [WAIT]
    Agent 1: (8,14) -> (8,14) [WAIT]
    Agent 2: (0,15) -> (0,16) [RIGHT]
    Agent 3: (11,0) -> (11,0) [WAIT]
t=13:
    Agent 0: (16,7) -> (16,7) [WAIT]
    Agent 1: (8,14) -> (8,14) [WAIT]
    Agent 2: (0,16) -> (0,17) [RIGHT]
    Agent 3: (11,0) -> (11,0) [WAIT]
t=14:
    Agent 0: (16,7) -> (16,7) [WAIT]
    Agent 1: (8,14) -> (8,14) [WAIT]
    Agent 2: (0,17) -> (0,18) [RIGHT]
    Agent 3: (11,0) -> (11,0) [WAIT]
t=15:
    Agent 0: (16,7) -> (16,7) [WAIT]
    Agent 1: (8,14) -> (8,14) [WAIT]
    Agent 2: (0,18) -> (0,19) [RIGHT]
    Agent 3: (11,0) -> (11,0) [WAIT]
t=16:
    Agent 0: (16,7) -> (16,7) [WAIT]
    Agent 1: (8,14) -> (8,14) [WAIT]
    Agent 2: (0,19) -> (0,19) [WAIT]
    Agent 3: (11,0) -> (11,0) [WAIT]
t=17:
    Agent 0: (16,7) -> (16,7) [WAIT]
    Agent 1: (8,14) -> (8,14) [WAIT]
    Agent 2: (0,19) -> (0,19) [WAIT]
    Agent 3: (11,0) -> (11,0) [WAIT]
t=18:
    Agent 0: (16,7) -> (16,7) [WAIT]
    Agent 1: (8,14) -> (8,14) [WAIT]
    Agent 2: (0,19) -> (0,19) [WAIT]
    Agent 3: (11,0) -> (11,0) [WAIT]
t=19:
    Agent 0: (16,7) -> (16,7) [WAIT]
    Agent 1: (8,14) -> (8,14) [WAIT]
    Agent 2: (0,19) -> (0,19) [WAIT]
    Agent 3: (11,0) -> (11,0) [WAIT]
-------------------------


============================================================
PBS SEARCH TREE
============================================================
└── Node 0 ✓ SOLUTION | Cost: 420 | Priorities: {}

------------------------------------------------------------
Total nodes generated: 0
Total nodes expanded:  0
Solution found at Node 0
Final priorities: {}
============================================================


--------------------------------------------------
Run 1: SOLVED in 0.02s
Nodes Generated: 0
Nodes Expanded:  0

Final path lengths:
  Agent 0: 4 steps
  Agent 1: 10 steps
  Agent 2: 16 steps
  Agent 3: 9 steps
GIF saved to: solution_run1.gif
--------------------------------------------------
