
--- Random Run 60/70 ---
Obstacle cells: 52 / 400
Agent Setup:
  Agent 0: (4, 3) -> (14, 17) (red)
  Agent 1: (18, 7) -> (13, 3) (blue)
  Agent 2: (18, 3) -> (6, 8) (green)
  Agent 3: (3, 3) -> (9, 12) (orange)
Starting PBS for 4 agents...

--- Paths by Timestep ---
t=0:
    Agent 0: (4,3) -> (5,3) [DOWN]
    Agent 1: (18,7) -> (17,7) [UP]
    Agent 2: (18,3) -> (17,3) [UP]
    Agent 3: (3,3) -> (4,3) [DOWN]
t=1:
    Agent 0: (5,3) -> (6,3) [DOWN]
    Agent 1: (17,7) -> (16,7) [UP]
    Agent 2: (17,3) -> (16,3) [UP]
    Agent 3: (4,3) -> (4,4) [RIGHT]
t=2:
    Agent 0: (6,3) -> (6,4) [RIGHT]
    Agent 1: (16,7) -> (16,6) [LEFT]
    Agent 2: (16,3) -> (15,3) [UP]
    Agent 3: (4,4) -> (4,5) [RIGHT]
t=3:
    Agent 0: (6,4) -> (7,4) [DOWN]
    Agent 1: (16,6) -> (15,6) [UP]
    Agent 2: (15,3) -> (14,3) [UP]
    Agent 3: (4,5) -> (4,6) [RIGHT]
t=4:
    Agent 0: (7,4) -> (8,4) [DOWN]
    Agent 1: (15,6) -> (14,6) [UP]
    Agent 2: (14,3) -> (13,3) [UP]
    Agent 3: (4,6) -> (4,7) [RIGHT]
t=5:
    Agent 0: (8,4) -> (9,4) [DOWN]
    Agent 1: (14,6) -> (13,6) [UP]
    Agent 2: (13,3) -> (13,4) [RIGHT]
    Agent 3: (4,7) -> (4,8) [RIGHT]
t=6:
    Agent 0: (9,4) -> (10,4) [DOWN]
    Agent 1: (13,6) -> (13,5) [LEFT]
    Agent 2: (13,4) -> (12,4) [UP]
    Agent 3: (4,8) -> (4,9) [RIGHT]
t=7:
    Agent 0: (10,4) -> (10,5) [RIGHT]
    Agent 1: (13,5) -> (13,4) [LEFT]
    Agent 2: (12,4) -> (11,4) [UP]
    Agent 3: (4,9) -> (4,10) [RIGHT]
t=8:
    Agent 0: (10,5) -> (11,5) [DOWN]
    Agent 1: (13,4) -> (13,3) [LEFT]
    Agent 2: (11,4) -> (10,4) [UP]
    Agent 3: (4,10) -> (4,11) [RIGHT]
t=9:
    Agent 0: (11,5) -> (11,6) [RIGHT]
    Agent 1: (13,3) -> (13,3) [WAIT]
    Agent 2: (10,4) -> (9,4) [UP]
    Agent 3: (4,11) -> (5,11) [DOWN]
t=10:
    Agent 0: (11,6) -> (12,6) [DOWN]
    Agent 1: (13,3) -> (13,3) [WAIT]
    Agent 2: (9,4) -> (8,4) [UP]
    Agent 3: (5,11) -> (6,11) [DOWN]
t=11:
    Agent 0: (12,6) -> (12,7) [RIGHT]
    Agent 1: (13,3) -> (13,3) [WAIT]
    Agent 2: (8,4) -> (8,5) [RIGHT]
    Agent 3: (6,11) -> (7,11) [DOWN]
t=12:
    Agent 0: (12,7) -> (12,8) [RIGHT]
    Agent 1: (13,3) -> (13,3) [WAIT]
    Agent 2: (8,5) -> (8,6) [RIGHT]
    Agent 3: (7,11) -> (7,12) [RIGHT]
t=13:
    Agent 0: (12,8) -> (13,8) [DOWN]
    Agent 1: (13,3) -> (13,3) [WAIT]
    Agent 2: (8,6) -> (8,7) [RIGHT]
    Agent 3: (7,12) -> (8,12) [DOWN]
t=14:
    Agent 0: (13,8) -> (13,9) [RIGHT]
    Agent 1: (13,3) -> (13,3) [WAIT]
    Agent 2: (8,7) -> (8,8) [RIGHT]
    Agent 3: (8,12) -> (9,12) [DOWN]
t=15:
    Agent 0: (13,9) -> (13,10) [RIGHT]
    Agent 1: (13,3) -> (13,3) [WAIT]
    Agent 2: (8,8) -> (7,8) [UP]
    Agent 3: (9,12) -> (9,12) [WAIT]
t=16:
    Agent 0: (13,10) -> (13,11) [RIGHT]
    Agent 1: (13,3) -> (13,3) [WAIT]
    Agent 2: (7,8) -> (6,8) [UP]
    Agent 3: (9,12) -> (9,12) [WAIT]
t=17:
    Agent 0: (13,11) -> (13,12) [RIGHT]
    Agent 1: (13,3) -> (13,3) [WAIT]
    Agent 2: (6,8) -> (6,8) [WAIT]
    Agent 3: (9,12) -> (9,12) [WAIT]
t=18:
    Agent 0: (13,12) -> (13,13) [RIGHT]
    Agent 1: (13,3) -> (13,3) [WAIT]
    Agent 2: (6,8) -> (6,8) [WAIT]
    Agent 3: (9,12) -> (9,12) [WAIT]
t=19:
    Agent 0: (13,13) -> (14,13) [DOWN]
    Agent 1: (13,3) -> (13,3) [WAIT]
    Agent 2: (6,8) -> (6,8) [WAIT]
    Agent 3: (9,12) -> (9,12) [WAIT]
-------------------------


============================================================
PBS SEARCH TREE
============================================================
└── Node 0 ✓ SOLUTION | Cost: 420 | Priorities: {}

------------------------------------------------------------
Total nodes generated: 0
Total nodes expanded:  0
Solution found at Node 0
Final priorities: {}
============================================================


--------------------------------------------------
Run 60: SOLVED in 0.07s
Nodes Generated: 0
Nodes Expanded:  0

Final path lengths:
  Agent 0: 24 steps
  Agent 1: 9 steps
  Agent 2: 17 steps
  Agent 3: 15 steps
--------------------------------------------------
