
--- Random Run 15/70 ---
Obstacle cells: 48 / 400
Agent Setup:
  Agent 0: (6, 8) -> (11, 8) (red)
  Agent 1: (16, 17) -> (19, 9) (blue)
  Agent 2: (7, 3) -> (1, 9) (green)
  Agent 3: (19, 11) -> (1, 7) (orange)
Starting PBS for 4 agents...

--- Paths by Timestep ---
t=0:
    Agent 0: (6,8) -> (6,7) [LEFT]
    Agent 1: (16,17) -> (17,17) [DOWN]
    Agent 2: (7,3) -> (6,3) [UP]
    Agent 3: (19,11) -> (18,11) [UP]
t=1:
    Agent 0: (6,7) -> (7,7) [DOWN]
    Agent 1: (17,17) -> (18,17) [DOWN]
    Agent 2: (6,3) -> (5,3) [UP]
    Agent 3: (18,11) -> (17,11) [UP]
t=2:
    Agent 0: (7,7) -> (8,7) [DOWN]
    Agent 1: (18,17) -> (18,16) [LEFT]
    Agent 2: (5,3) -> (4,3) [UP]
    Agent 3: (17,11) -> (16,11) [UP]
t=3:
    Agent 0: (8,7) -> (8,8) [RIGHT]
    Agent 1: (18,16) -> (18,15) [LEFT]
    Agent 2: (4,3) -> (3,3) [UP]
    Agent 3: (16,11) -> (15,11) [UP]
t=4:
    Agent 0: (8,8) -> (8,9) [RIGHT]
    Agent 1: (18,15) -> (18,14) [LEFT]
    Agent 2: (3,3) -> (2,3) [UP]
    Agent 3: (15,11) -> (14,11) [UP]
t=5:
    Agent 0: (8,9) -> (9,9) [DOWN]
    Agent 1: (18,14) -> (18,13) [LEFT]
    Agent 2: (2,3) -> (1,3) [UP]
    Agent 3: (14,11) -> (13,11) [UP]
t=6:
    Agent 0: (9,9) -> (10,9) [DOWN]
    Agent 1: (18,13) -> (18,12) [LEFT]
    Agent 2: (1,3) -> (1,4) [RIGHT]
    Agent 3: (13,11) -> (12,11) [UP]
t=7:
    Agent 0: (10,9) -> (11,9) [DOWN]
    Agent 1: (18,12) -> (19,12) [DOWN]
    Agent 2: (1,4) -> (1,5) [RIGHT]
    Agent 3: (12,11) -> (11,11) [UP]
t=8:
    Agent 0: (11,9) -> (11,8) [LEFT]
    Agent 1: (19,12) -> (19,11) [LEFT]
    Agent 2: (1,5) -> (1,6) [RIGHT]
    Agent 3: (11,11) -> (10,11) [UP]
t=9:
    Agent 0: (11,8) -> (11,8) [WAIT]
    Agent 1: (19,11) -> (19,10) [LEFT]
    Agent 2: (1,6) -> (1,7) [RIGHT]
    Agent 3: (10,11) -> (9,11) [UP]
t=10:
    Agent 0: (11,8) -> (11,8) [WAIT]
    Agent 1: (19,10) -> (19,9) [LEFT]
    Agent 2: (1,7) -> (1,8) [RIGHT]
    Agent 3: (9,11) -> (8,11) [UP]
t=11:
    Agent 0: (11,8) -> (11,8) [WAIT]
    Agent 1: (19,9) -> (19,9) [WAIT]
    Agent 2: (1,8) -> (1,9) [RIGHT]
    Agent 3: (8,11) -> (7,11) [UP]
t=12:
    Agent 0: (11,8) -> (11,8) [WAIT]
    Agent 1: (19,9) -> (19,9) [WAIT]
    Agent 2: (1,9) -> (1,9) [WAIT]
    Agent 3: (7,11) -> (6,11) [UP]
t=13:
    Agent 0: (11,8) -> (11,8) [WAIT]
    Agent 1: (19,9) -> (19,9) [WAIT]
    Agent 2: (1,9) -> (1,9) [WAIT]
    Agent 3: (6,11) -> (5,11) [UP]
t=14:
    Agent 0: (11,8) -> (11,8) [WAIT]
    Agent 1: (19,9) -> (19,9) [WAIT]
    Agent 2: (1,9) -> (1,9) [WAIT]
    Agent 3: (5,11) -> (4,11) [UP]
t=15:
    Agent 0: (11,8) -> (11,8) [WAIT]
    Agent 1: (19,9) -> (19,9) [WAIT]
    Agent 2: (1,9) -> (1,9) [WAIT]
    Agent 3: (4,11) -> (3,11) [UP]
t=16:
    Agent 0: (11,8) -> (11,8) [WAIT]
    Agent 1: (19,9) -> (19,9) [WAIT]
    Agent 2: (1,9) -> (1,9) [WAIT]
    Agent 3: (3,11) -> (2,11) [UP]
t=17:
    Agent 0: (11,8) -> (11,8) [WAIT]
    Agent 1: (19,9) -> (19,9) [WAIT]
    Agent 2: (1,9) -> (1,9) [WAIT]
    Agent 3: (2,11) -> (1,11) [UP]
t=18:
    Agent 0: (11,8) -> (11,8) [WAIT]
    Agent 1: (19,9) -> (19,9) [WAIT]
    Agent 2: (1,9) -> (1,9) [WAIT]
    Agent 3: (1,11) -> (1,10) [LEFT]
t=19:
    Agent 0: (11,8) -> (11,8) [WAIT]
    Agent 1: (19,9) -> (19,9) [WAIT]
    Agent 2: (1,9) -> (1,9) [WAIT]
    Agent 3: (1,10) -> (1,9) [LEFT]
-------------------------

  -> Vertex collision detected: Agent 3 and 2 at (1, 9) at t=20
  -> Vertex collision detected: Agent 3 and 2 at (1, 9) at t=20
Node 0: Collision 3-2 at (1, 9) t=20

--- Paths by Timestep ---
t=0:
    Agent 0: (6,8) -> (6,7) [LEFT]
    Agent 1: (16,17) -> (17,17) [DOWN]
    Agent 2: (7,3) -> (6,3) [UP]
    Agent 3: (19,11) -> (18,11) [UP]
t=1:
    Agent 0: (6,7) -> (7,7) [DOWN]
    Agent 1: (17,17) -> (18,17) [DOWN]
    Agent 2: (6,3) -> (5,3) [UP]
    Agent 3: (18,11) -> (17,11) [UP]
t=2:
    Agent 0: (7,7) -> (8,7) [DOWN]
    Agent 1: (18,17) -> (18,16) [LEFT]
    Agent 2: (5,3) -> (4,3) [UP]
    Agent 3: (17,11) -> (16,11) [UP]
t=3:
    Agent 0: (8,7) -> (8,8) [RIGHT]
    Agent 1: (18,16) -> (18,15) [LEFT]
    Agent 2: (4,3) -> (3,3) [UP]
    Agent 3: (16,11) -> (15,11) [UP]
t=4:
    Agent 0: (8,8) -> (8,9) [RIGHT]
    Agent 1: (18,15) -> (18,14) [LEFT]
    Agent 2: (3,3) -> (2,3) [UP]
    Agent 3: (15,11) -> (14,11) [UP]
t=5:
    Agent 0: (8,9) -> (9,9) [DOWN]
    Agent 1: (18,14) -> (18,13) [LEFT]
    Agent 2: (2,3) -> (1,3) [UP]
    Agent 3: (14,11) -> (13,11) [UP]
t=6:
    Agent 0: (9,9) -> (10,9) [DOWN]
    Agent 1: (18,13) -> (18,12) [LEFT]
    Agent 2: (1,3) -> (1,4) [RIGHT]
    Agent 3: (13,11) -> (12,11) [UP]
t=7:
    Agent 0: (10,9) -> (11,9) [DOWN]
    Agent 1: (18,12) -> (19,12) [DOWN]
    Agent 2: (1,4) -> (1,5) [RIGHT]
    Agent 3: (12,11) -> (11,11) [UP]
t=8:
    Agent 0: (11,9) -> (11,8) [LEFT]
    Agent 1: (19,12) -> (19,11) [LEFT]
    Agent 2: (1,5) -> (1,6) [RIGHT]
    Agent 3: (11,11) -> (10,11) [UP]
t=9:
    Agent 0: (11,8) -> (11,8) [WAIT]
    Agent 1: (19,11) -> (19,10) [LEFT]
    Agent 2: (1,6) -> (1,7) [RIGHT]
    Agent 3: (10,11) -> (9,11) [UP]
t=10:
    Agent 0: (11,8) -> (11,8) [WAIT]
    Agent 1: (19,10) -> (19,9) [LEFT]
    Agent 2: (1,7) -> (1,8) [RIGHT]
    Agent 3: (9,11) -> (8,11) [UP]
t=11:
    Agent 0: (11,8) -> (11,8) [WAIT]
    Agent 1: (19,9) -> (19,9) [WAIT]
    Agent 2: (1,8) -> (1,9) [RIGHT]
    Agent 3: (8,11) -> (7,11) [UP]
t=12:
    Agent 0: (11,8) -> (11,8) [WAIT]
    Agent 1: (19,9) -> (19,9) [WAIT]
    Agent 2: (1,9) -> (1,9) [WAIT]
    Agent 3: (7,11) -> (6,11) [UP]
t=13:
    Agent 0: (11,8) -> (11,8) [WAIT]
    Agent 1: (19,9) -> (19,9) [WAIT]
    Agent 2: (1,9) -> (1,9) [WAIT]
    Agent 3: (6,11) -> (5,11) [UP]
t=14:
    Agent 0: (11,8) -> (11,8) [WAIT]
    Agent 1: (19,9) -> (19,9) [WAIT]
    Agent 2: (1,9) -> (1,9) [WAIT]
    Agent 3: (5,11) -> (4,11) [UP]
t=15:
    Agent 0: (11,8) -> (11,8) [WAIT]
    Agent 1: (19,9) -> (19,9) [WAIT]
    Agent 2: (1,9) -> (1,9) [WAIT]
    Agent 3: (4,11) -> (3,11) [UP]
t=16:
    Agent 0: (11,8) -> (11,8) [WAIT]
    Agent 1: (19,9) -> (19,9) [WAIT]
    Agent 2: (1,9) -> (1,9) [WAIT]
    Agent 3: (3,11) -> (2,11) [UP]
t=17:
    Agent 0: (11,8) -> (11,8) [WAIT]
    Agent 1: (19,9) -> (19,9) [WAIT]
    Agent 2: (1,9) -> (1,9) [WAIT]
    Agent 3: (2,11) -> (1,11) [UP]
t=18:
    Agent 0: (11,8) -> (11,8) [WAIT]
    Agent 1: (19,9) -> (19,9) [WAIT]
    Agent 2: (1,9) -> (1,9) [WAIT]
    Agent 3: (1,11) -> (1,10) [LEFT]
t=19:
    Agent 0: (11,8) -> (11,8) [WAIT]
    Agent 1: (19,9) -> (19,9) [WAIT]
    Agent 2: (1,9) -> (1,9) [WAIT]
    Agent 3: (1,10) -> (1,9) [LEFT]
-------------------------

  [PBS] Agent 3 t=19: forced WAIT at (1,10) due to VERTEX constraint (wanted (1,9))
  [PBS] Agent 3 t=20: forced WAIT at (1,10) due to VERTEX constraint (wanted (1,9))
  [PBS] Agent 3 t=21: forced WAIT at (1,10) due to VERTEX constraint (wanted (1,9))
  [PBS] Agent 3 t=22: forced WAIT at (1,10) due to VERTEX constraint (wanted (1,9))
  [PBS] Agent 3 t=23: forced WAIT at (1,10) due to VERTEX constraint (wanted (1,9))
  [PBS] Agent 3 t=24: forced WAIT at (1,10) due to VERTEX constraint (wanted (1,9))
  [PBS] Agent 3 t=25: forced WAIT at (1,10) due to VERTEX constraint (wanted (1,9))
  [PBS] Agent 3 t=26: forced WAIT at (1,10) due to VERTEX constraint (wanted (1,9))
  [PBS] Agent 3 t=27: forced WAIT at (1,10) due to VERTEX constraint (wanted (1,9))
  [PBS] Agent 3 t=28: forced WAIT at (1,10) due to VERTEX constraint (wanted (1,9))
  [PBS] Agent 3 t=29: forced WAIT at (1,10) due to VERTEX constraint (wanted (1,9))
  [PBS] Agent 3 t=30: forced WAIT at (1,10) due to VERTEX constraint (wanted (1,9))
  [PBS] Agent 3 t=31: forced WAIT at (1,10) due to VERTEX constraint (wanted (1,9))
  [PBS] Agent 3 t=32: forced WAIT at (1,10) due to VERTEX constraint (wanted (1,9))
  [PBS] Agent 3 t=33: forced WAIT at (1,10) due to VERTEX constraint (wanted (1,9))
  [PBS] Agent 3 t=34: forced WAIT at (1,10) due to VERTEX constraint (wanted (1,9))
  [PBS] Agent 3 t=35: forced WAIT at (1,10) due to VERTEX constraint (wanted (1,9))
  [PBS] Agent 3 t=36: forced WAIT at (1,10) due to VERTEX constraint (wanted (1,9))
  [PBS] Agent 3 t=37: forced WAIT at (1,10) due to VERTEX constraint (wanted (1,9))
  [PBS] Agent 3 t=38: forced WAIT at (1,10) due to VERTEX constraint (wanted (1,9))
  [PBS] Agent 3 t=39: forced WAIT at (1,10) due to VERTEX constraint (wanted (1,9))
  [PBS] Agent 3 t=40: forced WAIT at (1,10) due to VERTEX constraint (wanted (1,9))
  [PBS] Agent 3 t=41: forced WAIT at (1,10) due to VERTEX constraint (wanted (1,9))
  [PBS] Agent 3 t=42: forced WAIT at (1,10) due to VERTEX constraint (wanted (1,9))
  [PBS] Agent 3 t=43: forced WAIT at (1,10) due to VERTEX constraint (wanted (1,9))
  [PBS] Agent 3 t=44: forced WAIT at (1,10) due to VERTEX constraint (wanted (1,9))
  [PBS] Agent 3 t=45: forced WAIT at (1,10) due to VERTEX constraint (wanted (1,9))
  [PBS] Agent 3 t=46: forced WAIT at (1,10) due to VERTEX constraint (wanted (1,9))
  [PBS] Agent 3 t=47: forced WAIT at (1,10) due to VERTEX constraint (wanted (1,9))
  [PBS] Agent 3 t=48: forced WAIT at (1,10) due to VERTEX constraint (wanted (1,9))
  [PBS] Agent 3 t=49: forced WAIT at (1,10) due to VERTEX constraint (wanted (1,9))
  [PBS] Agent 3 t=50: forced WAIT at (1,10) due to VERTEX constraint (wanted (1,9))
  [PBS] Agent 3 t=51: forced WAIT at (1,10) due to VERTEX constraint (wanted (1,9))
  [PBS] Agent 3 t=52: forced WAIT at (1,10) due to VERTEX constraint (wanted (1,9))
  [PBS] Agent 3 t=53: forced WAIT at (1,10) due to VERTEX constraint (wanted (1,9))
  [PBS] Agent 3 t=54: forced WAIT at (1,10) due to VERTEX constraint (wanted (1,9))
  [PBS] Agent 3 t=55: forced WAIT at (1,10) due to VERTEX constraint (wanted (1,9))
  [PBS] Agent 3 t=56: forced WAIT at (1,10) due to VERTEX constraint (wanted (1,9))
  [PBS] Agent 3 t=57: forced WAIT at (1,10) due to VERTEX constraint (wanted (1,9))
  [PBS] Agent 3 t=58: forced WAIT at (1,10) due to VERTEX constraint (wanted (1,9))
  [PBS] Agent 3 t=59: forced WAIT at (1,10) due to VERTEX constraint (wanted (1,9))
  [PBS] Agent 3 t=60: forced WAIT at (1,10) due to VERTEX constraint (wanted (1,9))
  [PBS] Agent 3 t=61: forced WAIT at (1,10) due to VERTEX constraint (wanted (1,9))
  [PBS] Agent 3 t=62: forced WAIT at (1,10) due to VERTEX constraint (wanted (1,9))
  [PBS] Agent 3 t=63: forced WAIT at (1,10) due to VERTEX constraint (wanted (1,9))
  [PBS] Agent 3 t=64: forced WAIT at (1,10) due to VERTEX constraint (wanted (1,9))
  [PBS] Agent 3 t=65: forced WAIT at (1,10) due to VERTEX constraint (wanted (1,9))
  [PBS] Agent 3 t=66: forced WAIT at (1,10) due to VERTEX constraint (wanted (1,9))
  [PBS] Agent 3 t=67: forced WAIT at (1,10) due to VERTEX constraint (wanted (1,9))
  [PBS] Agent 3 t=68: forced WAIT at (1,10) due to VERTEX constraint (wanted (1,9))
  [PBS] Agent 3 t=69: forced WAIT at (1,10) due to VERTEX constraint (wanted (1,9))
  [PBS] Agent 3 t=70: forced WAIT at (1,10) due to VERTEX constraint (wanted (1,9))
  [PBS] Agent 3 t=71: forced WAIT at (1,10) due to VERTEX constraint (wanted (1,9))
  [PBS] Agent 3 t=72: forced WAIT at (1,10) due to VERTEX constraint (wanted (1,9))
  [PBS] Agent 3 t=73: forced WAIT at (1,10) due to VERTEX constraint (wanted (1,9))
  [PBS] Agent 3 t=74: forced WAIT at (1,10) due to VERTEX constraint (wanted (1,9))
  [PBS] Agent 3 t=75: forced WAIT at (1,10) due to VERTEX constraint (wanted (1,9))
  [PBS] Agent 3 t=76: forced WAIT at (1,10) due to VERTEX constraint (wanted (1,9))
  [PBS] Agent 3 t=77: forced WAIT at (1,10) due to VERTEX constraint (wanted (1,9))
  [PBS] Agent 3 t=78: forced WAIT at (1,10) due to VERTEX constraint (wanted (1,9))
  [PBS] Agent 3 t=79: forced WAIT at (1,10) due to VERTEX constraint (wanted (1,9))
  [PBS] Agent 3 t=80: forced WAIT at (1,10) due to VERTEX constraint (wanted (1,9))
  [PBS] Agent 3 t=81: forced WAIT at (1,10) due to VERTEX constraint (wanted (1,9))
  [PBS] Agent 3 t=82: forced WAIT at (1,10) due to VERTEX constraint (wanted (1,9))
  [PBS] Agent 3 t=83: forced WAIT at (1,10) due to VERTEX constraint (wanted (1,9))
  [PBS] Agent 3 t=84: forced WAIT at (1,10) due to VERTEX constraint (wanted (1,9))
  [PBS] Agent 3 t=85: forced WAIT at (1,10) due to VERTEX constraint (wanted (1,9))
  [PBS] Agent 3 t=86: forced WAIT at (1,10) due to VERTEX constraint (wanted (1,9))
  [PBS] Agent 3 t=87: forced WAIT at (1,10) due to VERTEX constraint (wanted (1,9))
  [PBS] Agent 3 t=88: forced WAIT at (1,10) due to VERTEX constraint (wanted (1,9))
  [PBS] Agent 3 t=89: forced WAIT at (1,10) due to VERTEX constraint (wanted (1,9))
  [PBS] Agent 3 t=90: forced WAIT at (1,10) due to VERTEX constraint (wanted (1,9))
  [PBS] Agent 3 t=91: forced WAIT at (1,10) due to VERTEX constraint (wanted (1,9))
  [PBS] Agent 3 t=92: forced WAIT at (1,10) due to VERTEX constraint (wanted (1,9))
  [PBS] Agent 3 t=93: forced WAIT at (1,10) due to VERTEX constraint (wanted (1,9))
  [PBS] Agent 3 t=94: forced WAIT at (1,10) due to VERTEX constraint (wanted (1,9))
  [PBS] Agent 3 t=95: forced WAIT at (1,10) due to VERTEX constraint (wanted (1,9))
  [PBS] Agent 3 t=96: forced WAIT at (1,10) due to VERTEX constraint (wanted (1,9))
  [PBS] Agent 3 t=97: forced WAIT at (1,10) due to VERTEX constraint (wanted (1,9))
  [PBS] Agent 3 t=98: forced WAIT at (1,10) due to VERTEX constraint (wanted (1,9))
  [PBS] Agent 3 t=99: forced WAIT at (1,10) due to VERTEX constraint (wanted (1,9))

--- Paths by Timestep ---
t=0:
    Agent 0: (6,8) -> (6,7) [LEFT]
    Agent 1: (16,17) -> (17,17) [DOWN]
    Agent 2: (7,3) -> (6,3) [UP]
    Agent 3: (19,11) -> (18,11) [UP]
t=1:
    Agent 0: (6,7) -> (7,7) [DOWN]
    Agent 1: (17,17) -> (18,17) [DOWN]
    Agent 2: (6,3) -> (5,3) [UP]
    Agent 3: (18,11) -> (17,11) [UP]
t=2:
    Agent 0: (7,7) -> (8,7) [DOWN]
    Agent 1: (18,17) -> (18,16) [LEFT]
    Agent 2: (5,3) -> (4,3) [UP]
    Agent 3: (17,11) -> (16,11) [UP]
t=3:
    Agent 0: (8,7) -> (8,8) [RIGHT]
    Agent 1: (18,16) -> (18,15) [LEFT]
    Agent 2: (4,3) -> (3,3) [UP]
    Agent 3: (16,11) -> (15,11) [UP]
t=4:
    Agent 0: (8,8) -> (8,9) [RIGHT]
    Agent 1: (18,15) -> (18,14) [LEFT]
    Agent 2: (3,3) -> (2,3) [UP]
    Agent 3: (15,11) -> (14,11) [UP]
t=5:
    Agent 0: (8,9) -> (9,9) [DOWN]
    Agent 1: (18,14) -> (18,13) [LEFT]
    Agent 2: (2,3) -> (1,3) [UP]
    Agent 3: (14,11) -> (13,11) [UP]
t=6:
    Agent 0: (9,9) -> (10,9) [DOWN]
    Agent 1: (18,13) -> (18,12) [LEFT]
    Agent 2: (1,3) -> (1,4) [RIGHT]
    Agent 3: (13,11) -> (12,11) [UP]
t=7:
    Agent 0: (10,9) -> (11,9) [DOWN]
    Agent 1: (18,12) -> (19,12) [DOWN]
    Agent 2: (1,4) -> (1,5) [RIGHT]
    Agent 3: (12,11) -> (11,11) [UP]
t=8:
    Agent 0: (11,9) -> (11,8) [LEFT]
    Agent 1: (19,12) -> (19,11) [LEFT]
    Agent 2: (1,5) -> (1,6) [RIGHT]
    Agent 3: (11,11) -> (10,11) [UP]
t=9:
    Agent 0: (11,8) -> (11,8) [WAIT]
    Agent 1: (19,11) -> (19,10) [LEFT]
    Agent 2: (1,6) -> (1,7) [RIGHT]
    Agent 3: (10,11) -> (9,11) [UP]
t=10:
    Agent 0: (11,8) -> (11,8) [WAIT]
    Agent 1: (19,10) -> (19,9) [LEFT]
    Agent 2: (1,7) -> (1,8) [RIGHT]
    Agent 3: (9,11) -> (8,11) [UP]
t=11:
    Agent 0: (11,8) -> (11,8) [WAIT]
    Agent 1: (19,9) -> (19,9) [WAIT]
    Agent 2: (1,8) -> (1,9) [RIGHT]
    Agent 3: (8,11) -> (7,11) [UP]
t=12:
    Agent 0: (11,8) -> (11,8) [WAIT]
    Agent 1: (19,9) -> (19,9) [WAIT]
    Agent 2: (1,9) -> (1,9) [WAIT]
    Agent 3: (7,11) -> (6,11) [UP]
t=13:
    Agent 0: (11,8) -> (11,8) [WAIT]
    Agent 1: (19,9) -> (19,9) [WAIT]
    Agent 2: (1,9) -> (1,9) [WAIT]
    Agent 3: (6,11) -> (5,11) [UP]
t=14:
    Agent 0: (11,8) -> (11,8) [WAIT]
    Agent 1: (19,9) -> (19,9) [WAIT]
    Agent 2: (1,9) -> (1,9) [WAIT]
    Agent 3: (5,11) -> (4,11) [UP]
t=15:
    Agent 0: (11,8) -> (11,8) [WAIT]
    Agent 1: (19,9) -> (19,9) [WAIT]
    Agent 2: (1,9) -> (1,9) [WAIT]
    Agent 3: (4,11) -> (3,11) [UP]
t=16:
    Agent 0: (11,8) -> (11,8) [WAIT]
    Agent 1: (19,9) -> (19,9) [WAIT]
    Agent 2: (1,9) -> (1,9) [WAIT]
    Agent 3: (3,11) -> (2,11) [UP]
t=17:
    Agent 0: (11,8) -> (11,8) [WAIT]
    Agent 1: (19,9) -> (19,9) [WAIT]
    Agent 2: (1,9) -> (1,9) [WAIT]
    Agent 3: (2,11) -> (1,11) [UP]
t=18:
    Agent 0: (11,8) -> (11,8) [WAIT]
    Agent 1: (19,9) -> (19,9) [WAIT]
    Agent 2: (1,9) -> (1,9) [WAIT]
    Agent 3: (1,11) -> (1,10) [LEFT]
t=19:
    Agent 0: (11,8) -> (11,8) [WAIT]
    Agent 1: (19,9) -> (19,9) [WAIT]
    Agent 2: (1,9) -> (1,9) [WAIT]
    Agent 3: (1,10) -> (1,10) [WAIT]
-------------------------

Solution found! Cost: 420

============================================================
PBS SEARCH TREE
============================================================
└── Node 0 | Collision: 3-2 at (1, 9) t=20 | Cost: 420 | Priorities: {}
    ├── Node 1 [Added: 3>2] | Cost: 420 | Priorities: {3>2}
    └── Node 2 [Added: 2>3] ✓ SOLUTION | Cost: 420 | Priorities: {2>3}

------------------------------------------------------------
Total nodes generated: 3
Total nodes expanded:  2
Solution found at Node 2
Final priorities: {2>3}
============================================================


--------------------------------------------------
Run 15: SOLVED in 0.23s
Nodes Generated: 3
Nodes Expanded:  2

Final path lengths:
  Agent 0: 9 steps
  Agent 1: 11 steps
  Agent 2: 12 steps
  Agent 3: 104 steps
--------------------------------------------------
