
--- Random Run 45/70 ---
Obstacle cells: 46 / 400
Agent Setup:
  Agent 0: (4, 11) -> (18, 2) (red)
  Agent 1: (4, 18) -> (14, 0) (blue)
  Agent 2: (1, 3) -> (12, 14) (green)
  Agent 3: (10, 6) -> (16, 19) (orange)
Starting PBS for 4 agents...

--- Paths by Timestep ---
t=0:
    Agent 0: (4,11) -> (4,10) [LEFT]
    Agent 1: (4,18) -> (4,17) [LEFT]
    Agent 2: (1,3) -> (2,3) [DOWN]
    Agent 3: (10,6) -> (11,6) [DOWN]
t=1:
    Agent 0: (4,10) -> (4,9) [LEFT]
    Agent 1: (4,17) -> (5,17) [DOWN]
    Agent 2: (2,3) -> (3,3) [DOWN]
    Agent 3: (11,6) -> (11,7) [RIGHT]
t=2:
    Agent 0: (4,9) -> (4,8) [LEFT]
    Agent 1: (5,17) -> (6,17) [DOWN]
    Agent 2: (3,3) -> (4,3) [DOWN]
    Agent 3: (11,7) -> (11,8) [RIGHT]
t=3:
    Agent 0: (4,8) -> (4,7) [LEFT]
    Agent 1: (6,17) -> (7,17) [DOWN]
    Agent 2: (4,3) -> (5,3) [DOWN]
    Agent 3: (11,8) -> (11,9) [RIGHT]
t=4:
    Agent 0: (4,7) -> (4,6) [LEFT]
    Agent 1: (7,17) -> (8,17) [DOWN]
    Agent 2: (5,3) -> (6,3) [DOWN]
    Agent 3: (11,9) -> (11,10) [RIGHT]
t=5:
    Agent 0: (4,6) -> (5,6) [DOWN]
    Agent 1: (8,17) -> (9,17) [DOWN]
    Agent 2: (6,3) -> (7,3) [DOWN]
    Agent 3: (11,10) -> (11,11) [RIGHT]
t=6:
    Agent 0: (5,6) -> (6,6) [DOWN]
    Agent 1: (9,17) -> (10,17) [DOWN]
    Agent 2: (7,3) -> (8,3) [DOWN]
    Agent 3: (11,11) -> (11,12) [RIGHT]
t=7:
    Agent 0: (6,6) -> (7,6) [DOWN]
    Agent 1: (10,17) -> (11,17) [DOWN]
    Agent 2: (8,3) -> (9,3) [DOWN]
    Agent 3: (11,12) -> (12,12) [DOWN]
t=8:
    Agent 0: (7,6) -> (8,6) [DOWN]
    Agent 1: (11,17) -> (12,17) [DOWN]
    Agent 2: (9,3) -> (10,3) [DOWN]
    Agent 3: (12,12) -> (12,13) [RIGHT]
t=9:
    Agent 0: (8,6) -> (9,6) [DOWN]
    Agent 1: (12,17) -> (12,16) [LEFT]
    Agent 2: (10,3) -> (10,4) [RIGHT]
    Agent 3: (12,13) -> (12,14) [RIGHT]
t=10:
    Agent 0: (9,6) -> (10,6) [DOWN]
    Agent 1: (12,16) -> (12,15) [LEFT]
    Agent 2: (10,4) -> (10,5) [RIGHT]
    Agent 3: (12,14) -> (12,15) [RIGHT]
t=11:
    Agent 0: (10,6) -> (11,6) [DOWN]
    Agent 1: (12,15) -> (12,14) [LEFT]
    Agent 2: (10,5) -> (11,5) [DOWN]
    Agent 3: (12,15) -> (13,15) [DOWN]
t=12:
    Agent 0: (11,6) -> (12,6) [DOWN]
    Agent 1: (12,14) -> (12,13) [LEFT]
    Agent 2: (11,5) -> (11,6) [RIGHT]
    Agent 3: (13,15) -> (14,15) [DOWN]
t=13:
    Agent 0: (12,6) -> (13,6) [DOWN]
    Agent 1: (12,13) -> (12,12) [LEFT]
    Agent 2: (11,6) -> (11,7) [RIGHT]
    Agent 3: (14,15) -> (15,15) [DOWN]
t=14:
    Agent 0: (13,6) -> (14,6) [DOWN]
    Agent 1: (12,12) -> (12,11) [LEFT]
    Agent 2: (11,7) -> (11,8) [RIGHT]
    Agent 3: (15,15) -> (15,16) [RIGHT]
t=15:
    Agent 0: (14,6) -> (15,6) [DOWN]
    Agent 1: (12,11) -> (13,11) [DOWN]
    Agent 2: (11,8) -> (11,9) [RIGHT]
    Agent 3: (15,16) -> (16,16) [DOWN]
t=16:
    Agent 0: (15,6) -> (15,5) [LEFT]
    Agent 1: (13,11) -> (13,10) [LEFT]
    Agent 2: (11,9) -> (11,10) [RIGHT]
    Agent 3: (16,16) -> (16,17) [RIGHT]
t=17:
    Agent 0: (15,5) -> (16,5) [DOWN]
    Agent 1: (13,10) -> (13,9) [LEFT]
    Agent 2: (11,10) -> (11,11) [RIGHT]
    Agent 3: (16,17) -> (16,18) [RIGHT]
t=18:
    Agent 0: (16,5) -> (17,5) [DOWN]
    Agent 1: (13,9) -> (14,9) [DOWN]
    Agent 2: (11,11) -> (11,12) [RIGHT]
    Agent 3: (16,18) -> (16,19) [RIGHT]
t=19:
    Agent 0: (17,5) -> (17,4) [LEFT]
    Agent 1: (14,9) -> (14,8) [LEFT]
    Agent 2: (11,12) -> (12,12) [DOWN]
    Agent 3: (16,19) -> (16,19) [WAIT]
-------------------------

  -> Vertex collision detected: Agent 3 and 1 at (12, 15) at t=11
  -> Vertex collision detected: Agent 3 and 1 at (12, 15) at t=11
Node 0: Collision 3-1 at (12, 15) t=11
  [PBS] Agent 1 t=10: forced WAIT at (12,16) due to VERTEX constraint (wanted (12,15))

--- Paths by Timestep ---
t=0:
    Agent 0: (4,11) -> (4,10) [LEFT]
    Agent 1: (4,18) -> (4,17) [LEFT]
    Agent 2: (1,3) -> (2,3) [DOWN]
    Agent 3: (10,6) -> (11,6) [DOWN]
t=1:
    Agent 0: (4,10) -> (4,9) [LEFT]
    Agent 1: (4,17) -> (5,17) [DOWN]
    Agent 2: (2,3) -> (3,3) [DOWN]
    Agent 3: (11,6) -> (11,7) [RIGHT]
t=2:
    Agent 0: (4,9) -> (4,8) [LEFT]
    Agent 1: (5,17) -> (6,17) [DOWN]
    Agent 2: (3,3) -> (4,3) [DOWN]
    Agent 3: (11,7) -> (11,8) [RIGHT]
t=3:
    Agent 0: (4,8) -> (4,7) [LEFT]
    Agent 1: (6,17) -> (7,17) [DOWN]
    Agent 2: (4,3) -> (5,3) [DOWN]
    Agent 3: (11,8) -> (11,9) [RIGHT]
t=4:
    Agent 0: (4,7) -> (4,6) [LEFT]
    Agent 1: (7,17) -> (8,17) [DOWN]
    Agent 2: (5,3) -> (6,3) [DOWN]
    Agent 3: (11,9) -> (11,10) [RIGHT]
t=5:
    Agent 0: (4,6) -> (5,6) [DOWN]
    Agent 1: (8,17) -> (9,17) [DOWN]
    Agent 2: (6,3) -> (7,3) [DOWN]
    Agent 3: (11,10) -> (11,11) [RIGHT]
t=6:
    Agent 0: (5,6) -> (6,6) [DOWN]
    Agent 1: (9,17) -> (10,17) [DOWN]
    Agent 2: (7,3) -> (8,3) [DOWN]
    Agent 3: (11,11) -> (11,12) [RIGHT]
t=7:
    Agent 0: (6,6) -> (7,6) [DOWN]
    Agent 1: (10,17) -> (11,17) [DOWN]
    Agent 2: (8,3) -> (9,3) [DOWN]
    Agent 3: (11,12) -> (12,12) [DOWN]
t=8:
    Agent 0: (7,6) -> (8,6) [DOWN]
    Agent 1: (11,17) -> (12,17) [DOWN]
    Agent 2: (9,3) -> (10,3) [DOWN]
    Agent 3: (12,12) -> (12,13) [RIGHT]
t=9:
    Agent 0: (8,6) -> (9,6) [DOWN]
    Agent 1: (12,17) -> (12,16) [LEFT]
    Agent 2: (10,3) -> (10,4) [RIGHT]
    Agent 3: (12,13) -> (12,14) [RIGHT]
t=10:
    Agent 0: (9,6) -> (10,6) [DOWN]
    Agent 1: (12,16) -> (12,16) [WAIT]
    Agent 2: (10,4) -> (10,5) [RIGHT]
    Agent 3: (12,14) -> (12,15) [RIGHT]
t=11:
    Agent 0: (10,6) -> (11,6) [DOWN]
    Agent 1: (12,16) -> (12,15) [LEFT]
    Agent 2: (10,5) -> (11,5) [DOWN]
    Agent 3: (12,15) -> (13,15) [DOWN]
t=12:
    Agent 0: (11,6) -> (12,6) [DOWN]
    Agent 1: (12,15) -> (12,14) [LEFT]
    Agent 2: (11,5) -> (11,6) [RIGHT]
    Agent 3: (13,15) -> (14,15) [DOWN]
t=13:
    Agent 0: (12,6) -> (13,6) [DOWN]
    Agent 1: (12,14) -> (12,13) [LEFT]
    Agent 2: (11,6) -> (11,7) [RIGHT]
    Agent 3: (14,15) -> (15,15) [DOWN]
t=14:
    Agent 0: (13,6) -> (14,6) [DOWN]
    Agent 1: (12,13) -> (12,12) [LEFT]
    Agent 2: (11,7) -> (11,8) [RIGHT]
    Agent 3: (15,15) -> (15,16) [RIGHT]
t=15:
    Agent 0: (14,6) -> (15,6) [DOWN]
    Agent 1: (12,12) -> (12,11) [LEFT]
    Agent 2: (11,8) -> (11,9) [RIGHT]
    Agent 3: (15,16) -> (16,16) [DOWN]
t=16:
    Agent 0: (15,6) -> (15,5) [LEFT]
    Agent 1: (12,11) -> (13,11) [DOWN]
    Agent 2: (11,9) -> (11,10) [RIGHT]
    Agent 3: (16,16) -> (16,17) [RIGHT]
t=17:
    Agent 0: (15,5) -> (16,5) [DOWN]
    Agent 1: (13,11) -> (13,10) [LEFT]
    Agent 2: (11,10) -> (11,11) [RIGHT]
    Agent 3: (16,17) -> (16,18) [RIGHT]
t=18:
    Agent 0: (16,5) -> (17,5) [DOWN]
    Agent 1: (13,10) -> (13,9) [LEFT]
    Agent 2: (11,11) -> (11,12) [RIGHT]
    Agent 3: (16,18) -> (16,19) [RIGHT]
t=19:
    Agent 0: (17,5) -> (17,4) [LEFT]
    Agent 1: (13,9) -> (14,9) [DOWN]
    Agent 2: (11,12) -> (12,12) [DOWN]
    Agent 3: (16,19) -> (16,19) [WAIT]
-------------------------

  [PBS] Agent 3 t=10: forced WAIT at (12,14) due to VERTEX constraint (wanted (12,15))
  [PBS] Agent 3 t=11: rerouted to (11,14) [UP] (wanted (12,15))

--- Paths by Timestep ---
t=0:
    Agent 0: (4,11) -> (4,10) [LEFT]
    Agent 1: (4,18) -> (4,17) [LEFT]
    Agent 2: (1,3) -> (2,3) [DOWN]
    Agent 3: (10,6) -> (11,6) [DOWN]
t=1:
    Agent 0: (4,10) -> (4,9) [LEFT]
    Agent 1: (4,17) -> (5,17) [DOWN]
    Agent 2: (2,3) -> (3,3) [DOWN]
    Agent 3: (11,6) -> (11,7) [RIGHT]
t=2:
    Agent 0: (4,9) -> (4,8) [LEFT]
    Agent 1: (5,17) -> (6,17) [DOWN]
    Agent 2: (3,3) -> (4,3) [DOWN]
    Agent 3: (11,7) -> (11,8) [RIGHT]
t=3:
    Agent 0: (4,8) -> (4,7) [LEFT]
    Agent 1: (6,17) -> (7,17) [DOWN]
    Agent 2: (4,3) -> (5,3) [DOWN]
    Agent 3: (11,8) -> (11,9) [RIGHT]
t=4:
    Agent 0: (4,7) -> (4,6) [LEFT]
    Agent 1: (7,17) -> (8,17) [DOWN]
    Agent 2: (5,3) -> (6,3) [DOWN]
    Agent 3: (11,9) -> (11,10) [RIGHT]
t=5:
    Agent 0: (4,6) -> (5,6) [DOWN]
    Agent 1: (8,17) -> (9,17) [DOWN]
    Agent 2: (6,3) -> (7,3) [DOWN]
    Agent 3: (11,10) -> (11,11) [RIGHT]
t=6:
    Agent 0: (5,6) -> (6,6) [DOWN]
    Agent 1: (9,17) -> (10,17) [DOWN]
    Agent 2: (7,3) -> (8,3) [DOWN]
    Agent 3: (11,11) -> (11,12) [RIGHT]
t=7:
    Agent 0: (6,6) -> (7,6) [DOWN]
    Agent 1: (10,17) -> (11,17) [DOWN]
    Agent 2: (8,3) -> (9,3) [DOWN]
    Agent 3: (11,12) -> (12,12) [DOWN]
t=8:
    Agent 0: (7,6) -> (8,6) [DOWN]
    Agent 1: (11,17) -> (12,17) [DOWN]
    Agent 2: (9,3) -> (10,3) [DOWN]
    Agent 3: (12,12) -> (12,13) [RIGHT]
t=9:
    Agent 0: (8,6) -> (9,6) [DOWN]
    Agent 1: (12,17) -> (12,16) [LEFT]
    Agent 2: (10,3) -> (10,4) [RIGHT]
    Agent 3: (12,13) -> (12,14) [RIGHT]
t=10:
    Agent 0: (9,6) -> (10,6) [DOWN]
    Agent 1: (12,16) -> (12,15) [LEFT]
    Agent 2: (10,4) -> (10,5) [RIGHT]
    Agent 3: (12,14) -> (12,14) [WAIT]
t=11:
    Agent 0: (10,6) -> (11,6) [DOWN]
    Agent 1: (12,15) -> (12,14) [LEFT]
    Agent 2: (10,5) -> (11,5) [DOWN]
    Agent 3: (12,14) -> (11,14) [UP]
t=12:
    Agent 0: (11,6) -> (12,6) [DOWN]
    Agent 1: (12,14) -> (12,13) [LEFT]
    Agent 2: (11,5) -> (11,6) [RIGHT]
    Agent 3: (11,14) -> (12,14) [DOWN]
t=13:
    Agent 0: (12,6) -> (13,6) [DOWN]
    Agent 1: (12,13) -> (12,12) [LEFT]
    Agent 2: (11,6) -> (11,7) [RIGHT]
    Agent 3: (12,14) -> (12,15) [RIGHT]
t=14:
    Agent 0: (13,6) -> (14,6) [DOWN]
    Agent 1: (12,12) -> (12,11) [LEFT]
    Agent 2: (11,7) -> (11,8) [RIGHT]
    Agent 3: (12,15) -> (13,15) [DOWN]
t=15:
    Agent 0: (14,6) -> (15,6) [DOWN]
    Agent 1: (12,11) -> (13,11) [DOWN]
    Agent 2: (11,8) -> (11,9) [RIGHT]
    Agent 3: (13,15) -> (14,15) [DOWN]
t=16:
    Agent 0: (15,6) -> (15,5) [LEFT]
    Agent 1: (13,11) -> (13,10) [LEFT]
    Agent 2: (11,9) -> (11,10) [RIGHT]
    Agent 3: (14,15) -> (15,15) [DOWN]
t=17:
    Agent 0: (15,5) -> (16,5) [DOWN]
    Agent 1: (13,10) -> (13,9) [LEFT]
    Agent 2: (11,10) -> (11,11) [RIGHT]
    Agent 3: (15,15) -> (15,16) [RIGHT]
t=18:
    Agent 0: (16,5) -> (17,5) [DOWN]
    Agent 1: (13,9) -> (14,9) [DOWN]
    Agent 2: (11,11) -> (11,12) [RIGHT]
    Agent 3: (15,16) -> (16,16) [DOWN]
t=19:
    Agent 0: (17,5) -> (17,4) [LEFT]
    Agent 1: (14,9) -> (14,8) [LEFT]
    Agent 2: (11,12) -> (12,12) [DOWN]
    Agent 3: (16,16) -> (16,17) [RIGHT]
-------------------------

Solution found! Cost: 420

============================================================
PBS SEARCH TREE
============================================================
└── Node 0 | Collision: 3-1 at (12, 15) t=11 | Cost: 420 | Priorities: {}
    ├── Node 1 [Added: 3>1] | Cost: 420 | Priorities: {3>1}
    └── Node 2 [Added: 1>3] ✓ SOLUTION | Cost: 420 | Priorities: {1>3}

------------------------------------------------------------
Total nodes generated: 3
Total nodes expanded:  2
Solution found at Node 2
Final priorities: {1>3}
============================================================


--------------------------------------------------
Run 45: SOLVED in 0.13s
Nodes Generated: 3
Nodes Expanded:  2

Final path lengths:
  Agent 0: 23 steps
  Agent 1: 28 steps
  Agent 2: 22 steps
  Agent 3: 22 steps
--------------------------------------------------
