
--- Random Run 26/70 ---
Obstacle cells: 40 / 400
Agent Setup:
  Agent 0: (8, 13) -> (18, 17) (red)
  Agent 1: (15, 1) -> (2, 1) (blue)
  Agent 2: (7, 4) -> (19, 17) (green)
  Agent 3: (7, 9) -> (19, 8) (orange)
Starting PBS for 4 agents...

--- Paths by Timestep ---
t=0:
    Agent 0: (8,13) -> (9,13) [DOWN]
    Agent 1: (15,1) -> (15,2) [RIGHT]
    Agent 2: (7,4) -> (8,4) [DOWN]
    Agent 3: (7,9) -> (8,9) [DOWN]
t=1:
    Agent 0: (9,13) -> (10,13) [DOWN]
    Agent 1: (15,2) -> (15,3) [RIGHT]
    Agent 2: (8,4) -> (8,5) [RIGHT]
    Agent 3: (8,9) -> (9,9) [DOWN]
t=2:
    Agent 0: (10,13) -> (11,13) [DOWN]
    Agent 1: (15,3) -> (14,3) [UP]
    Agent 2: (8,5) -> (9,5) [DOWN]
    Agent 3: (9,9) -> (10,9) [DOWN]
t=3:
    Agent 0: (11,13) -> (12,13) [DOWN]
    Agent 1: (14,3) -> (13,3) [UP]
    Agent 2: (9,5) -> (10,5) [DOWN]
    Agent 3: (10,9) -> (11,9) [DOWN]
t=4:
    Agent 0: (12,13) -> (12,14) [RIGHT]
    Agent 1: (13,3) -> (12,3) [UP]
    Agent 2: (10,5) -> (11,5) [DOWN]
    Agent 3: (11,9) -> (12,9) [DOWN]
t=5:
    Agent 0: (12,14) -> (13,14) [DOWN]
    Agent 1: (12,3) -> (11,3) [UP]
    Agent 2: (11,5) -> (11,6) [RIGHT]
    Agent 3: (12,9) -> (12,8) [LEFT]
t=6:
    Agent 0: (13,14) -> (14,14) [DOWN]
    Agent 1: (11,3) -> (10,3) [UP]
    Agent 2: (11,6) -> (12,6) [DOWN]
    Agent 3: (12,8) -> (13,8) [DOWN]
t=7:
    Agent 0: (14,14) -> (14,15) [RIGHT]
    Agent 1: (10,3) -> (9,3) [UP]
    Agent 2: (12,6) -> (13,6) [DOWN]
    Agent 3: (13,8) -> (14,8) [DOWN]
t=8:
    Agent 0: (14,15) -> (14,16) [RIGHT]
    Agent 1: (9,3) -> (8,3) [UP]
    Agent 2: (13,6) -> (14,6) [DOWN]
    Agent 3: (14,8) -> (15,8) [DOWN]
t=9:
    Agent 0: (14,16) -> (15,16) [DOWN]
    Agent 1: (8,3) -> (7,3) [UP]
    Agent 2: (14,6) -> (14,7) [RIGHT]
    Agent 3: (15,8) -> (16,8) [DOWN]
t=10:
    Agent 0: (15,16) -> (16,16) [DOWN]
    Agent 1: (7,3) -> (6,3) [UP]
    Agent 2: (14,7) -> (14,8) [RIGHT]
    Agent 3: (16,8) -> (17,8) [DOWN]
t=11:
    Agent 0: (16,16) -> (16,17) [RIGHT]
    Agent 1: (6,3) -> (5,3) [UP]
    Agent 2: (14,8) -> (14,9) [RIGHT]
    Agent 3: (17,8) -> (18,8) [DOWN]
t=12:
    Agent 0: (16,17) -> (17,17) [DOWN]
    Agent 1: (5,3) -> (4,3) [UP]
    Agent 2: (14,9) -> (14,10) [RIGHT]
    Agent 3: (18,8) -> (19,8) [DOWN]
t=13:
    Agent 0: (17,17) -> (18,17) [DOWN]
    Agent 1: (4,3) -> (3,3) [UP]
    Agent 2: (14,10) -> (14,11) [RIGHT]
    Agent 3: (19,8) -> (19,8) [WAIT]
t=14:
    Agent 0: (18,17) -> (18,17) [WAIT]
    Agent 1: (3,3) -> (2,3) [UP]
    Agent 2: (14,11) -> (14,12) [RIGHT]
    Agent 3: (19,8) -> (19,8) [WAIT]
t=15:
    Agent 0: (18,17) -> (18,17) [WAIT]
    Agent 1: (2,3) -> (2,2) [LEFT]
    Agent 2: (14,12) -> (14,13) [RIGHT]
    Agent 3: (19,8) -> (19,8) [WAIT]
t=16:
    Agent 0: (18,17) -> (18,17) [WAIT]
    Agent 1: (2,2) -> (2,1) [LEFT]
    Agent 2: (14,13) -> (14,14) [RIGHT]
    Agent 3: (19,8) -> (19,8) [WAIT]
t=17:
    Agent 0: (18,17) -> (18,17) [WAIT]
    Agent 1: (2,1) -> (2,1) [WAIT]
    Agent 2: (14,14) -> (14,15) [RIGHT]
    Agent 3: (19,8) -> (19,8) [WAIT]
t=18:
    Agent 0: (18,17) -> (18,17) [WAIT]
    Agent 1: (2,1) -> (2,1) [WAIT]
    Agent 2: (14,15) -> (14,16) [RIGHT]
    Agent 3: (19,8) -> (19,8) [WAIT]
t=19:
    Agent 0: (18,17) -> (18,17) [WAIT]
    Agent 1: (2,1) -> (2,1) [WAIT]
    Agent 2: (14,16) -> (15,16) [DOWN]
    Agent 3: (19,8) -> (19,8) [WAIT]
-------------------------

  -> Vertex collision detected: Agent 2 and 0 at (18, 17) at t=24
  -> Vertex collision detected: Agent 2 and 0 at (18, 17) at t=24
Node 0: Collision 2-0 at (18, 17) t=24

--- Paths by Timestep ---
t=0:
    Agent 0: (8,13) -> (9,13) [DOWN]
    Agent 1: (15,1) -> (15,2) [RIGHT]
    Agent 2: (7,4) -> (8,4) [DOWN]
    Agent 3: (7,9) -> (8,9) [DOWN]
t=1:
    Agent 0: (9,13) -> (10,13) [DOWN]
    Agent 1: (15,2) -> (15,3) [RIGHT]
    Agent 2: (8,4) -> (8,5) [RIGHT]
    Agent 3: (8,9) -> (9,9) [DOWN]
t=2:
    Agent 0: (10,13) -> (11,13) [DOWN]
    Agent 1: (15,3) -> (14,3) [UP]
    Agent 2: (8,5) -> (9,5) [DOWN]
    Agent 3: (9,9) -> (10,9) [DOWN]
t=3:
    Agent 0: (11,13) -> (12,13) [DOWN]
    Agent 1: (14,3) -> (13,3) [UP]
    Agent 2: (9,5) -> (10,5) [DOWN]
    Agent 3: (10,9) -> (11,9) [DOWN]
t=4:
    Agent 0: (12,13) -> (12,14) [RIGHT]
    Agent 1: (13,3) -> (12,3) [UP]
    Agent 2: (10,5) -> (11,5) [DOWN]
    Agent 3: (11,9) -> (12,9) [DOWN]
t=5:
    Agent 0: (12,14) -> (13,14) [DOWN]
    Agent 1: (12,3) -> (11,3) [UP]
    Agent 2: (11,5) -> (11,6) [RIGHT]
    Agent 3: (12,9) -> (12,8) [LEFT]
t=6:
    Agent 0: (13,14) -> (14,14) [DOWN]
    Agent 1: (11,3) -> (10,3) [UP]
    Agent 2: (11,6) -> (12,6) [DOWN]
    Agent 3: (12,8) -> (13,8) [DOWN]
t=7:
    Agent 0: (14,14) -> (14,15) [RIGHT]
    Agent 1: (10,3) -> (9,3) [UP]
    Agent 2: (12,6) -> (13,6) [DOWN]
    Agent 3: (13,8) -> (14,8) [DOWN]
t=8:
    Agent 0: (14,15) -> (14,16) [RIGHT]
    Agent 1: (9,3) -> (8,3) [UP]
    Agent 2: (13,6) -> (14,6) [DOWN]
    Agent 3: (14,8) -> (15,8) [DOWN]
t=9:
    Agent 0: (14,16) -> (15,16) [DOWN]
    Agent 1: (8,3) -> (7,3) [UP]
    Agent 2: (14,6) -> (14,7) [RIGHT]
    Agent 3: (15,8) -> (16,8) [DOWN]
t=10:
    Agent 0: (15,16) -> (16,16) [DOWN]
    Agent 1: (7,3) -> (6,3) [UP]
    Agent 2: (14,7) -> (14,8) [RIGHT]
    Agent 3: (16,8) -> (17,8) [DOWN]
t=11:
    Agent 0: (16,16) -> (16,17) [RIGHT]
    Agent 1: (6,3) -> (5,3) [UP]
    Agent 2: (14,8) -> (14,9) [RIGHT]
    Agent 3: (17,8) -> (18,8) [DOWN]
t=12:
    Agent 0: (16,17) -> (17,17) [DOWN]
    Agent 1: (5,3) -> (4,3) [UP]
    Agent 2: (14,9) -> (14,10) [RIGHT]
    Agent 3: (18,8) -> (19,8) [DOWN]
t=13:
    Agent 0: (17,17) -> (18,17) [DOWN]
    Agent 1: (4,3) -> (3,3) [UP]
    Agent 2: (14,10) -> (14,11) [RIGHT]
    Agent 3: (19,8) -> (19,8) [WAIT]
t=14:
    Agent 0: (18,17) -> (18,17) [WAIT]
    Agent 1: (3,3) -> (2,3) [UP]
    Agent 2: (14,11) -> (14,12) [RIGHT]
    Agent 3: (19,8) -> (19,8) [WAIT]
t=15:
    Agent 0: (18,17) -> (18,17) [WAIT]
    Agent 1: (2,3) -> (2,2) [LEFT]
    Agent 2: (14,12) -> (14,13) [RIGHT]
    Agent 3: (19,8) -> (19,8) [WAIT]
t=16:
    Agent 0: (18,17) -> (18,17) [WAIT]
    Agent 1: (2,2) -> (2,1) [LEFT]
    Agent 2: (14,13) -> (14,14) [RIGHT]
    Agent 3: (19,8) -> (19,8) [WAIT]
t=17:
    Agent 0: (18,17) -> (18,17) [WAIT]
    Agent 1: (2,1) -> (2,1) [WAIT]
    Agent 2: (14,14) -> (14,15) [RIGHT]
    Agent 3: (19,8) -> (19,8) [WAIT]
t=18:
    Agent 0: (18,17) -> (18,17) [WAIT]
    Agent 1: (2,1) -> (2,1) [WAIT]
    Agent 2: (14,15) -> (14,16) [RIGHT]
    Agent 3: (19,8) -> (19,8) [WAIT]
t=19:
    Agent 0: (18,17) -> (18,17) [WAIT]
    Agent 1: (2,1) -> (2,1) [WAIT]
    Agent 2: (14,16) -> (15,16) [DOWN]
    Agent 3: (19,8) -> (19,8) [WAIT]
-------------------------

  [PBS] Agent 2 t=23: forced WAIT at (17,17) due to VERTEX constraint (wanted (18,17))
  [PBS] Agent 2 t=24: forced WAIT at (17,17) due to VERTEX constraint (wanted (18,17))
  [PBS] Agent 2 t=25: forced WAIT at (17,17) due to VERTEX constraint (wanted (18,17))
  [PBS] Agent 2 t=26: forced WAIT at (17,17) due to VERTEX constraint (wanted (18,17))
  [PBS] Agent 2 t=27: forced WAIT at (17,17) due to VERTEX constraint (wanted (18,17))
  [PBS] Agent 2 t=28: forced WAIT at (17,17) due to VERTEX constraint (wanted (18,17))
  [PBS] Agent 2 t=29: forced WAIT at (17,17) due to VERTEX constraint (wanted (18,17))
  [PBS] Agent 2 t=30: forced WAIT at (17,17) due to VERTEX constraint (wanted (18,17))
  [PBS] Agent 2 t=31: forced WAIT at (17,17) due to VERTEX constraint (wanted (18,17))
  [PBS] Agent 2 t=32: forced WAIT at (17,17) due to VERTEX constraint (wanted (18,17))
  [PBS] Agent 2 t=33: forced WAIT at (17,17) due to VERTEX constraint (wanted (18,17))
  [PBS] Agent 2 t=34: forced WAIT at (17,17) due to VERTEX constraint (wanted (18,17))
  [PBS] Agent 2 t=35: forced WAIT at (17,17) due to VERTEX constraint (wanted (18,17))
  [PBS] Agent 2 t=36: forced WAIT at (17,17) due to VERTEX constraint (wanted (18,17))
  [PBS] Agent 2 t=37: forced WAIT at (17,17) due to VERTEX constraint (wanted (18,17))
  [PBS] Agent 2 t=38: forced WAIT at (17,17) due to VERTEX constraint (wanted (18,17))
  [PBS] Agent 2 t=39: forced WAIT at (17,17) due to VERTEX constraint (wanted (18,17))
  [PBS] Agent 2 t=40: forced WAIT at (17,17) due to VERTEX constraint (wanted (18,17))
  [PBS] Agent 2 t=41: forced WAIT at (17,17) due to VERTEX constraint (wanted (18,17))
  [PBS] Agent 2 t=42: forced WAIT at (17,17) due to VERTEX constraint (wanted (18,17))
  [PBS] Agent 2 t=43: forced WAIT at (17,17) due to VERTEX constraint (wanted (18,17))
  [PBS] Agent 2 t=44: forced WAIT at (17,17) due to VERTEX constraint (wanted (18,17))
  [PBS] Agent 2 t=45: forced WAIT at (17,17) due to VERTEX constraint (wanted (18,17))
  [PBS] Agent 2 t=46: forced WAIT at (17,17) due to VERTEX constraint (wanted (18,17))
  [PBS] Agent 2 t=47: forced WAIT at (17,17) due to VERTEX constraint (wanted (18,17))
  [PBS] Agent 2 t=48: forced WAIT at (17,17) due to VERTEX constraint (wanted (18,17))
  [PBS] Agent 2 t=49: forced WAIT at (17,17) due to VERTEX constraint (wanted (18,17))
  [PBS] Agent 2 t=50: forced WAIT at (17,17) due to VERTEX constraint (wanted (18,17))
  [PBS] Agent 2 t=51: forced WAIT at (17,17) due to VERTEX constraint (wanted (18,17))
  [PBS] Agent 2 t=52: forced WAIT at (17,17) due to VERTEX constraint (wanted (18,17))
  [PBS] Agent 2 t=53: forced WAIT at (17,17) due to VERTEX constraint (wanted (18,17))
  [PBS] Agent 2 t=54: forced WAIT at (17,17) due to VERTEX constraint (wanted (18,17))
  [PBS] Agent 2 t=55: forced WAIT at (17,17) due to VERTEX constraint (wanted (18,17))
  [PBS] Agent 2 t=56: forced WAIT at (17,17) due to VERTEX constraint (wanted (18,17))
  [PBS] Agent 2 t=57: forced WAIT at (17,17) due to VERTEX constraint (wanted (18,17))
  [PBS] Agent 2 t=58: forced WAIT at (17,17) due to VERTEX constraint (wanted (18,17))
  [PBS] Agent 2 t=59: forced WAIT at (17,17) due to VERTEX constraint (wanted (18,17))
  [PBS] Agent 2 t=60: forced WAIT at (17,17) due to VERTEX constraint (wanted (18,17))
  [PBS] Agent 2 t=61: forced WAIT at (17,17) due to VERTEX constraint (wanted (18,17))
  [PBS] Agent 2 t=62: forced WAIT at (17,17) due to VERTEX constraint (wanted (18,17))
  [PBS] Agent 2 t=63: forced WAIT at (17,17) due to VERTEX constraint (wanted (18,17))
  [PBS] Agent 2 t=64: forced WAIT at (17,17) due to VERTEX constraint (wanted (18,17))
  [PBS] Agent 2 t=65: forced WAIT at (17,17) due to VERTEX constraint (wanted (18,17))
  [PBS] Agent 2 t=66: forced WAIT at (17,17) due to VERTEX constraint (wanted (18,17))
  [PBS] Agent 2 t=67: forced WAIT at (17,17) due to VERTEX constraint (wanted (18,17))
  [PBS] Agent 2 t=68: forced WAIT at (17,17) due to VERTEX constraint (wanted (18,17))
  [PBS] Agent 2 t=69: forced WAIT at (17,17) due to VERTEX constraint (wanted (18,17))
  [PBS] Agent 2 t=70: forced WAIT at (17,17) due to VERTEX constraint (wanted (18,17))
  [PBS] Agent 2 t=71: forced WAIT at (17,17) due to VERTEX constraint (wanted (18,17))
  [PBS] Agent 2 t=72: forced WAIT at (17,17) due to VERTEX constraint (wanted (18,17))
  [PBS] Agent 2 t=73: forced WAIT at (17,17) due to VERTEX constraint (wanted (18,17))
  [PBS] Agent 2 t=74: forced WAIT at (17,17) due to VERTEX constraint (wanted (18,17))
  [PBS] Agent 2 t=75: forced WAIT at (17,17) due to VERTEX constraint (wanted (18,17))
  [PBS] Agent 2 t=76: forced WAIT at (17,17) due to VERTEX constraint (wanted (18,17))
  [PBS] Agent 2 t=77: forced WAIT at (17,17) due to VERTEX constraint (wanted (18,17))
  [PBS] Agent 2 t=78: forced WAIT at (17,17) due to VERTEX constraint (wanted (18,17))
  [PBS] Agent 2 t=79: forced WAIT at (17,17) due to VERTEX constraint (wanted (18,17))
  [PBS] Agent 2 t=80: forced WAIT at (17,17) due to VERTEX constraint (wanted (18,17))
  [PBS] Agent 2 t=81: forced WAIT at (17,17) due to VERTEX constraint (wanted (18,17))
  [PBS] Agent 2 t=82: forced WAIT at (17,17) due to VERTEX constraint (wanted (18,17))
  [PBS] Agent 2 t=83: forced WAIT at (17,17) due to VERTEX constraint (wanted (18,17))
  [PBS] Agent 2 t=84: forced WAIT at (17,17) due to VERTEX constraint (wanted (18,17))
  [PBS] Agent 2 t=85: forced WAIT at (17,17) due to VERTEX constraint (wanted (18,17))
  [PBS] Agent 2 t=86: forced WAIT at (17,17) due to VERTEX constraint (wanted (18,17))
  [PBS] Agent 2 t=87: forced WAIT at (17,17) due to VERTEX constraint (wanted (18,17))
  [PBS] Agent 2 t=88: forced WAIT at (17,17) due to VERTEX constraint (wanted (18,17))
  [PBS] Agent 2 t=89: forced WAIT at (17,17) due to VERTEX constraint (wanted (18,17))
  [PBS] Agent 2 t=90: forced WAIT at (17,17) due to VERTEX constraint (wanted (18,17))
  [PBS] Agent 2 t=91: forced WAIT at (17,17) due to VERTEX constraint (wanted (18,17))
  [PBS] Agent 2 t=92: forced WAIT at (17,17) due to VERTEX constraint (wanted (18,17))
  [PBS] Agent 2 t=93: forced WAIT at (17,17) due to VERTEX constraint (wanted (18,17))
  [PBS] Agent 2 t=94: forced WAIT at (17,17) due to VERTEX constraint (wanted (18,17))
  [PBS] Agent 2 t=95: forced WAIT at (17,17) due to VERTEX constraint (wanted (18,17))
  [PBS] Agent 2 t=96: forced WAIT at (17,17) due to VERTEX constraint (wanted (18,17))
  [PBS] Agent 2 t=97: forced WAIT at (17,17) due to VERTEX constraint (wanted (18,17))
  [PBS] Agent 2 t=98: forced WAIT at (17,17) due to VERTEX constraint (wanted (18,17))
  [PBS] Agent 2 t=99: forced WAIT at (17,17) due to VERTEX constraint (wanted (18,17))

--- Paths by Timestep ---
t=0:
    Agent 0: (8,13) -> (9,13) [DOWN]
    Agent 1: (15,1) -> (15,2) [RIGHT]
    Agent 2: (7,4) -> (8,4) [DOWN]
    Agent 3: (7,9) -> (8,9) [DOWN]
t=1:
    Agent 0: (9,13) -> (10,13) [DOWN]
    Agent 1: (15,2) -> (15,3) [RIGHT]
    Agent 2: (8,4) -> (8,5) [RIGHT]
    Agent 3: (8,9) -> (9,9) [DOWN]
t=2:
    Agent 0: (10,13) -> (11,13) [DOWN]
    Agent 1: (15,3) -> (14,3) [UP]
    Agent 2: (8,5) -> (9,5) [DOWN]
    Agent 3: (9,9) -> (10,9) [DOWN]
t=3:
    Agent 0: (11,13) -> (12,13) [DOWN]
    Agent 1: (14,3) -> (13,3) [UP]
    Agent 2: (9,5) -> (10,5) [DOWN]
    Agent 3: (10,9) -> (11,9) [DOWN]
t=4:
    Agent 0: (12,13) -> (12,14) [RIGHT]
    Agent 1: (13,3) -> (12,3) [UP]
    Agent 2: (10,5) -> (11,5) [DOWN]
    Agent 3: (11,9) -> (12,9) [DOWN]
t=5:
    Agent 0: (12,14) -> (13,14) [DOWN]
    Agent 1: (12,3) -> (11,3) [UP]
    Agent 2: (11,5) -> (11,6) [RIGHT]
    Agent 3: (12,9) -> (12,8) [LEFT]
t=6:
    Agent 0: (13,14) -> (14,14) [DOWN]
    Agent 1: (11,3) -> (10,3) [UP]
    Agent 2: (11,6) -> (12,6) [DOWN]
    Agent 3: (12,8) -> (13,8) [DOWN]
t=7:
    Agent 0: (14,14) -> (14,15) [RIGHT]
    Agent 1: (10,3) -> (9,3) [UP]
    Agent 2: (12,6) -> (13,6) [DOWN]
    Agent 3: (13,8) -> (14,8) [DOWN]
t=8:
    Agent 0: (14,15) -> (14,16) [RIGHT]
    Agent 1: (9,3) -> (8,3) [UP]
    Agent 2: (13,6) -> (14,6) [DOWN]
    Agent 3: (14,8) -> (15,8) [DOWN]
t=9:
    Agent 0: (14,16) -> (15,16) [DOWN]
    Agent 1: (8,3) -> (7,3) [UP]
    Agent 2: (14,6) -> (14,7) [RIGHT]
    Agent 3: (15,8) -> (16,8) [DOWN]
t=10:
    Agent 0: (15,16) -> (16,16) [DOWN]
    Agent 1: (7,3) -> (6,3) [UP]
    Agent 2: (14,7) -> (14,8) [RIGHT]
    Agent 3: (16,8) -> (17,8) [DOWN]
t=11:
    Agent 0: (16,16) -> (16,17) [RIGHT]
    Agent 1: (6,3) -> (5,3) [UP]
    Agent 2: (14,8) -> (14,9) [RIGHT]
    Agent 3: (17,8) -> (18,8) [DOWN]
t=12:
    Agent 0: (16,17) -> (17,17) [DOWN]
    Agent 1: (5,3) -> (4,3) [UP]
    Agent 2: (14,9) -> (14,10) [RIGHT]
    Agent 3: (18,8) -> (19,8) [DOWN]
t=13:
    Agent 0: (17,17) -> (18,17) [DOWN]
    Agent 1: (4,3) -> (3,3) [UP]
    Agent 2: (14,10) -> (14,11) [RIGHT]
    Agent 3: (19,8) -> (19,8) [WAIT]
t=14:
    Agent 0: (18,17) -> (18,17) [WAIT]
    Agent 1: (3,3) -> (2,3) [UP]
    Agent 2: (14,11) -> (14,12) [RIGHT]
    Agent 3: (19,8) -> (19,8) [WAIT]
t=15:
    Agent 0: (18,17) -> (18,17) [WAIT]
    Agent 1: (2,3) -> (2,2) [LEFT]
    Agent 2: (14,12) -> (14,13) [RIGHT]
    Agent 3: (19,8) -> (19,8) [WAIT]
t=16:
    Agent 0: (18,17) -> (18,17) [WAIT]
    Agent 1: (2,2) -> (2,1) [LEFT]
    Agent 2: (14,13) -> (14,14) [RIGHT]
    Agent 3: (19,8) -> (19,8) [WAIT]
t=17:
    Agent 0: (18,17) -> (18,17) [WAIT]
    Agent 1: (2,1) -> (2,1) [WAIT]
    Agent 2: (14,14) -> (14,15) [RIGHT]
    Agent 3: (19,8) -> (19,8) [WAIT]
t=18:
    Agent 0: (18,17) -> (18,17) [WAIT]
    Agent 1: (2,1) -> (2,1) [WAIT]
    Agent 2: (14,15) -> (14,16) [RIGHT]
    Agent 3: (19,8) -> (19,8) [WAIT]
t=19:
    Agent 0: (18,17) -> (18,17) [WAIT]
    Agent 1: (2,1) -> (2,1) [WAIT]
    Agent 2: (14,16) -> (15,16) [DOWN]
    Agent 3: (19,8) -> (19,8) [WAIT]
-------------------------

Solution found! Cost: 420

============================================================
PBS SEARCH TREE
============================================================
└── Node 0 | Collision: 2-0 at (18, 17) t=24 | Cost: 420 | Priorities: {}
    ├── Node 1 [Added: 2>0] | Cost: 420 | Priorities: {2>0}
    └── Node 2 [Added: 0>2] ✓ SOLUTION | Cost: 420 | Priorities: {0>2}

------------------------------------------------------------
Total nodes generated: 3
Total nodes expanded:  2
Solution found at Node 2
Final priorities: {0>2}
============================================================


--------------------------------------------------
Run 26: SOLVED in 0.17s
Nodes Generated: 3
Nodes Expanded:  2

Final path lengths:
  Agent 0: 14 steps
  Agent 1: 17 steps
  Agent 2: 104 steps
  Agent 3: 13 steps
--------------------------------------------------
